{"/home/ubuntu/Facturacion/facturacion-control/backend/src/controllers/contractController.js": {"path":"/home/ubuntu/Facturacion/facturacion-control/backend/src/controllers/contractController.js","statementMap":{"0":{"start":{"line":1,"column":17},"end":{"line":1,"column":46}},"1":{"start":{"line":2,"column":22},"end":{"line":2,"column":56}},"2":{"start":{"line":6,"column":32},"end":{"line":77,"column":1}},"3":{"start":{"line":7,"column":2},"end":{"line":76,"column":3}},"4":{"start":{"line":8,"column":46},"end":{"line":8,"column":55}},"5":{"start":{"line":10,"column":18},"end":{"line":10,"column":38}},"6":{"start":{"line":11,"column":4},"end":{"line":13,"column":5}},"7":{"start":{"line":12,"column":6},"end":{"line":12,"column":30}},"8":{"start":{"line":15,"column":22},"end":{"line":17,"column":48}},"9":{"start":{"line":20,"column":33},"end":{"line":69,"column":5}},"10":{"start":{"line":23,"column":8},"end":{"line":23,"column":50}},"11":{"start":{"line":25,"column":28},"end":{"line":25,"column":47}},"12":{"start":{"line":27,"column":8},"end":{"line":65,"column":9}},"13":{"start":{"line":29,"column":34},"end":{"line":29,"column":58}},"14":{"start":{"line":30,"column":33},"end":{"line":30,"column":35}},"15":{"start":{"line":32,"column":30},"end":{"line":32,"column":40}},"16":{"start":{"line":33,"column":10},"end":{"line":33,"column":70}},"17":{"start":{"line":35,"column":37},"end":{"line":51,"column":12}},"18":{"start":{"line":53,"column":41},"end":{"line":53,"column":45}},"19":{"start":{"line":54,"column":10},"end":{"line":57,"column":11}},"20":{"start":{"line":55,"column":35},"end":{"line":55,"column":76}},"21":{"start":{"line":56,"column":12},"end":{"line":56,"column":83}},"22":{"start":{"line":59,"column":10},"end":{"line":64,"column":12}},"23":{"start":{"line":67,"column":8},"end":{"line":67,"column":27}},"24":{"start":{"line":71,"column":4},"end":{"line":71,"column":35}},"25":{"start":{"line":74,"column":4},"end":{"line":74,"column":56}},"26":{"start":{"line":75,"column":4},"end":{"line":75,"column":53}},"27":{"start":{"line":80,"column":30},"end":{"line":129,"column":1}},"28":{"start":{"line":81,"column":2},"end":{"line":128,"column":3}},"29":{"start":{"line":82,"column":19},"end":{"line":82,"column":29}},"30":{"start":{"line":87,"column":8},"end":{"line":87,"column":16}},"31":{"start":{"line":89,"column":21},"end":{"line":89,"column":48}},"32":{"start":{"line":91,"column":4},"end":{"line":93,"column":5}},"33":{"start":{"line":92,"column":6},"end":{"line":92,"column":73}},"34":{"start":{"line":96,"column":4},"end":{"line":100,"column":5}},"35":{"start":{"line":97,"column":6},"end":{"line":99,"column":9}},"36":{"start":{"line":102,"column":4},"end":{"line":106,"column":5}},"37":{"start":{"line":103,"column":6},"end":{"line":105,"column":9}},"38":{"start":{"line":109,"column":4},"end":{"line":109,"column":37}},"39":{"start":{"line":110,"column":4},"end":{"line":110,"column":37}},"40":{"start":{"line":112,"column":4},"end":{"line":117,"column":5}},"41":{"start":{"line":113,"column":6},"end":{"line":116,"column":8}},"42":{"start":{"line":119,"column":4},"end":{"line":119,"column":46}},"43":{"start":{"line":121,"column":4},"end":{"line":121,"column":26}},"44":{"start":{"line":123,"column":4},"end":{"line":123,"column":23}},"45":{"start":{"line":126,"column":4},"end":{"line":126,"column":54}},"46":{"start":{"line":127,"column":4},"end":{"line":127,"column":53}},"47":{"start":{"line":132,"column":26},"end":{"line":176,"column":1}},"48":{"start":{"line":133,"column":2},"end":{"line":175,"column":3}},"49":{"start":{"line":134,"column":22},"end":{"line":137,"column":34}},"50":{"start":{"line":139,"column":19},"end":{"line":139,"column":21}},"51":{"start":{"line":141,"column":4},"end":{"line":161,"column":5}},"52":{"start":{"line":142,"column":6},"end":{"line":142,"column":48}},"53":{"start":{"line":144,"column":25},"end":{"line":144,"column":53}},"54":{"start":{"line":145,"column":21},"end":{"line":145,"column":41}},"55":{"start":{"line":147,"column":6},"end":{"line":160,"column":7}},"56":{"start":{"line":148,"column":8},"end":{"line":159,"column":11}},"57":{"start":{"line":164,"column":4},"end":{"line":168,"column":7}},"58":{"start":{"line":165,"column":6},"end":{"line":165,"column":66}},"59":{"start":{"line":165,"column":56},"end":{"line":165,"column":66}},"60":{"start":{"line":166,"column":6},"end":{"line":166,"column":65}},"61":{"start":{"line":166,"column":56},"end":{"line":166,"column":65}},"62":{"start":{"line":167,"column":6},"end":{"line":167,"column":59}},"63":{"start":{"line":170,"column":4},"end":{"line":170,"column":21}},"64":{"start":{"line":173,"column":4},"end":{"line":173,"column":54}},"65":{"start":{"line":174,"column":4},"end":{"line":174,"column":53}},"66":{"start":{"line":179,"column":29},"end":{"line":212,"column":1}},"67":{"start":{"line":180,"column":2},"end":{"line":211,"column":3}},"68":{"start":{"line":182,"column":26},"end":{"line":182,"column":80}},"69":{"start":{"line":184,"column":4},"end":{"line":204,"column":5}},"70":{"start":{"line":185,"column":23},"end":{"line":185,"column":72}},"71":{"start":{"line":187,"column":6},"end":{"line":203,"column":7}},"72":{"start":{"line":188,"column":8},"end":{"line":188,"column":50}},"73":{"start":{"line":191,"column":27},"end":{"line":191,"column":55}},"74":{"start":{"line":193,"column":8},"end":{"line":202,"column":9}},"75":{"start":{"line":201,"column":10},"end":{"line":201,"column":90}},"76":{"start":{"line":206,"column":4},"end":{"line":206,"column":11}},"77":{"start":{"line":209,"column":4},"end":{"line":209,"column":68}},"78":{"start":{"line":210,"column":4},"end":{"line":210,"column":11}},"79":{"start":{"line":214,"column":0},"end":{"line":219,"column":2}}},"fnMap":{"0":{"name":"(anonymous_0)","decl":{"start":{"line":6,"column":32},"end":{"line":6,"column":33}},"loc":{"start":{"line":6,"column":52},"end":{"line":77,"column":1}},"line":6},"1":{"name":"(anonymous_1)","decl":{"start":{"line":21,"column":20},"end":{"line":21,"column":21}},"loc":{"start":{"line":21,"column":40},"end":{"line":68,"column":7}},"line":21},"2":{"name":"(anonymous_2)","decl":{"start":{"line":80,"column":30},"end":{"line":80,"column":31}},"loc":{"start":{"line":80,"column":50},"end":{"line":129,"column":1}},"line":80},"3":{"name":"(anonymous_3)","decl":{"start":{"line":132,"column":26},"end":{"line":132,"column":27}},"loc":{"start":{"line":132,"column":46},"end":{"line":176,"column":1}},"line":132},"4":{"name":"(anonymous_4)","decl":{"start":{"line":164,"column":16},"end":{"line":164,"column":17}},"loc":{"start":{"line":164,"column":26},"end":{"line":168,"column":5}},"line":164},"5":{"name":"(anonymous_5)","decl":{"start":{"line":179,"column":29},"end":{"line":179,"column":30}},"loc":{"start":{"line":179,"column":55},"end":{"line":212,"column":1}},"line":179}},"branchMap":{"0":{"loc":{"start":{"line":8,"column":12},"end":{"line":8,"column":41}},"type":"default-arg","locations":[{"start":{"line":8,"column":36},"end":{"line":8,"column":41}}],"line":8},"1":{"loc":{"start":{"line":11,"column":4},"end":{"line":13,"column":5}},"type":"if","locations":[{"start":{"line":11,"column":4},"end":{"line":13,"column":5}},{"start":{},"end":{}}],"line":11},"2":{"loc":{"start":{"line":27,"column":8},"end":{"line":65,"column":9}},"type":"if","locations":[{"start":{"line":27,"column":8},"end":{"line":65,"column":9}},{"start":{},"end":{}}],"line":27},"3":{"loc":{"start":{"line":54,"column":10},"end":{"line":57,"column":11}},"type":"if","locations":[{"start":{"line":54,"column":10},"end":{"line":57,"column":11}},{"start":{},"end":{}}],"line":54},"4":{"loc":{"start":{"line":54,"column":14},"end":{"line":54,"column":92}},"type":"binary-expr","locations":[{"start":{"line":54,"column":14},"end":{"line":54,"column":43}},{"start":{"line":54,"column":47},"end":{"line":54,"column":92}}],"line":54},"5":{"loc":{"start":{"line":61,"column":39},"end":{"line":61,"column":86}},"type":"binary-expr","locations":[{"start":{"line":61,"column":39},"end":{"line":61,"column":81}},{"start":{"line":61,"column":85},"end":{"line":61,"column":86}}],"line":61},"6":{"loc":{"start":{"line":62,"column":32},"end":{"line":62,"column":74}},"type":"binary-expr","locations":[{"start":{"line":62,"column":32},"end":{"line":62,"column":69}},{"start":{"line":62,"column":73},"end":{"line":62,"column":74}}],"line":62},"7":{"loc":{"start":{"line":91,"column":4},"end":{"line":93,"column":5}},"type":"if","locations":[{"start":{"line":91,"column":4},"end":{"line":93,"column":5}},{"start":{},"end":{}}],"line":91},"8":{"loc":{"start":{"line":96,"column":4},"end":{"line":100,"column":5}},"type":"if","locations":[{"start":{"line":96,"column":4},"end":{"line":100,"column":5}},{"start":{},"end":{}}],"line":96},"9":{"loc":{"start":{"line":96,"column":8},"end":{"line":96,"column":54}},"type":"binary-expr","locations":[{"start":{"line":96,"column":8},"end":{"line":96,"column":18}},{"start":{"line":96,"column":23},"end":{"line":96,"column":34}},{"start":{"line":96,"column":38},"end":{"line":96,"column":53}}],"line":96},"10":{"loc":{"start":{"line":102,"column":4},"end":{"line":106,"column":5}},"type":"if","locations":[{"start":{"line":102,"column":4},"end":{"line":106,"column":5}},{"start":{},"end":{}}],"line":102},"11":{"loc":{"start":{"line":102,"column":8},"end":{"line":102,"column":58}},"type":"binary-expr","locations":[{"start":{"line":102,"column":8},"end":{"line":102,"column":18}},{"start":{"line":102,"column":22},"end":{"line":102,"column":58}}],"line":102},"12":{"loc":{"start":{"line":112,"column":4},"end":{"line":117,"column":5}},"type":"if","locations":[{"start":{"line":112,"column":4},"end":{"line":117,"column":5}},{"start":{},"end":{}}],"line":112},"13":{"loc":{"start":{"line":147,"column":6},"end":{"line":160,"column":7}},"type":"if","locations":[{"start":{"line":147,"column":6},"end":{"line":160,"column":7}},{"start":{},"end":{}}],"line":147},"14":{"loc":{"start":{"line":158,"column":17},"end":{"line":158,"column":59}},"type":"cond-expr","locations":[{"start":{"line":158,"column":40},"end":{"line":158,"column":47}},{"start":{"line":158,"column":50},"end":{"line":158,"column":59}}],"line":158},"15":{"loc":{"start":{"line":165,"column":6},"end":{"line":165,"column":66}},"type":"if","locations":[{"start":{"line":165,"column":6},"end":{"line":165,"column":66}},{"start":{},"end":{}}],"line":165},"16":{"loc":{"start":{"line":165,"column":10},"end":{"line":165,"column":54}},"type":"binary-expr","locations":[{"start":{"line":165,"column":10},"end":{"line":165,"column":29}},{"start":{"line":165,"column":33},"end":{"line":165,"column":54}}],"line":165},"17":{"loc":{"start":{"line":166,"column":6},"end":{"line":166,"column":65}},"type":"if","locations":[{"start":{"line":166,"column":6},"end":{"line":166,"column":65}},{"start":{},"end":{}}],"line":166},"18":{"loc":{"start":{"line":166,"column":10},"end":{"line":166,"column":54}},"type":"binary-expr","locations":[{"start":{"line":166,"column":10},"end":{"line":166,"column":31}},{"start":{"line":166,"column":35},"end":{"line":166,"column":54}}],"line":166},"19":{"loc":{"start":{"line":182,"column":26},"end":{"line":182,"column":80}},"type":"binary-expr","locations":[{"start":{"line":182,"column":26},"end":{"line":182,"column":51}},{"start":{"line":182,"column":55},"end":{"line":182,"column":80}}],"line":182},"20":{"loc":{"start":{"line":184,"column":4},"end":{"line":204,"column":5}},"type":"if","locations":[{"start":{"line":184,"column":4},"end":{"line":204,"column":5}},{"start":{},"end":{}}],"line":184},"21":{"loc":{"start":{"line":184,"column":8},"end":{"line":184,"column":49}},"type":"binary-expr","locations":[{"start":{"line":184,"column":8},"end":{"line":184,"column":21}},{"start":{"line":184,"column":25},"end":{"line":184,"column":49}}],"line":184},"22":{"loc":{"start":{"line":187,"column":6},"end":{"line":203,"column":7}},"type":"if","locations":[{"start":{"line":187,"column":6},"end":{"line":203,"column":7}},{"start":{},"end":{}}],"line":187},"23":{"loc":{"start":{"line":193,"column":8},"end":{"line":202,"column":9}},"type":"if","locations":[{"start":{"line":193,"column":8},"end":{"line":202,"column":9}},{"start":{},"end":{}}],"line":193},"24":{"loc":{"start":{"line":193,"column":12},"end":{"line":193,"column":82}},"type":"binary-expr","locations":[{"start":{"line":193,"column":12},"end":{"line":193,"column":31}},{"start":{"line":193,"column":35},"end":{"line":193,"column":82}}],"line":193}},"s":{"0":1,"1":1,"2":1,"3":0,"4":0,"5":0,"6":0,"7":0,"8":0,"9":0,"10":0,"11":0,"12":0,"13":0,"14":0,"15":0,"16":0,"17":0,"18":0,"19":0,"20":0,"21":0,"22":0,"23":0,"24":0,"25":0,"26":0,"27":1,"28":0,"29":0,"30":0,"31":0,"32":0,"33":0,"34":0,"35":0,"36":0,"37":0,"38":0,"39":0,"40":0,"41":0,"42":0,"43":0,"44":0,"45":0,"46":0,"47":1,"48":0,"49":0,"50":0,"51":0,"52":0,"53":0,"54":0,"55":0,"56":0,"57":0,"58":0,"59":0,"60":0,"61":0,"62":0,"63":0,"64":0,"65":0,"66":1,"67":0,"68":0,"69":0,"70":0,"71":0,"72":0,"73":0,"74":0,"75":0,"76":0,"77":0,"78":0,"79":1},"f":{"0":0,"1":0,"2":0,"3":0,"4":0,"5":0},"b":{"0":[0],"1":[0,0],"2":[0,0],"3":[0,0],"4":[0,0],"5":[0,0],"6":[0,0],"7":[0,0],"8":[0,0],"9":[0,0,0],"10":[0,0],"11":[0,0],"12":[0,0],"13":[0,0],"14":[0,0],"15":[0,0],"16":[0,0],"17":[0,0],"18":[0,0],"19":[0,0],"20":[0,0],"21":[0,0],"22":[0,0],"23":[0,0],"24":[0,0]},"_coverageSchema":"1a1c01bbd47fc00a2c39e90264f33305004495a9","hash":"af1de5a25dc3bbabb2d66b22a8f99b9ce4a95169"}
,"/home/ubuntu/Facturacion/facturacion-control/backend/src/controllers/patientController.js": {"path":"/home/ubuntu/Facturacion/facturacion-control/backend/src/controllers/patientController.js","statementMap":{"0":{"start":{"line":1,"column":16},"end":{"line":1,"column":44}},"1":{"start":{"line":2,"column":22},"end":{"line":2,"column":56}},"2":{"start":{"line":4,"column":20},"end":{"line":11,"column":1}},"3":{"start":{"line":5,"column":4},"end":{"line":10,"column":5}},"4":{"start":{"line":6,"column":25},"end":{"line":6,"column":61}},"5":{"start":{"line":7,"column":8},"end":{"line":7,"column":27}},"6":{"start":{"line":9,"column":8},"end":{"line":9,"column":57}},"7":{"start":{"line":14,"column":29},"end":{"line":66,"column":1}},"8":{"start":{"line":15,"column":4},"end":{"line":65,"column":5}},"9":{"start":{"line":16,"column":31},"end":{"line":16,"column":50}},"10":{"start":{"line":17,"column":8},"end":{"line":17,"column":59}},"11":{"start":{"line":20,"column":8},"end":{"line":25,"column":9}},"12":{"start":{"line":21,"column":12},"end":{"line":24,"column":15}},"13":{"start":{"line":28,"column":24},"end":{"line":31,"column":145}},"14":{"start":{"line":33,"column":8},"end":{"line":39,"column":9}},"15":{"start":{"line":34,"column":12},"end":{"line":38,"column":15}},"16":{"start":{"line":42,"column":32},"end":{"line":45,"column":10}},"17":{"start":{"line":48,"column":25},"end":{"line":55,"column":9}},"18":{"start":{"line":57,"column":8},"end":{"line":57,"column":27}},"19":{"start":{"line":59,"column":8},"end":{"line":59,"column":63}},"20":{"start":{"line":60,"column":8},"end":{"line":64,"column":11}},"21":{"start":{"line":68,"column":22},"end":{"line":107,"column":1}},"22":{"start":{"line":69,"column":4},"end":{"line":106,"column":5}},"23":{"start":{"line":71,"column":32},"end":{"line":73,"column":10}},"24":{"start":{"line":75,"column":8},"end":{"line":79,"column":9}},"25":{"start":{"line":76,"column":12},"end":{"line":78,"column":15}},"26":{"start":{"line":81,"column":28},"end":{"line":95,"column":9}},"27":{"start":{"line":97,"column":24},"end":{"line":97,"column":48}},"28":{"start":{"line":98,"column":29},"end":{"line":98,"column":49}},"29":{"start":{"line":99,"column":8},"end":{"line":99,"column":43}},"30":{"start":{"line":101,"column":8},"end":{"line":101,"column":56}},"31":{"start":{"line":102,"column":8},"end":{"line":105,"column":11}},"32":{"start":{"line":109,"column":22},"end":{"line":138,"column":1}},"33":{"start":{"line":110,"column":4},"end":{"line":137,"column":5}},"34":{"start":{"line":111,"column":28},"end":{"line":118,"column":9}},"35":{"start":{"line":120,"column":31},"end":{"line":124,"column":9}},"36":{"start":{"line":126,"column":8},"end":{"line":128,"column":9}},"37":{"start":{"line":127,"column":12},"end":{"line":127,"column":79}},"38":{"start":{"line":130,"column":8},"end":{"line":130,"column":33}},"39":{"start":{"line":132,"column":8},"end":{"line":132,"column":61}},"40":{"start":{"line":133,"column":8},"end":{"line":136,"column":11}},"41":{"start":{"line":141,"column":28},"end":{"line":153,"column":1}},"42":{"start":{"line":142,"column":19},"end":{"line":142,"column":21}},"43":{"start":{"line":144,"column":4},"end":{"line":146,"column":5}},"44":{"start":{"line":145,"column":8},"end":{"line":145,"column":68}},"45":{"start":{"line":148,"column":4},"end":{"line":150,"column":5}},"46":{"start":{"line":149,"column":8},"end":{"line":149,"column":48}},"47":{"start":{"line":152,"column":4},"end":{"line":152,"column":18}},"48":{"start":{"line":155,"column":0},"end":{"line":160,"column":2}}},"fnMap":{"0":{"name":"(anonymous_0)","decl":{"start":{"line":4,"column":20},"end":{"line":4,"column":21}},"loc":{"start":{"line":4,"column":40},"end":{"line":11,"column":1}},"line":4},"1":{"name":"(anonymous_1)","decl":{"start":{"line":14,"column":29},"end":{"line":14,"column":30}},"loc":{"start":{"line":14,"column":49},"end":{"line":66,"column":1}},"line":14},"2":{"name":"(anonymous_2)","decl":{"start":{"line":68,"column":22},"end":{"line":68,"column":23}},"loc":{"start":{"line":68,"column":42},"end":{"line":107,"column":1}},"line":68},"3":{"name":"(anonymous_3)","decl":{"start":{"line":109,"column":22},"end":{"line":109,"column":23}},"loc":{"start":{"line":109,"column":42},"end":{"line":138,"column":1}},"line":109},"4":{"name":"(anonymous_4)","decl":{"start":{"line":141,"column":28},"end":{"line":141,"column":29}},"loc":{"start":{"line":141,"column":38},"end":{"line":153,"column":1}},"line":141}},"branchMap":{"0":{"loc":{"start":{"line":20,"column":8},"end":{"line":25,"column":9}},"type":"if","locations":[{"start":{"line":20,"column":8},"end":{"line":25,"column":9}},{"start":{},"end":{}}],"line":20},"1":{"loc":{"start":{"line":20,"column":12},"end":{"line":20,"column":59}},"type":"binary-expr","locations":[{"start":{"line":20,"column":12},"end":{"line":20,"column":27}},{"start":{"line":20,"column":31},"end":{"line":20,"column":59}}],"line":20},"2":{"loc":{"start":{"line":33,"column":8},"end":{"line":39,"column":9}},"type":"if","locations":[{"start":{"line":33,"column":8},"end":{"line":39,"column":9}},{"start":{},"end":{}}],"line":33},"3":{"loc":{"start":{"line":75,"column":8},"end":{"line":79,"column":9}},"type":"if","locations":[{"start":{"line":75,"column":8},"end":{"line":79,"column":9}},{"start":{},"end":{}}],"line":75},"4":{"loc":{"start":{"line":85,"column":24},"end":{"line":85,"column":49}},"type":"binary-expr","locations":[{"start":{"line":85,"column":24},"end":{"line":85,"column":43}},{"start":{"line":85,"column":47},"end":{"line":85,"column":49}}],"line":85},"5":{"loc":{"start":{"line":87,"column":28},"end":{"line":87,"column":57}},"type":"binary-expr","locations":[{"start":{"line":87,"column":28},"end":{"line":87,"column":51}},{"start":{"line":87,"column":55},"end":{"line":87,"column":57}}],"line":87},"6":{"loc":{"start":{"line":94,"column":18},"end":{"line":94,"column":38}},"type":"binary-expr","locations":[{"start":{"line":94,"column":18},"end":{"line":94,"column":31}},{"start":{"line":94,"column":35},"end":{"line":94,"column":38}}],"line":94},"7":{"loc":{"start":{"line":126,"column":8},"end":{"line":128,"column":9}},"type":"if","locations":[{"start":{"line":126,"column":8},"end":{"line":128,"column":9}},{"start":{},"end":{}}],"line":126},"8":{"loc":{"start":{"line":144,"column":4},"end":{"line":146,"column":5}},"type":"if","locations":[{"start":{"line":144,"column":4},"end":{"line":146,"column":5}},{"start":{},"end":{}}],"line":144},"9":{"loc":{"start":{"line":144,"column":8},"end":{"line":144,"column":46}},"type":"binary-expr","locations":[{"start":{"line":144,"column":8},"end":{"line":144,"column":23}},{"start":{"line":144,"column":27},"end":{"line":144,"column":46}}],"line":144},"10":{"loc":{"start":{"line":148,"column":4},"end":{"line":150,"column":5}},"type":"if","locations":[{"start":{"line":148,"column":4},"end":{"line":150,"column":5}},{"start":{},"end":{}}],"line":148},"11":{"loc":{"start":{"line":148,"column":8},"end":{"line":148,"column":56}},"type":"binary-expr","locations":[{"start":{"line":148,"column":8},"end":{"line":148,"column":19}},{"start":{"line":148,"column":23},"end":{"line":148,"column":56}}],"line":148}},"s":{"0":1,"1":1,"2":1,"3":2,"4":2,"5":1,"6":1,"7":1,"8":0,"9":0,"10":0,"11":0,"12":0,"13":0,"14":0,"15":0,"16":0,"17":0,"18":0,"19":0,"20":0,"21":1,"22":0,"23":0,"24":0,"25":0,"26":0,"27":0,"28":0,"29":0,"30":0,"31":0,"32":1,"33":0,"34":0,"35":0,"36":0,"37":0,"38":0,"39":0,"40":0,"41":1,"42":0,"43":0,"44":0,"45":0,"46":0,"47":0,"48":1},"f":{"0":2,"1":0,"2":0,"3":0,"4":0},"b":{"0":[0,0],"1":[0,0],"2":[0,0],"3":[0,0],"4":[0,0],"5":[0,0],"6":[0,0],"7":[0,0],"8":[0,0],"9":[0,0],"10":[0,0],"11":[0,0]},"_coverageSchema":"1a1c01bbd47fc00a2c39e90264f33305004495a9","hash":"b452e696702f6e1ba93f355d6f63fc4f0ad5c189"}
,"/home/ubuntu/Facturacion/facturacion-control/backend/src/controllers/serviceController.js": {"path":"/home/ubuntu/Facturacion/facturacion-control/backend/src/controllers/serviceController.js","statementMap":{"0":{"start":{"line":1,"column":16},"end":{"line":1,"column":44}},"1":{"start":{"line":2,"column":22},"end":{"line":2,"column":56}},"2":{"start":{"line":3,"column":16},"end":{"line":3,"column":44}},"3":{"start":{"line":4,"column":16},"end":{"line":4,"column":44}},"4":{"start":{"line":5,"column":34},"end":{"line":5,"column":76}},"5":{"start":{"line":6,"column":33},"end":{"line":6,"column":77}},"6":{"start":{"line":8,"column":0},"end":{"line":8,"column":55}},"7":{"start":{"line":10,"column":28},"end":{"line":55,"column":1}},"8":{"start":{"line":11,"column":2},"end":{"line":54,"column":3}},"9":{"start":{"line":22,"column":8},"end":{"line":22,"column":16}},"10":{"start":{"line":25,"column":27},"end":{"line":30,"column":6}},"11":{"start":{"line":32,"column":4},"end":{"line":36,"column":5}},"12":{"start":{"line":33,"column":6},"end":{"line":35,"column":9}},"13":{"start":{"line":38,"column":26},"end":{"line":49,"column":6}},"14":{"start":{"line":51,"column":4},"end":{"line":51,"column":40}},"15":{"start":{"line":53,"column":4},"end":{"line":53,"column":53}},"16":{"start":{"line":57,"column":26},"end":{"line":89,"column":1}},"17":{"start":{"line":58,"column":2},"end":{"line":88,"column":3}},"18":{"start":{"line":65,"column":8},"end":{"line":65,"column":17}},"19":{"start":{"line":67,"column":18},"end":{"line":67,"column":20}},"20":{"start":{"line":69,"column":4},"end":{"line":74,"column":5}},"21":{"start":{"line":70,"column":6},"end":{"line":73,"column":8}},"22":{"start":{"line":76,"column":4},"end":{"line":76,"column":50}},"23":{"start":{"line":76,"column":20},"end":{"line":76,"column":50}},"24":{"start":{"line":77,"column":4},"end":{"line":77,"column":38}},"25":{"start":{"line":77,"column":16},"end":{"line":77,"column":38}},"26":{"start":{"line":78,"column":4},"end":{"line":78,"column":56}},"27":{"start":{"line":78,"column":22},"end":{"line":78,"column":56}},"28":{"start":{"line":80,"column":20},"end":{"line":83,"column":32}},"29":{"start":{"line":85,"column":4},"end":{"line":85,"column":22}},"30":{"start":{"line":87,"column":4},"end":{"line":87,"column":53}},"31":{"start":{"line":91,"column":27},"end":{"line":107,"column":1}},"32":{"start":{"line":92,"column":2},"end":{"line":106,"column":3}},"33":{"start":{"line":93,"column":23},"end":{"line":93,"column":31}},"34":{"start":{"line":94,"column":19},"end":{"line":94,"column":62}},"35":{"start":{"line":96,"column":4},"end":{"line":98,"column":5}},"36":{"start":{"line":97,"column":6},"end":{"line":97,"column":73}},"37":{"start":{"line":100,"column":4},"end":{"line":100,"column":27}},"38":{"start":{"line":101,"column":4},"end":{"line":101,"column":24}},"39":{"start":{"line":103,"column":4},"end":{"line":103,"column":21}},"40":{"start":{"line":105,"column":4},"end":{"line":105,"column":53}},"41":{"start":{"line":110,"column":27},"end":{"line":220,"column":1}},"42":{"start":{"line":111,"column":2},"end":{"line":111,"column":73}},"43":{"start":{"line":112,"column":2},"end":{"line":219,"column":3}},"44":{"start":{"line":113,"column":33},"end":{"line":113,"column":43}},"45":{"start":{"line":114,"column":6},"end":{"line":114,"column":72}},"46":{"start":{"line":116,"column":6},"end":{"line":121,"column":5}},"47":{"start":{"line":117,"column":8},"end":{"line":120,"column":11}},"48":{"start":{"line":125,"column":22},"end":{"line":125,"column":229}},"49":{"start":{"line":127,"column":6},"end":{"line":132,"column":7}},"50":{"start":{"line":128,"column":10},"end":{"line":131,"column":13}},"51":{"start":{"line":135,"column":29},"end":{"line":138,"column":41}},"52":{"start":{"line":141,"column":25},"end":{"line":141,"column":65}},"53":{"start":{"line":141,"column":54},"end":{"line":141,"column":64}},"54":{"start":{"line":142,"column":23},"end":{"line":144,"column":58}},"55":{"start":{"line":147,"column":34},"end":{"line":147,"column":43}},"56":{"start":{"line":148,"column":6},"end":{"line":157,"column":9}},"57":{"start":{"line":149,"column":10},"end":{"line":156,"column":13}},"58":{"start":{"line":150,"column":14},"end":{"line":155,"column":15}},"59":{"start":{"line":151,"column":18},"end":{"line":154,"column":21}},"60":{"start":{"line":160,"column":29},"end":{"line":160,"column":88}},"61":{"start":{"line":160,"column":70},"end":{"line":160,"column":85}},"62":{"start":{"line":161,"column":29},"end":{"line":163,"column":15}},"63":{"start":{"line":166,"column":32},"end":{"line":169,"column":12}},"64":{"start":{"line":167,"column":10},"end":{"line":167,"column":40}},"65":{"start":{"line":168,"column":10},"end":{"line":168,"column":21}},"66":{"start":{"line":172,"column":29},"end":{"line":174,"column":7}},"67":{"start":{"line":173,"column":16},"end":{"line":173,"column":40}},"68":{"start":{"line":175,"column":6},"end":{"line":177,"column":7}},"69":{"start":{"line":176,"column":8},"end":{"line":176,"column":67}},"70":{"start":{"line":180,"column":34},"end":{"line":194,"column":8}},"71":{"start":{"line":181,"column":33},"end":{"line":181,"column":79}},"72":{"start":{"line":182,"column":25},"end":{"line":182,"column":59}},"73":{"start":{"line":184,"column":10},"end":{"line":193,"column":12}},"74":{"start":{"line":197,"column":6},"end":{"line":205,"column":9}},"75":{"start":{"line":202,"column":67},"end":{"line":202,"column":82}},"76":{"start":{"line":203,"column":63},"end":{"line":203,"column":79}},"77":{"start":{"line":206,"column":6},"end":{"line":206,"column":124}},"78":{"start":{"line":207,"column":6},"end":{"line":210,"column":9}},"79":{"start":{"line":213,"column":6},"end":{"line":213,"column":59}},"80":{"start":{"line":214,"column":6},"end":{"line":218,"column":9}},"81":{"start":{"line":222,"column":23},"end":{"line":243,"column":1}},"82":{"start":{"line":223,"column":2},"end":{"line":242,"column":3}},"83":{"start":{"line":224,"column":19},"end":{"line":224,"column":29}},"84":{"start":{"line":225,"column":43},"end":{"line":225,"column":51}},"85":{"start":{"line":227,"column":20},"end":{"line":227,"column":52}},"86":{"start":{"line":229,"column":4},"end":{"line":231,"column":5}},"87":{"start":{"line":230,"column":6},"end":{"line":230,"column":73}},"88":{"start":{"line":233,"column":4},"end":{"line":233,"column":36}},"89":{"start":{"line":234,"column":4},"end":{"line":234,"column":30}},"90":{"start":{"line":235,"column":4},"end":{"line":235,"column":26}},"91":{"start":{"line":237,"column":4},"end":{"line":237,"column":25}},"92":{"start":{"line":239,"column":4},"end":{"line":239,"column":22}},"93":{"start":{"line":241,"column":4},"end":{"line":241,"column":53}},"94":{"start":{"line":245,"column":36},"end":{"line":291,"column":1}},"95":{"start":{"line":246,"column":2},"end":{"line":290,"column":3}},"96":{"start":{"line":257,"column":8},"end":{"line":257,"column":16}},"97":{"start":{"line":261,"column":26},"end":{"line":272,"column":6}},"98":{"start":{"line":275,"column":4},"end":{"line":275,"column":46}},"99":{"start":{"line":277,"column":4},"end":{"line":281,"column":7}},"100":{"start":{"line":284,"column":4},"end":{"line":284,"column":52}},"101":{"start":{"line":285,"column":4},"end":{"line":289,"column":7}},"102":{"start":{"line":293,"column":0},"end":{"line":300,"column":2}}},"fnMap":{"0":{"name":"(anonymous_0)","decl":{"start":{"line":10,"column":28},"end":{"line":10,"column":29}},"loc":{"start":{"line":10,"column":48},"end":{"line":55,"column":1}},"line":10},"1":{"name":"(anonymous_1)","decl":{"start":{"line":57,"column":26},"end":{"line":57,"column":27}},"loc":{"start":{"line":57,"column":46},"end":{"line":89,"column":1}},"line":57},"2":{"name":"(anonymous_2)","decl":{"start":{"line":91,"column":27},"end":{"line":91,"column":28}},"loc":{"start":{"line":91,"column":47},"end":{"line":107,"column":1}},"line":91},"3":{"name":"(anonymous_3)","decl":{"start":{"line":110,"column":27},"end":{"line":110,"column":28}},"loc":{"start":{"line":110,"column":47},"end":{"line":220,"column":1}},"line":110},"4":{"name":"(anonymous_4)","decl":{"start":{"line":141,"column":44},"end":{"line":141,"column":45}},"loc":{"start":{"line":141,"column":54},"end":{"line":141,"column":64}},"line":141},"5":{"name":"(anonymous_5)","decl":{"start":{"line":148,"column":23},"end":{"line":148,"column":24}},"loc":{"start":{"line":148,"column":34},"end":{"line":157,"column":7}},"line":148},"6":{"name":"(anonymous_6)","decl":{"start":{"line":149,"column":35},"end":{"line":149,"column":36}},"loc":{"start":{"line":149,"column":46},"end":{"line":156,"column":11}},"line":149},"7":{"name":"(anonymous_7)","decl":{"start":{"line":160,"column":60},"end":{"line":160,"column":61}},"loc":{"start":{"line":160,"column":70},"end":{"line":160,"column":85}},"line":160},"8":{"name":"(anonymous_8)","decl":{"start":{"line":166,"column":54},"end":{"line":166,"column":55}},"loc":{"start":{"line":166,"column":71},"end":{"line":169,"column":7}},"line":166},"9":{"name":"(anonymous_9)","decl":{"start":{"line":173,"column":8},"end":{"line":173,"column":9}},"loc":{"start":{"line":173,"column":16},"end":{"line":173,"column":40}},"line":173},"10":{"name":"(anonymous_10)","decl":{"start":{"line":180,"column":53},"end":{"line":180,"column":54}},"loc":{"start":{"line":180,"column":63},"end":{"line":194,"column":7}},"line":180},"11":{"name":"(anonymous_11)","decl":{"start":{"line":202,"column":62},"end":{"line":202,"column":63}},"loc":{"start":{"line":202,"column":67},"end":{"line":202,"column":82}},"line":202},"12":{"name":"(anonymous_12)","decl":{"start":{"line":203,"column":58},"end":{"line":203,"column":59}},"loc":{"start":{"line":203,"column":63},"end":{"line":203,"column":79}},"line":203},"13":{"name":"(anonymous_13)","decl":{"start":{"line":222,"column":23},"end":{"line":222,"column":24}},"loc":{"start":{"line":222,"column":43},"end":{"line":243,"column":1}},"line":222},"14":{"name":"(anonymous_14)","decl":{"start":{"line":245,"column":36},"end":{"line":245,"column":37}},"loc":{"start":{"line":245,"column":56},"end":{"line":291,"column":1}},"line":245}},"branchMap":{"0":{"loc":{"start":{"line":32,"column":4},"end":{"line":36,"column":5}},"type":"if","locations":[{"start":{"line":32,"column":4},"end":{"line":36,"column":5}},{"start":{},"end":{}}],"line":32},"1":{"loc":{"start":{"line":69,"column":4},"end":{"line":74,"column":5}},"type":"if","locations":[{"start":{"line":69,"column":4},"end":{"line":74,"column":5}},{"start":{},"end":{}}],"line":69},"2":{"loc":{"start":{"line":69,"column":8},"end":{"line":69,"column":28}},"type":"binary-expr","locations":[{"start":{"line":69,"column":8},"end":{"line":69,"column":17}},{"start":{"line":69,"column":21},"end":{"line":69,"column":28}}],"line":69},"3":{"loc":{"start":{"line":76,"column":4},"end":{"line":76,"column":50}},"type":"if","locations":[{"start":{"line":76,"column":4},"end":{"line":76,"column":50}},{"start":{},"end":{}}],"line":76},"4":{"loc":{"start":{"line":77,"column":4},"end":{"line":77,"column":38}},"type":"if","locations":[{"start":{"line":77,"column":4},"end":{"line":77,"column":38}},{"start":{},"end":{}}],"line":77},"5":{"loc":{"start":{"line":78,"column":4},"end":{"line":78,"column":56}},"type":"if","locations":[{"start":{"line":78,"column":4},"end":{"line":78,"column":56}},{"start":{},"end":{}}],"line":78},"6":{"loc":{"start":{"line":96,"column":4},"end":{"line":98,"column":5}},"type":"if","locations":[{"start":{"line":96,"column":4},"end":{"line":98,"column":5}},{"start":{},"end":{}}],"line":96},"7":{"loc":{"start":{"line":116,"column":6},"end":{"line":121,"column":5}},"type":"if","locations":[{"start":{"line":116,"column":6},"end":{"line":121,"column":5}},{"start":{},"end":{}}],"line":116},"8":{"loc":{"start":{"line":127,"column":6},"end":{"line":132,"column":7}},"type":"if","locations":[{"start":{"line":127,"column":6},"end":{"line":132,"column":7}},{"start":{},"end":{}}],"line":127},"9":{"loc":{"start":{"line":150,"column":14},"end":{"line":155,"column":15}},"type":"if","locations":[{"start":{"line":150,"column":14},"end":{"line":155,"column":15}},{"start":{},"end":{}}],"line":150},"10":{"loc":{"start":{"line":175,"column":6},"end":{"line":177,"column":7}},"type":"if","locations":[{"start":{"line":175,"column":6},"end":{"line":177,"column":7}},{"start":{},"end":{}}],"line":175},"11":{"loc":{"start":{"line":188,"column":27},"end":{"line":188,"column":59}},"type":"cond-expr","locations":[{"start":{"line":188,"column":36},"end":{"line":188,"column":54}},{"start":{"line":188,"column":57},"end":{"line":188,"column":59}}],"line":188},"12":{"loc":{"start":{"line":191,"column":29},"end":{"line":191,"column":81}},"type":"cond-expr","locations":[{"start":{"line":191,"column":46},"end":{"line":191,"column":74}},{"start":{"line":191,"column":77},"end":{"line":191,"column":81}}],"line":191},"13":{"loc":{"start":{"line":192,"column":25},"end":{"line":192,"column":73}},"type":"cond-expr","locations":[{"start":{"line":192,"column":42},"end":{"line":192,"column":66}},{"start":{"line":192,"column":69},"end":{"line":192,"column":73}}],"line":192},"14":{"loc":{"start":{"line":206,"column":88},"end":{"line":206,"column":122}},"type":"binary-expr","locations":[{"start":{"line":206,"column":88},"end":{"line":206,"column":104}},{"start":{"line":206,"column":108},"end":{"line":206,"column":122}}],"line":206},"15":{"loc":{"start":{"line":208,"column":16},"end":{"line":208,"column":51}},"type":"binary-expr","locations":[{"start":{"line":208,"column":16},"end":{"line":208,"column":32}},{"start":{"line":208,"column":36},"end":{"line":208,"column":51}}],"line":208},"16":{"loc":{"start":{"line":229,"column":4},"end":{"line":231,"column":5}},"type":"if","locations":[{"start":{"line":229,"column":4},"end":{"line":231,"column":5}},{"start":{},"end":{}}],"line":229}},"s":{"0":1,"1":1,"2":1,"3":1,"4":1,"5":1,"6":1,"7":1,"8":3,"9":3,"10":3,"11":2,"12":1,"13":1,"14":1,"15":1,"16":1,"17":4,"18":4,"19":4,"20":4,"21":1,"22":4,"23":1,"24":4,"25":1,"26":4,"27":1,"28":4,"29":3,"30":1,"31":1,"32":0,"33":0,"34":0,"35":0,"36":0,"37":0,"38":0,"39":0,"40":0,"41":1,"42":0,"43":0,"44":0,"45":0,"46":0,"47":0,"48":0,"49":0,"50":0,"51":0,"52":0,"53":0,"54":0,"55":0,"56":0,"57":0,"58":0,"59":0,"60":0,"61":0,"62":0,"63":0,"64":0,"65":0,"66":0,"67":0,"68":0,"69":0,"70":0,"71":0,"72":0,"73":0,"74":0,"75":0,"76":0,"77":0,"78":0,"79":0,"80":0,"81":1,"82":0,"83":0,"84":0,"85":0,"86":0,"87":0,"88":0,"89":0,"90":0,"91":0,"92":0,"93":0,"94":1,"95":0,"96":0,"97":0,"98":0,"99":0,"100":0,"101":0,"102":1},"f":{"0":3,"1":4,"2":0,"3":0,"4":0,"5":0,"6":0,"7":0,"8":0,"9":0,"10":0,"11":0,"12":0,"13":0,"14":0},"b":{"0":[1,1],"1":[1,3],"2":[4,1],"3":[1,3],"4":[1,3],"5":[1,3],"6":[0,0],"7":[0,0],"8":[0,0],"9":[0,0],"10":[0,0],"11":[0,0],"12":[0,0],"13":[0,0],"14":[0,0],"15":[0,0],"16":[0,0]},"_coverageSchema":"1a1c01bbd47fc00a2c39e90264f33305004495a9","hash":"76d97ee8e88eb60d4e3939500bfcb251525430d7"}
,"/home/ubuntu/Facturacion/facturacion-control/backend/src/controllers/userController.js": {"path":"/home/ubuntu/Facturacion/facturacion-control/backend/src/controllers/userController.js","statementMap":{"0":{"start":{"line":1,"column":15},"end":{"line":1,"column":34}},"1":{"start":{"line":2,"column":35},"end":{"line":2,"column":60}},"2":{"start":{"line":3,"column":15},"end":{"line":3,"column":41}},"3":{"start":{"line":8,"column":17},"end":{"line":85,"column":1}},"4":{"start":{"line":9,"column":4},"end":{"line":84,"column":5}},"5":{"start":{"line":18,"column":12},"end":{"line":18,"column":21}},"6":{"start":{"line":21,"column":23},"end":{"line":21,"column":25}},"7":{"start":{"line":23,"column":8},"end":{"line":23,"column":37}},"8":{"start":{"line":23,"column":18},"end":{"line":23,"column":37}},"9":{"start":{"line":24,"column":8},"end":{"line":24,"column":68}},"10":{"start":{"line":24,"column":34},"end":{"line":24,"column":68}},"11":{"start":{"line":25,"column":8},"end":{"line":32,"column":9}},"12":{"start":{"line":26,"column":12},"end":{"line":31,"column":14}},"13":{"start":{"line":35,"column":21},"end":{"line":35,"column":59}},"14":{"start":{"line":36,"column":21},"end":{"line":36,"column":64}},"15":{"start":{"line":39,"column":31},"end":{"line":48,"column":10}},"16":{"start":{"line":51,"column":37},"end":{"line":55,"column":11}},"17":{"start":{"line":51,"column":56},"end":{"line":55,"column":9}},"18":{"start":{"line":57,"column":8},"end":{"line":63,"column":11}},"19":{"start":{"line":65,"column":8},"end":{"line":73,"column":11}},"20":{"start":{"line":75,"column":8},"end":{"line":79,"column":11}},"21":{"start":{"line":80,"column":8},"end":{"line":83,"column":11}},"22":{"start":{"line":90,"column":16},"end":{"line":120,"column":1}},"23":{"start":{"line":91,"column":4},"end":{"line":119,"column":5}},"24":{"start":{"line":92,"column":21},"end":{"line":95,"column":55}},"25":{"start":{"line":97,"column":8},"end":{"line":99,"column":9}},"26":{"start":{"line":98,"column":12},"end":{"line":98,"column":78}},"27":{"start":{"line":101,"column":36},"end":{"line":105,"column":9}},"28":{"start":{"line":107,"column":8},"end":{"line":107,"column":38}},"29":{"start":{"line":109,"column":8},"end":{"line":114,"column":11}},"30":{"start":{"line":115,"column":8},"end":{"line":118,"column":11}},"31":{"start":{"line":125,"column":19},"end":{"line":221,"column":1}},"32":{"start":{"line":126,"column":4},"end":{"line":220,"column":5}},"33":{"start":{"line":136,"column":12},"end":{"line":136,"column":20}},"34":{"start":{"line":139,"column":8},"end":{"line":143,"column":9}},"35":{"start":{"line":140,"column":12},"end":{"line":142,"column":15}},"36":{"start":{"line":146,"column":29},"end":{"line":148,"column":10}},"37":{"start":{"line":150,"column":8},"end":{"line":156,"column":9}},"38":{"start":{"line":151,"column":12},"end":{"line":155,"column":15}},"39":{"start":{"line":159,"column":27},"end":{"line":159,"column":29}},"40":{"start":{"line":160,"column":31},"end":{"line":160,"column":70}},"41":{"start":{"line":163,"column":25},"end":{"line":172,"column":9}},"42":{"start":{"line":175,"column":8},"end":{"line":177,"column":9}},"43":{"start":{"line":176,"column":12},"end":{"line":176,"column":59}},"44":{"start":{"line":179,"column":21},"end":{"line":179,"column":39}},"45":{"start":{"line":180,"column":8},"end":{"line":180,"column":26}},"46":{"start":{"line":183,"column":29},"end":{"line":186,"column":9}},"47":{"start":{"line":187,"column":8},"end":{"line":187,"column":37}},"48":{"start":{"line":189,"column":8},"end":{"line":195,"column":11}},"49":{"start":{"line":197,"column":8},"end":{"line":200,"column":11}},"50":{"start":{"line":202,"column":8},"end":{"line":207,"column":11}},"51":{"start":{"line":209,"column":8},"end":{"line":214,"column":9}},"52":{"start":{"line":210,"column":12},"end":{"line":213,"column":15}},"53":{"start":{"line":212,"column":61},"end":{"line":212,"column":70}},"54":{"start":{"line":216,"column":8},"end":{"line":219,"column":11}},"55":{"start":{"line":226,"column":19},"end":{"line":288,"column":1}},"56":{"start":{"line":227,"column":4},"end":{"line":287,"column":5}},"57":{"start":{"line":228,"column":23},"end":{"line":228,"column":36}},"58":{"start":{"line":229,"column":24},"end":{"line":229,"column":32}},"59":{"start":{"line":232,"column":8},"end":{"line":232,"column":32}},"60":{"start":{"line":233,"column":8},"end":{"line":233,"column":32}},"61":{"start":{"line":236,"column":8},"end":{"line":236,"column":41}},"62":{"start":{"line":238,"column":21},"end":{"line":245,"column":29}},"63":{"start":{"line":247,"column":8},"end":{"line":249,"column":9}},"64":{"start":{"line":248,"column":12},"end":{"line":248,"column":78}},"65":{"start":{"line":251,"column":36},"end":{"line":255,"column":9}},"66":{"start":{"line":257,"column":8},"end":{"line":262,"column":11}},"67":{"start":{"line":264,"column":8},"end":{"line":267,"column":11}},"68":{"start":{"line":269,"column":8},"end":{"line":274,"column":11}},"69":{"start":{"line":276,"column":8},"end":{"line":281,"column":9}},"70":{"start":{"line":277,"column":12},"end":{"line":280,"column":15}},"71":{"start":{"line":279,"column":61},"end":{"line":279,"column":70}},"72":{"start":{"line":283,"column":8},"end":{"line":286,"column":11}},"73":{"start":{"line":293,"column":23},"end":{"line":346,"column":1}},"74":{"start":{"line":294,"column":4},"end":{"line":345,"column":5}},"75":{"start":{"line":295,"column":49},"end":{"line":295,"column":57}},"76":{"start":{"line":296,"column":23},"end":{"line":296,"column":36}},"77":{"start":{"line":298,"column":8},"end":{"line":302,"column":9}},"78":{"start":{"line":299,"column":12},"end":{"line":301,"column":15}},"79":{"start":{"line":304,"column":21},"end":{"line":304,"column":48}},"80":{"start":{"line":305,"column":8},"end":{"line":307,"column":9}},"81":{"start":{"line":306,"column":12},"end":{"line":306,"column":78}},"82":{"start":{"line":310,"column":30},"end":{"line":310,"column":64}},"83":{"start":{"line":311,"column":8},"end":{"line":316,"column":9}},"84":{"start":{"line":312,"column":43},"end":{"line":312,"column":95}},"85":{"start":{"line":313,"column":12},"end":{"line":315,"column":13}},"86":{"start":{"line":314,"column":16},"end":{"line":314,"column":87}},"87":{"start":{"line":319,"column":27},"end":{"line":319,"column":29}},"88":{"start":{"line":320,"column":31},"end":{"line":320,"column":73}},"89":{"start":{"line":322,"column":8},"end":{"line":322,"column":39}},"90":{"start":{"line":323,"column":8},"end":{"line":323,"column":38}},"91":{"start":{"line":324,"column":8},"end":{"line":324,"column":26}},"92":{"start":{"line":326,"column":8},"end":{"line":331,"column":11}},"93":{"start":{"line":333,"column":8},"end":{"line":333,"column":67}},"94":{"start":{"line":335,"column":8},"end":{"line":340,"column":11}},"95":{"start":{"line":341,"column":8},"end":{"line":344,"column":11}},"96":{"start":{"line":351,"column":25},"end":{"line":398,"column":1}},"97":{"start":{"line":352,"column":4},"end":{"line":397,"column":5}},"98":{"start":{"line":353,"column":23},"end":{"line":353,"column":36}},"99":{"start":{"line":354,"column":21},"end":{"line":354,"column":68}},"100":{"start":{"line":356,"column":8},"end":{"line":358,"column":9}},"101":{"start":{"line":357,"column":12},"end":{"line":357,"column":78}},"102":{"start":{"line":361,"column":8},"end":{"line":365,"column":9}},"103":{"start":{"line":362,"column":12},"end":{"line":364,"column":15}},"104":{"start":{"line":367,"column":8},"end":{"line":367,"column":35}},"105":{"start":{"line":368,"column":8},"end":{"line":368,"column":38}},"106":{"start":{"line":369,"column":8},"end":{"line":369,"column":26}},"107":{"start":{"line":371,"column":8},"end":{"line":376,"column":11}},"108":{"start":{"line":378,"column":8},"end":{"line":385,"column":11}},"109":{"start":{"line":387,"column":8},"end":{"line":392,"column":11}},"110":{"start":{"line":393,"column":8},"end":{"line":396,"column":11}},"111":{"start":{"line":403,"column":22},"end":{"line":471,"column":1}},"112":{"start":{"line":404,"column":4},"end":{"line":470,"column":5}},"113":{"start":{"line":405,"column":22},"end":{"line":441,"column":9}},"114":{"start":{"line":443,"column":24},"end":{"line":447,"column":11}},"115":{"start":{"line":443,"column":71},"end":{"line":447,"column":9}},"116":{"start":{"line":449,"column":24},"end":{"line":453,"column":11}},"117":{"start":{"line":449,"column":71},"end":{"line":453,"column":9}},"118":{"start":{"line":455,"column":8},"end":{"line":459,"column":11}},"119":{"start":{"line":461,"column":8},"end":{"line":465,"column":11}},"120":{"start":{"line":466,"column":8},"end":{"line":469,"column":11}},"121":{"start":{"line":473,"column":0},"end":{"line":481,"column":2}}},"fnMap":{"0":{"name":"(anonymous_0)","decl":{"start":{"line":8,"column":17},"end":{"line":8,"column":18}},"loc":{"start":{"line":8,"column":37},"end":{"line":85,"column":1}},"line":8},"1":{"name":"(anonymous_1)","decl":{"start":{"line":51,"column":47},"end":{"line":51,"column":48}},"loc":{"start":{"line":51,"column":56},"end":{"line":55,"column":9}},"line":51},"2":{"name":"(anonymous_2)","decl":{"start":{"line":90,"column":16},"end":{"line":90,"column":17}},"loc":{"start":{"line":90,"column":36},"end":{"line":120,"column":1}},"line":90},"3":{"name":"(anonymous_3)","decl":{"start":{"line":125,"column":19},"end":{"line":125,"column":20}},"loc":{"start":{"line":125,"column":39},"end":{"line":221,"column":1}},"line":125},"4":{"name":"(anonymous_4)","decl":{"start":{"line":212,"column":56},"end":{"line":212,"column":57}},"loc":{"start":{"line":212,"column":61},"end":{"line":212,"column":70}},"line":212},"5":{"name":"(anonymous_5)","decl":{"start":{"line":226,"column":19},"end":{"line":226,"column":20}},"loc":{"start":{"line":226,"column":39},"end":{"line":288,"column":1}},"line":226},"6":{"name":"(anonymous_6)","decl":{"start":{"line":279,"column":56},"end":{"line":279,"column":57}},"loc":{"start":{"line":279,"column":61},"end":{"line":279,"column":70}},"line":279},"7":{"name":"(anonymous_7)","decl":{"start":{"line":293,"column":23},"end":{"line":293,"column":24}},"loc":{"start":{"line":293,"column":43},"end":{"line":346,"column":1}},"line":293},"8":{"name":"(anonymous_8)","decl":{"start":{"line":351,"column":25},"end":{"line":351,"column":26}},"loc":{"start":{"line":351,"column":45},"end":{"line":398,"column":1}},"line":351},"9":{"name":"(anonymous_9)","decl":{"start":{"line":403,"column":22},"end":{"line":403,"column":23}},"loc":{"start":{"line":403,"column":42},"end":{"line":471,"column":1}},"line":403},"10":{"name":"(anonymous_10)","decl":{"start":{"line":443,"column":52},"end":{"line":443,"column":53}},"loc":{"start":{"line":443,"column":71},"end":{"line":447,"column":9}},"line":443},"11":{"name":"(anonymous_11)","decl":{"start":{"line":449,"column":52},"end":{"line":449,"column":53}},"loc":{"start":{"line":449,"column":71},"end":{"line":453,"column":9}},"line":449}},"branchMap":{"0":{"loc":{"start":{"line":11,"column":12},"end":{"line":11,"column":20}},"type":"default-arg","locations":[{"start":{"line":11,"column":19},"end":{"line":11,"column":20}}],"line":11},"1":{"loc":{"start":{"line":12,"column":12},"end":{"line":12,"column":22}},"type":"default-arg","locations":[{"start":{"line":12,"column":20},"end":{"line":12,"column":22}}],"line":12},"2":{"loc":{"start":{"line":16,"column":12},"end":{"line":16,"column":31}},"type":"default-arg","locations":[{"start":{"line":16,"column":21},"end":{"line":16,"column":31}}],"line":16},"3":{"loc":{"start":{"line":17,"column":12},"end":{"line":17,"column":29}},"type":"default-arg","locations":[{"start":{"line":17,"column":24},"end":{"line":17,"column":29}}],"line":17},"4":{"loc":{"start":{"line":23,"column":8},"end":{"line":23,"column":37}},"type":"if","locations":[{"start":{"line":23,"column":8},"end":{"line":23,"column":37}},{"start":{},"end":{}}],"line":23},"5":{"loc":{"start":{"line":24,"column":8},"end":{"line":24,"column":68}},"type":"if","locations":[{"start":{"line":24,"column":8},"end":{"line":24,"column":68}},{"start":{},"end":{}}],"line":24},"6":{"loc":{"start":{"line":25,"column":8},"end":{"line":32,"column":9}},"type":"if","locations":[{"start":{"line":25,"column":8},"end":{"line":32,"column":9}},{"start":{},"end":{}}],"line":25},"7":{"loc":{"start":{"line":36,"column":33},"end":{"line":36,"column":62}},"type":"cond-expr","locations":[{"start":{"line":36,"column":56},"end":{"line":36,"column":58}},{"start":{"line":36,"column":61},"end":{"line":36,"column":62}}],"line":36},"8":{"loc":{"start":{"line":97,"column":8},"end":{"line":99,"column":9}},"type":"if","locations":[{"start":{"line":97,"column":8},"end":{"line":99,"column":9}},{"start":{},"end":{}}],"line":97},"9":{"loc":{"start":{"line":139,"column":8},"end":{"line":143,"column":9}},"type":"if","locations":[{"start":{"line":139,"column":8},"end":{"line":143,"column":9}},{"start":{},"end":{}}],"line":139},"10":{"loc":{"start":{"line":139,"column":12},"end":{"line":139,"column":57}},"type":"binary-expr","locations":[{"start":{"line":139,"column":12},"end":{"line":139,"column":21}},{"start":{"line":139,"column":25},"end":{"line":139,"column":31}},{"start":{"line":139,"column":35},"end":{"line":139,"column":44}},{"start":{"line":139,"column":48},"end":{"line":139,"column":57}}],"line":139},"11":{"loc":{"start":{"line":150,"column":8},"end":{"line":156,"column":9}},"type":"if","locations":[{"start":{"line":150,"column":8},"end":{"line":156,"column":9}},{"start":{},"end":{}}],"line":150},"12":{"loc":{"start":{"line":152,"column":25},"end":{"line":154,"column":39}},"type":"cond-expr","locations":[{"start":{"line":153,"column":22},"end":{"line":153,"column":42}},{"start":{"line":154,"column":22},"end":{"line":154,"column":39}}],"line":152},"13":{"loc":{"start":{"line":168,"column":18},"end":{"line":168,"column":38}},"type":"binary-expr","locations":[{"start":{"line":168,"column":18},"end":{"line":168,"column":22}},{"start":{"line":168,"column":26},"end":{"line":168,"column":38}}],"line":168},"14":{"loc":{"start":{"line":169,"column":24},"end":{"line":169,"column":40}},"type":"binary-expr","locations":[{"start":{"line":169,"column":24},"end":{"line":169,"column":34}},{"start":{"line":169,"column":38},"end":{"line":169,"column":40}}],"line":169},"15":{"loc":{"start":{"line":170,"column":19},"end":{"line":170,"column":30}},"type":"binary-expr","locations":[{"start":{"line":170,"column":19},"end":{"line":170,"column":24}},{"start":{"line":170,"column":28},"end":{"line":170,"column":30}}],"line":170},"16":{"loc":{"start":{"line":175,"column":8},"end":{"line":177,"column":9}},"type":"if","locations":[{"start":{"line":175,"column":8},"end":{"line":177,"column":9}},{"start":{},"end":{}}],"line":175},"17":{"loc":{"start":{"line":175,"column":12},"end":{"line":175,"column":50}},"type":"binary-expr","locations":[{"start":{"line":175,"column":12},"end":{"line":175,"column":29}},{"start":{"line":175,"column":33},"end":{"line":175,"column":50}}],"line":175},"18":{"loc":{"start":{"line":209,"column":8},"end":{"line":214,"column":9}},"type":"if","locations":[{"start":{"line":209,"column":8},"end":{"line":214,"column":9}},{"start":{},"end":{}}],"line":209},"19":{"loc":{"start":{"line":247,"column":8},"end":{"line":249,"column":9}},"type":"if","locations":[{"start":{"line":247,"column":8},"end":{"line":249,"column":9}},{"start":{},"end":{}}],"line":247},"20":{"loc":{"start":{"line":276,"column":8},"end":{"line":281,"column":9}},"type":"if","locations":[{"start":{"line":276,"column":8},"end":{"line":281,"column":9}},{"start":{},"end":{}}],"line":276},"21":{"loc":{"start":{"line":298,"column":8},"end":{"line":302,"column":9}},"type":"if","locations":[{"start":{"line":298,"column":8},"end":{"line":302,"column":9}},{"start":{},"end":{}}],"line":298},"22":{"loc":{"start":{"line":298,"column":12},"end":{"line":298,"column":44}},"type":"binary-expr","locations":[{"start":{"line":298,"column":12},"end":{"line":298,"column":28}},{"start":{"line":298,"column":32},"end":{"line":298,"column":44}}],"line":298},"23":{"loc":{"start":{"line":305,"column":8},"end":{"line":307,"column":9}},"type":"if","locations":[{"start":{"line":305,"column":8},"end":{"line":307,"column":9}},{"start":{},"end":{}}],"line":305},"24":{"loc":{"start":{"line":311,"column":8},"end":{"line":316,"column":9}},"type":"if","locations":[{"start":{"line":311,"column":8},"end":{"line":316,"column":9}},{"start":{},"end":{}}],"line":311},"25":{"loc":{"start":{"line":313,"column":12},"end":{"line":315,"column":13}},"type":"if","locations":[{"start":{"line":313,"column":12},"end":{"line":315,"column":13}},{"start":{},"end":{}}],"line":313},"26":{"loc":{"start":{"line":356,"column":8},"end":{"line":358,"column":9}},"type":"if","locations":[{"start":{"line":356,"column":8},"end":{"line":358,"column":9}},{"start":{},"end":{}}],"line":356},"27":{"loc":{"start":{"line":361,"column":8},"end":{"line":365,"column":9}},"type":"if","locations":[{"start":{"line":361,"column":8},"end":{"line":365,"column":9}},{"start":{},"end":{}}],"line":361},"28":{"loc":{"start":{"line":361,"column":12},"end":{"line":361,"column":61}},"type":"binary-expr","locations":[{"start":{"line":361,"column":12},"end":{"line":361,"column":46}},{"start":{"line":361,"column":50},"end":{"line":361,"column":61}}],"line":361},"29":{"loc":{"start":{"line":372,"column":18},"end":{"line":372,"column":69}},"type":"cond-expr","locations":[{"start":{"line":372,"column":32},"end":{"line":372,"column":48}},{"start":{"line":372,"column":51},"end":{"line":372,"column":69}}],"line":372},"30":{"loc":{"start":{"line":379,"column":32},"end":{"line":379,"column":72}},"type":"cond-expr","locations":[{"start":{"line":379,"column":46},"end":{"line":379,"column":56}},{"start":{"line":379,"column":59},"end":{"line":379,"column":72}}],"line":379}},"s":{"0":1,"1":1,"2":1,"3":1,"4":6,"5":6,"6":6,"7":6,"8":1,"9":6,"10":1,"11":6,"12":1,"13":6,"14":6,"15":6,"16":5,"17":5,"18":0,"19":0,"20":6,"21":6,"22":1,"23":0,"24":0,"25":0,"26":0,"27":0,"28":0,"29":0,"30":0,"31":1,"32":3,"33":3,"34":3,"35":0,"36":3,"37":3,"38":0,"39":3,"40":3,"41":3,"42":3,"43":0,"44":3,"45":3,"46":1,"47":0,"48":0,"49":0,"50":3,"51":3,"52":1,"53":2,"54":2,"55":1,"56":2,"57":2,"58":2,"59":2,"60":2,"61":2,"62":2,"63":2,"64":1,"65":1,"66":0,"67":0,"68":1,"69":1,"70":0,"71":0,"72":1,"73":1,"74":0,"75":0,"76":0,"77":0,"78":0,"79":0,"80":0,"81":0,"82":0,"83":0,"84":0,"85":0,"86":0,"87":0,"88":0,"89":0,"90":0,"91":0,"92":0,"93":0,"94":0,"95":0,"96":1,"97":0,"98":0,"99":0,"100":0,"101":0,"102":0,"103":0,"104":0,"105":0,"106":0,"107":0,"108":0,"109":0,"110":0,"111":1,"112":0,"113":0,"114":0,"115":0,"116":0,"117":0,"118":0,"119":0,"120":0,"121":1},"f":{"0":6,"1":5,"2":0,"3":3,"4":2,"5":2,"6":0,"7":0,"8":0,"9":0,"10":0,"11":0},"b":{"0":[5],"1":[5],"2":[6],"3":[6],"4":[1,5],"5":[1,5],"6":[1,5],"7":[0,6],"8":[0,0],"9":[0,3],"10":[3,3,3,3],"11":[0,3],"12":[0,0],"13":[3,2],"14":[3,3],"15":[3,3],"16":[0,3],"17":[3,0],"18":[1,2],"19":[1,1],"20":[0,1],"21":[0,0],"22":[0,0],"23":[0,0],"24":[0,0],"25":[0,0],"26":[0,0],"27":[0,0],"28":[0,0],"29":[0,0],"30":[0,0]},"_coverageSchema":"1a1c01bbd47fc00a2c39e90264f33305004495a9","hash":"328fc2e8b0000bf84d68b6af75bc81a5365d9c71"}
,"/home/ubuntu/Facturacion/facturacion-control/backend/src/middleware/serviceValidation.js": {"path":"/home/ubuntu/Facturacion/facturacion-control/backend/src/middleware/serviceValidation.js","statementMap":{"0":{"start":{"line":1,"column":22},"end":{"line":1,"column":56}},"1":{"start":{"line":2,"column":17},"end":{"line":2,"column":46}},"2":{"start":{"line":4,"column":30},"end":{"line":113,"column":1}},"3":{"start":{"line":5,"column":2},"end":{"line":112,"column":3}},"4":{"start":{"line":6,"column":66},"end":{"line":6,"column":74}},"5":{"start":{"line":9,"column":28},"end":{"line":9,"column":49}},"6":{"start":{"line":10,"column":4},"end":{"line":10,"column":41}},"7":{"start":{"line":12,"column":20},"end":{"line":12,"column":45}},"8":{"start":{"line":13,"column":4},"end":{"line":13,"column":43}},"9":{"start":{"line":16,"column":29},"end":{"line":24,"column":6}},"10":{"start":{"line":26,"column":4},"end":{"line":38,"column":5}},"11":{"start":{"line":27,"column":6},"end":{"line":37,"column":9}},"12":{"start":{"line":41,"column":4},"end":{"line":79,"column":5}},"13":{"start":{"line":42,"column":23},"end":{"line":42,"column":58}},"14":{"start":{"line":44,"column":6},"end":{"line":49,"column":7}},"15":{"start":{"line":45,"column":8},"end":{"line":48,"column":11}},"16":{"start":{"line":52,"column":18},"end":{"line":52,"column":28}},"17":{"start":{"line":53,"column":6},"end":{"line":58,"column":7}},"18":{"start":{"line":54,"column":8},"end":{"line":57,"column":11}},"19":{"start":{"line":61,"column":6},"end":{"line":78,"column":7}},"20":{"start":{"line":62,"column":32},"end":{"line":62,"column":77}},"21":{"start":{"line":63,"column":30},"end":{"line":63,"column":49}},"22":{"start":{"line":65,"column":8},"end":{"line":77,"column":9}},"23":{"start":{"line":66,"column":10},"end":{"line":76,"column":13}},"24":{"start":{"line":82,"column":33},"end":{"line":82,"column":34}},"25":{"start":{"line":84,"column":31},"end":{"line":91,"column":6}},"26":{"start":{"line":93,"column":4},"end":{"line":102,"column":5}},"27":{"start":{"line":94,"column":6},"end":{"line":101,"column":9}},"28":{"start":{"line":104,"column":4},"end":{"line":104,"column":11}},"29":{"start":{"line":107,"column":4},"end":{"line":107,"column":62}},"30":{"start":{"line":108,"column":4},"end":{"line":111,"column":7}},"31":{"start":{"line":115,"column":0},"end":{"line":115,"column":43}}},"fnMap":{"0":{"name":"(anonymous_0)","decl":{"start":{"line":4,"column":30},"end":{"line":4,"column":31}},"loc":{"start":{"line":4,"column":56},"end":{"line":113,"column":1}},"line":4}},"branchMap":{"0":{"loc":{"start":{"line":26,"column":4},"end":{"line":38,"column":5}},"type":"if","locations":[{"start":{"line":26,"column":4},"end":{"line":38,"column":5}},{"start":{},"end":{}}],"line":26},"1":{"loc":{"start":{"line":41,"column":4},"end":{"line":79,"column":5}},"type":"if","locations":[{"start":{"line":41,"column":4},"end":{"line":79,"column":5}},{"start":{},"end":{}}],"line":41},"2":{"loc":{"start":{"line":44,"column":6},"end":{"line":49,"column":7}},"type":"if","locations":[{"start":{"line":44,"column":6},"end":{"line":49,"column":7}},{"start":{},"end":{}}],"line":44},"3":{"loc":{"start":{"line":53,"column":6},"end":{"line":58,"column":7}},"type":"if","locations":[{"start":{"line":53,"column":6},"end":{"line":58,"column":7}},{"start":{},"end":{}}],"line":53},"4":{"loc":{"start":{"line":53,"column":10},"end":{"line":53,"column":60}},"type":"binary-expr","locations":[{"start":{"line":53,"column":10},"end":{"line":53,"column":34}},{"start":{"line":53,"column":38},"end":{"line":53,"column":60}}],"line":53},"5":{"loc":{"start":{"line":61,"column":6},"end":{"line":78,"column":7}},"type":"if","locations":[{"start":{"line":61,"column":6},"end":{"line":78,"column":7}},{"start":{},"end":{}}],"line":61},"6":{"loc":{"start":{"line":61,"column":10},"end":{"line":61,"column":52}},"type":"binary-expr","locations":[{"start":{"line":61,"column":10},"end":{"line":61,"column":29}},{"start":{"line":61,"column":33},"end":{"line":61,"column":52}}],"line":61},"7":{"loc":{"start":{"line":63,"column":30},"end":{"line":63,"column":49}},"type":"binary-expr","locations":[{"start":{"line":63,"column":30},"end":{"line":63,"column":44}},{"start":{"line":63,"column":48},"end":{"line":63,"column":49}}],"line":63},"8":{"loc":{"start":{"line":65,"column":8},"end":{"line":77,"column":9}},"type":"if","locations":[{"start":{"line":65,"column":8},"end":{"line":77,"column":9}},{"start":{},"end":{}}],"line":65},"9":{"loc":{"start":{"line":93,"column":4},"end":{"line":102,"column":5}},"type":"if","locations":[{"start":{"line":93,"column":4},"end":{"line":102,"column":5}},{"start":{},"end":{}}],"line":93}},"s":{"0":1,"1":1,"2":1,"3":0,"4":0,"5":0,"6":0,"7":0,"8":0,"9":0,"10":0,"11":0,"12":0,"13":0,"14":0,"15":0,"16":0,"17":0,"18":0,"19":0,"20":0,"21":0,"22":0,"23":0,"24":0,"25":0,"26":0,"27":0,"28":0,"29":0,"30":0,"31":1},"f":{"0":0},"b":{"0":[0,0],"1":[0,0],"2":[0,0],"3":[0,0],"4":[0,0],"5":[0,0],"6":[0,0],"7":[0,0],"8":[0,0],"9":[0,0]},"_coverageSchema":"1a1c01bbd47fc00a2c39e90264f33305004495a9","hash":"e9a648d5acedd51af6fc4962ba93d873d093c904"}
,"/home/ubuntu/Facturacion/facturacion-control/backend/src/models/Contract.js": {"path":"/home/ubuntu/Facturacion/facturacion-control/backend/src/models/Contract.js","statementMap":{"0":{"start":{"line":1,"column":17},"end":{"line":1,"column":36}},"1":{"start":{"line":3,"column":23},"end":{"line":85,"column":2}},"2":{"start":{"line":88,"column":0},"end":{"line":93,"column":3}},"3":{"start":{"line":89,"column":2},"end":{"line":91,"column":3}},"4":{"start":{"line":90,"column":4},"end":{"line":90,"column":13}},"5":{"start":{"line":92,"column":2},"end":{"line":92,"column":67}},"6":{"start":{"line":95,"column":0},"end":{"line":100,"column":3}},"7":{"start":{"line":96,"column":2},"end":{"line":98,"column":3}},"8":{"start":{"line":97,"column":4},"end":{"line":97,"column":16}},"9":{"start":{"line":99,"column":2},"end":{"line":99,"column":60}},"10":{"start":{"line":102,"column":0},"end":{"line":109,"column":3}},"11":{"start":{"line":103,"column":2},"end":{"line":103,"column":43}},"12":{"start":{"line":103,"column":24},"end":{"line":103,"column":43}},"13":{"start":{"line":105,"column":21},"end":{"line":105,"column":45}},"14":{"start":{"line":106,"column":2},"end":{"line":106,"column":69}},"15":{"start":{"line":106,"column":52},"end":{"line":106,"column":69}},"16":{"start":{"line":107,"column":2},"end":{"line":107,"column":67}},"17":{"start":{"line":107,"column":51},"end":{"line":107,"column":67}},"18":{"start":{"line":108,"column":2},"end":{"line":108,"column":18}},"19":{"start":{"line":111,"column":0},"end":{"line":114,"column":3}},"20":{"start":{"line":112,"column":14},"end":{"line":112,"column":24}},"21":{"start":{"line":113,"column":2},"end":{"line":113,"column":54}},"22":{"start":{"line":117,"column":0},"end":{"line":139,"column":2}},"23":{"start":{"line":118,"column":24},"end":{"line":118,"column":55}},"24":{"start":{"line":120,"column":17},"end":{"line":133,"column":4}},"25":{"start":{"line":135,"column":2},"end":{"line":135,"column":64}},"26":{"start":{"line":136,"column":2},"end":{"line":136,"column":40}},"27":{"start":{"line":138,"column":2},"end":{"line":138,"column":21}},"28":{"start":{"line":141,"column":0},"end":{"line":141,"column":60}}},"fnMap":{"0":{"name":"(anonymous_0)","decl":{"start":{"line":88,"column":50},"end":{"line":88,"column":51}},"loc":{"start":{"line":88,"column":61},"end":{"line":93,"column":1}},"line":88},"1":{"name":"(anonymous_1)","decl":{"start":{"line":95,"column":46},"end":{"line":95,"column":47}},"loc":{"start":{"line":95,"column":57},"end":{"line":100,"column":1}},"line":95},"2":{"name":"(anonymous_2)","decl":{"start":{"line":102,"column":42},"end":{"line":102,"column":43}},"loc":{"start":{"line":102,"column":53},"end":{"line":109,"column":1}},"line":102},"3":{"name":"(anonymous_3)","decl":{"start":{"line":111,"column":38},"end":{"line":111,"column":39}},"loc":{"start":{"line":111,"column":49},"end":{"line":114,"column":1}},"line":111},"4":{"name":"(anonymous_4)","decl":{"start":{"line":117,"column":50},"end":{"line":117,"column":51}},"loc":{"start":{"line":117,"column":67},"end":{"line":139,"column":1}},"line":117}},"branchMap":{"0":{"loc":{"start":{"line":89,"column":2},"end":{"line":91,"column":3}},"type":"if","locations":[{"start":{"line":89,"column":2},"end":{"line":91,"column":3}},{"start":{},"end":{}}],"line":89},"1":{"loc":{"start":{"line":89,"column":6},"end":{"line":89,"column":67}},"type":"binary-expr","locations":[{"start":{"line":89,"column":6},"end":{"line":89,"column":22}},{"start":{"line":89,"column":26},"end":{"line":89,"column":42}},{"start":{"line":89,"column":46},"end":{"line":89,"column":67}}],"line":89},"2":{"loc":{"start":{"line":96,"column":2},"end":{"line":98,"column":3}},"type":"if","locations":[{"start":{"line":96,"column":2},"end":{"line":98,"column":3}},{"start":{},"end":{}}],"line":96},"3":{"loc":{"start":{"line":96,"column":6},"end":{"line":96,"column":42}},"type":"binary-expr","locations":[{"start":{"line":96,"column":6},"end":{"line":96,"column":22}},{"start":{"line":96,"column":26},"end":{"line":96,"column":42}}],"line":96},"4":{"loc":{"start":{"line":103,"column":2},"end":{"line":103,"column":43}},"type":"if","locations":[{"start":{"line":103,"column":2},"end":{"line":103,"column":43}},{"start":{},"end":{}}],"line":103},"5":{"loc":{"start":{"line":106,"column":2},"end":{"line":106,"column":69}},"type":"if","locations":[{"start":{"line":106,"column":2},"end":{"line":106,"column":69}},{"start":{},"end":{}}],"line":106},"6":{"loc":{"start":{"line":107,"column":2},"end":{"line":107,"column":67}},"type":"if","locations":[{"start":{"line":107,"column":2},"end":{"line":107,"column":67}},{"start":{},"end":{}}],"line":107},"7":{"loc":{"start":{"line":113,"column":9},"end":{"line":113,"column":53}},"type":"binary-expr","locations":[{"start":{"line":113,"column":9},"end":{"line":113,"column":30}},{"start":{"line":113,"column":34},"end":{"line":113,"column":53}}],"line":113},"8":{"loc":{"start":{"line":135,"column":24},"end":{"line":135,"column":63}},"type":"cond-expr","locations":[{"start":{"line":135,"column":44},"end":{"line":135,"column":59}},{"start":{"line":135,"column":62},"end":{"line":135,"column":63}}],"line":135}},"s":{"0":2,"1":2,"2":2,"3":0,"4":0,"5":0,"6":2,"7":0,"8":0,"9":0,"10":2,"11":0,"12":0,"13":0,"14":0,"15":0,"16":0,"17":0,"18":0,"19":2,"20":0,"21":0,"22":2,"23":0,"24":0,"25":0,"26":0,"27":0,"28":2},"f":{"0":0,"1":0,"2":0,"3":0,"4":0},"b":{"0":[0,0],"1":[0,0,0],"2":[0,0],"3":[0,0],"4":[0,0],"5":[0,0],"6":[0,0],"7":[0,0],"8":[0,0]},"_coverageSchema":"1a1c01bbd47fc00a2c39e90264f33305004495a9","hash":"6ddc64a236f8a3e4d02b54ed0835bd0d431862f0"}
,"/home/ubuntu/Facturacion/facturacion-control/backend/src/models/Patient.js": {"path":"/home/ubuntu/Facturacion/facturacion-control/backend/src/models/Patient.js","statementMap":{"0":{"start":{"line":1,"column":17},"end":{"line":1,"column":36}},"1":{"start":{"line":3,"column":22},"end":{"line":73,"column":2}},"2":{"start":{"line":76,"column":0},"end":{"line":81,"column":3}},"3":{"start":{"line":77,"column":18},"end":{"line":77,"column":67}},"4":{"start":{"line":78,"column":22},"end":{"line":78,"column":79}},"5":{"start":{"line":79,"column":4},"end":{"line":79,"column":55}},"6":{"start":{"line":80,"column":4},"end":{"line":80,"column":11}},"7":{"start":{"line":83,"column":0},"end":{"line":83,"column":58}}},"fnMap":{"0":{"name":"(anonymous_0)","decl":{"start":{"line":76,"column":26},"end":{"line":76,"column":27}},"loc":{"start":{"line":76,"column":41},"end":{"line":81,"column":1}},"line":76}},"branchMap":{},"s":{"0":3,"1":3,"2":3,"3":0,"4":0,"5":0,"6":0,"7":3},"f":{"0":0},"b":{},"_coverageSchema":"1a1c01bbd47fc00a2c39e90264f33305004495a9","hash":"bf28cdf907265a9ee8a0b884f3b1fa051940053e"}
,"/home/ubuntu/Facturacion/facturacion-control/backend/src/models/PreBill.js": {"path":"/home/ubuntu/Facturacion/facturacion-control/backend/src/models/PreBill.js","statementMap":{"0":{"start":{"line":1,"column":17},"end":{"line":1,"column":36}},"1":{"start":{"line":3,"column":22},"end":{"line":46,"column":24}},"2":{"start":{"line":49,"column":0},"end":{"line":49,"column":38}},"3":{"start":{"line":50,"column":0},"end":{"line":50,"column":38}},"4":{"start":{"line":51,"column":0},"end":{"line":51,"column":39}},"5":{"start":{"line":52,"column":0},"end":{"line":52,"column":35}},"6":{"start":{"line":54,"column":0},"end":{"line":54,"column":58}}},"fnMap":{},"branchMap":{},"s":{"0":1,"1":1,"2":1,"3":1,"4":1,"5":1,"6":1},"f":{},"b":{},"_coverageSchema":"1a1c01bbd47fc00a2c39e90264f33305004495a9","hash":"8ddbc87e6343626079df8612fe20d963feab03a9"}
,"/home/ubuntu/Facturacion/facturacion-control/backend/src/models/Service.js": {"path":"/home/ubuntu/Facturacion/facturacion-control/backend/src/models/Service.js","statementMap":{"0":{"start":{"line":2,"column":17},"end":{"line":2,"column":36}},"1":{"start":{"line":4,"column":22},"end":{"line":46,"column":2}},"2":{"start":{"line":49,"column":0},"end":{"line":49,"column":37}},"3":{"start":{"line":50,"column":0},"end":{"line":50,"column":35}},"4":{"start":{"line":51,"column":0},"end":{"line":51,"column":51}},"5":{"start":{"line":53,"column":0},"end":{"line":53,"column":58}}},"fnMap":{},"branchMap":{},"s":{"0":2,"1":2,"2":2,"3":2,"4":2,"5":2},"f":{},"b":{},"_coverageSchema":"1a1c01bbd47fc00a2c39e90264f33305004495a9","hash":"cf259555c04df167eea9d3e7a93b3ae404ca8e93"}
,"/home/ubuntu/Facturacion/facturacion-control/backend/src/models/ServiceRecord.js": {"path":"/home/ubuntu/Facturacion/facturacion-control/backend/src/models/ServiceRecord.js","statementMap":{"0":{"start":{"line":2,"column":17},"end":{"line":2,"column":36}},"1":{"start":{"line":4,"column":28},"end":{"line":51,"column":2}},"2":{"start":{"line":54,"column":0},"end":{"line":59,"column":21}},"3":{"start":{"line":61,"column":0},"end":{"line":61,"column":70}}},"fnMap":{},"branchMap":{},"s":{"0":2,"1":2,"2":2,"3":2},"f":{},"b":{},"_coverageSchema":"1a1c01bbd47fc00a2c39e90264f33305004495a9","hash":"783517df8f7e0adaaa39ecc9a481bbcecf2bf378"}
,"/home/ubuntu/Facturacion/facturacion-control/backend/src/models/User.js": {"path":"/home/ubuntu/Facturacion/facturacion-control/backend/src/models/User.js","statementMap":{"0":{"start":{"line":2,"column":17},"end":{"line":2,"column":36}},"1":{"start":{"line":5,"column":16},"end":{"line":18,"column":1}},"2":{"start":{"line":21,"column":16},"end":{"line":27,"column":1}},"3":{"start":{"line":30,"column":25},"end":{"line":40,"column":18}},"4":{"start":{"line":42,"column":19},"end":{"line":139,"column":2}},"5":{"start":{"line":65,"column":30},"end":{"line":65,"column":95}},"6":{"start":{"line":66,"column":16},"end":{"line":66,"column":44}},"7":{"start":{"line":142,"column":0},"end":{"line":206,"column":2}},"8":{"start":{"line":144,"column":4},"end":{"line":146,"column":5}},"9":{"start":{"line":145,"column":8},"end":{"line":145,"column":38}},"10":{"start":{"line":149,"column":28},"end":{"line":203,"column":5}},"11":{"start":{"line":150,"column":58},"end":{"line":153,"column":9}},"12":{"start":{"line":205,"column":4},"end":{"line":205,"column":44}},"13":{"start":{"line":209,"column":0},"end":{"line":213,"column":2}},"14":{"start":{"line":210,"column":24},"end":{"line":210,"column":45}},"15":{"start":{"line":211,"column":29},"end":{"line":211,"column":71}},"16":{"start":{"line":211,"column":51},"end":{"line":211,"column":70}},"17":{"start":{"line":212,"column":4},"end":{"line":212,"column":73}},"18":{"start":{"line":216,"column":0},"end":{"line":218,"column":2}},"19":{"start":{"line":217,"column":4},"end":{"line":217,"column":65}},"20":{"start":{"line":221,"column":0},"end":{"line":235,"column":2}},"21":{"start":{"line":222,"column":19},"end":{"line":222,"column":36}},"22":{"start":{"line":225,"column":23},"end":{"line":225,"column":61}},"23":{"start":{"line":228,"column":4},"end":{"line":228,"column":91}},"24":{"start":{"line":231,"column":4},"end":{"line":231,"column":60}},"25":{"start":{"line":234,"column":4},"end":{"line":234,"column":22}},"26":{"start":{"line":238,"column":0},"end":{"line":248,"column":2}},"27":{"start":{"line":239,"column":4},"end":{"line":241,"column":5}},"28":{"start":{"line":240,"column":8},"end":{"line":240,"column":21}},"29":{"start":{"line":243,"column":19},"end":{"line":243,"column":36}},"30":{"start":{"line":244,"column":24},"end":{"line":244,"column":79}},"31":{"start":{"line":246,"column":4},"end":{"line":247,"column":50}},"32":{"start":{"line":251,"column":0},"end":{"line":254,"column":2}},"33":{"start":{"line":252,"column":4},"end":{"line":252,"column":35}},"34":{"start":{"line":253,"column":4},"end":{"line":253,"column":37}},"35":{"start":{"line":257,"column":0},"end":{"line":257,"column":30}},"36":{"start":{"line":258,"column":0},"end":{"line":258,"column":32}},"37":{"start":{"line":259,"column":0},"end":{"line":259,"column":44}},"38":{"start":{"line":260,"column":0},"end":{"line":260,"column":46}},"39":{"start":{"line":263,"column":0},"end":{"line":267,"column":2}}},"fnMap":{"0":{"name":"(anonymous_0)","decl":{"start":{"line":63,"column":23},"end":{"line":63,"column":24}},"loc":{"start":{"line":63,"column":42},"end":{"line":67,"column":13}},"line":63},"1":{"name":"(anonymous_1)","decl":{"start":{"line":142,"column":36},"end":{"line":142,"column":37}},"loc":{"start":{"line":142,"column":47},"end":{"line":206,"column":1}},"line":142},"2":{"name":"(anonymous_2)","decl":{"start":{"line":150,"column":47},"end":{"line":150,"column":48}},"loc":{"start":{"line":150,"column":58},"end":{"line":153,"column":9}},"line":150},"3":{"name":"(anonymous_3)","decl":{"start":{"line":209,"column":35},"end":{"line":209,"column":36}},"loc":{"start":{"line":209,"column":60},"end":{"line":213,"column":1}},"line":209},"4":{"name":"(anonymous_4)","decl":{"start":{"line":211,"column":46},"end":{"line":211,"column":47}},"loc":{"start":{"line":211,"column":51},"end":{"line":211,"column":70}},"line":211},"5":{"name":"(anonymous_5)","decl":{"start":{"line":216,"column":30},"end":{"line":216,"column":31}},"loc":{"start":{"line":216,"column":41},"end":{"line":218,"column":1}},"line":216},"6":{"name":"(anonymous_6)","decl":{"start":{"line":221,"column":46},"end":{"line":221,"column":47}},"loc":{"start":{"line":221,"column":57},"end":{"line":235,"column":1}},"line":221},"7":{"name":"(anonymous_7)","decl":{"start":{"line":238,"column":39},"end":{"line":238,"column":40}},"loc":{"start":{"line":238,"column":55},"end":{"line":248,"column":1}},"line":238},"8":{"name":"(anonymous_8)","decl":{"start":{"line":251,"column":45},"end":{"line":251,"column":46}},"loc":{"start":{"line":251,"column":56},"end":{"line":254,"column":1}},"line":251}},"branchMap":{"0":{"loc":{"start":{"line":144,"column":4},"end":{"line":146,"column":5}},"type":"if","locations":[{"start":{"line":144,"column":4},"end":{"line":146,"column":5}},{"start":{},"end":{}}],"line":144},"1":{"loc":{"start":{"line":205,"column":11},"end":{"line":205,"column":43}},"type":"binary-expr","locations":[{"start":{"line":205,"column":11},"end":{"line":205,"column":37}},{"start":{"line":205,"column":41},"end":{"line":205,"column":43}}],"line":205},"2":{"loc":{"start":{"line":212,"column":11},"end":{"line":212,"column":72}},"type":"binary-expr","locations":[{"start":{"line":212,"column":11},"end":{"line":212,"column":27}},{"start":{"line":212,"column":31},"end":{"line":212,"column":72}}],"line":212},"3":{"loc":{"start":{"line":217,"column":14},"end":{"line":217,"column":63}},"type":"binary-expr","locations":[{"start":{"line":217,"column":14},"end":{"line":217,"column":30}},{"start":{"line":217,"column":34},"end":{"line":217,"column":63}}],"line":217},"4":{"loc":{"start":{"line":239,"column":4},"end":{"line":241,"column":5}},"type":"if","locations":[{"start":{"line":239,"column":4},"end":{"line":241,"column":5}},{"start":{},"end":{}}],"line":239},"5":{"loc":{"start":{"line":239,"column":8},"end":{"line":239,"column":62}},"type":"binary-expr","locations":[{"start":{"line":239,"column":8},"end":{"line":239,"column":32}},{"start":{"line":239,"column":36},"end":{"line":239,"column":62}}],"line":239},"6":{"loc":{"start":{"line":246,"column":11},"end":{"line":247,"column":49}},"type":"binary-expr","locations":[{"start":{"line":246,"column":11},"end":{"line":246,"column":50}},{"start":{"line":247,"column":11},"end":{"line":247,"column":49}}],"line":246}},"s":{"0":2,"1":2,"2":2,"3":2,"4":2,"5":10,"6":10,"7":2,"8":6,"9":1,"10":5,"11":60,"12":5,"13":2,"14":3,"15":3,"16":15,"17":3,"18":2,"19":3,"20":2,"21":5,"22":5,"23":5,"24":5,"25":5,"26":2,"27":4,"28":1,"29":3,"30":3,"31":3,"32":2,"33":1,"34":1,"35":2,"36":2,"37":2,"38":2,"39":2},"f":{"0":10,"1":6,"2":60,"3":3,"4":15,"5":3,"6":5,"7":4,"8":1},"b":{"0":[1,5],"1":[5,0],"2":[3,1],"3":[3,2],"4":[1,3],"5":[4,3],"6":[3,2]},"_coverageSchema":"1a1c01bbd47fc00a2c39e90264f33305004495a9","hash":"e608bd5056b4e1df78ee7aa591269220aed67f10"}
,"/home/ubuntu/Facturacion/facturacion-control/backend/src/services/fileExportService.js": {"path":"/home/ubuntu/Facturacion/facturacion-control/backend/src/services/fileExportService.js","statementMap":{"0":{"start":{"line":2,"column":11},"end":{"line":2,"column":24}},"1":{"start":{"line":3,"column":13},"end":{"line":3,"column":28}},"2":{"start":{"line":4,"column":17},"end":{"line":4,"column":36}},"3":{"start":{"line":5,"column":12},"end":{"line":5,"column":33}},"4":{"start":{"line":6,"column":22},"end":{"line":6,"column":39}},"5":{"start":{"line":7,"column":15},"end":{"line":7,"column":32}},"6":{"start":{"line":12,"column":26},"end":{"line":164,"column":1}},"7":{"start":{"line":21,"column":24},"end":{"line":21,"column":123}},"8":{"start":{"line":22,"column":20},"end":{"line":22,"column":53}},"9":{"start":{"line":25,"column":19},"end":{"line":25,"column":48}},"10":{"start":{"line":26,"column":20},"end":{"line":28,"column":6}},"11":{"start":{"line":31,"column":4},"end":{"line":33,"column":7}},"12":{"start":{"line":32,"column":6},"end":{"line":32,"column":81}},"13":{"start":{"line":35,"column":4},"end":{"line":37,"column":7}},"14":{"start":{"line":36,"column":6},"end":{"line":36,"column":16}},"15":{"start":{"line":40,"column":4},"end":{"line":40,"column":25}},"16":{"start":{"line":43,"column":18},"end":{"line":43,"column":54}},"17":{"start":{"line":44,"column":4},"end":{"line":49,"column":5}},"18":{"start":{"line":45,"column":6},"end":{"line":48,"column":7}},"19":{"start":{"line":46,"column":25},"end":{"line":46,"column":51}},"20":{"start":{"line":47,"column":8},"end":{"line":47,"column":47}},"21":{"start":{"line":52,"column":4},"end":{"line":52,"column":29}},"22":{"start":{"line":54,"column":4},"end":{"line":54,"column":19}},"23":{"start":{"line":65,"column":19},"end":{"line":65,"column":46}},"24":{"start":{"line":66,"column":4},"end":{"line":68,"column":5}},"25":{"start":{"line":67,"column":6},"end":{"line":67,"column":48}},"26":{"start":{"line":71,"column":18},"end":{"line":71,"column":54}},"27":{"start":{"line":72,"column":21},"end":{"line":72,"column":64}},"28":{"start":{"line":72,"column":42},"end":{"line":72,"column":63}},"29":{"start":{"line":75,"column":4},"end":{"line":88,"column":5}},"30":{"start":{"line":76,"column":22},"end":{"line":76,"column":51}},"31":{"start":{"line":77,"column":22},"end":{"line":77,"column":53}},"32":{"start":{"line":78,"column":22},"end":{"line":78,"column":48}},"33":{"start":{"line":81,"column":25},"end":{"line":81,"column":53}},"34":{"start":{"line":84,"column":26},"end":{"line":84,"column":55}},"35":{"start":{"line":87,"column":6},"end":{"line":87,"column":80}},"36":{"start":{"line":91,"column":24},"end":{"line":91,"column":127}},"37":{"start":{"line":92,"column":20},"end":{"line":92,"column":53}},"38":{"start":{"line":94,"column":19},"end":{"line":94,"column":48}},"39":{"start":{"line":95,"column":20},"end":{"line":97,"column":6}},"40":{"start":{"line":99,"column":4},"end":{"line":99,"column":25}},"41":{"start":{"line":102,"column":4},"end":{"line":102,"column":37}},"42":{"start":{"line":104,"column":4},"end":{"line":104,"column":29}},"43":{"start":{"line":106,"column":4},"end":{"line":106,"column":19}},"44":{"start":{"line":118,"column":22},"end":{"line":118,"column":63}},"45":{"start":{"line":121,"column":4},"end":{"line":123,"column":5}},"46":{"start":{"line":122,"column":6},"end":{"line":122,"column":51}},"47":{"start":{"line":125,"column":21},"end":{"line":125,"column":81}},"48":{"start":{"line":127,"column":4},"end":{"line":150,"column":5}},"49":{"start":{"line":131,"column":24},"end":{"line":131,"column":63}},"50":{"start":{"line":133,"column":8},"end":{"line":133,"column":23}},"51":{"start":{"line":138,"column":26},"end":{"line":138,"column":66}},"52":{"start":{"line":140,"column":8},"end":{"line":140,"column":25}},"53":{"start":{"line":144,"column":24},"end":{"line":144,"column":63}},"54":{"start":{"line":145,"column":8},"end":{"line":145,"column":59}},"55":{"start":{"line":146,"column":8},"end":{"line":146,"column":23}},"56":{"start":{"line":149,"column":8},"end":{"line":149,"column":74}},"57":{"start":{"line":162,"column":4},"end":{"line":162,"column":80}},"58":{"start":{"line":174,"column":2},"end":{"line":191,"column":5}},"59":{"start":{"line":176,"column":28},"end":{"line":183,"column":6}},"60":{"start":{"line":181,"column":8},"end":{"line":181,"column":30}},"61":{"start":{"line":185,"column":4},"end":{"line":190,"column":27}},"62":{"start":{"line":202,"column":2},"end":{"line":235,"column":5}},"63":{"start":{"line":203,"column":4},"end":{"line":234,"column":5}},"64":{"start":{"line":205,"column":23},"end":{"line":205,"column":25}},"65":{"start":{"line":208,"column":6},"end":{"line":210,"column":7}},"66":{"start":{"line":209,"column":8},"end":{"line":209,"column":52}},"67":{"start":{"line":213,"column":6},"end":{"line":227,"column":7}},"68":{"start":{"line":214,"column":8},"end":{"line":226,"column":9}},"69":{"start":{"line":215,"column":10},"end":{"line":225,"column":11}},"70":{"start":{"line":217,"column":33},"end":{"line":222,"column":14}},"71":{"start":{"line":218,"column":14},"end":{"line":220,"column":15}},"72":{"start":{"line":219,"column":16},"end":{"line":219,"column":36}},"73":{"start":{"line":221,"column":14},"end":{"line":221,"column":27}},"74":{"start":{"line":224,"column":12},"end":{"line":224,"column":56}},"75":{"start":{"line":230,"column":6},"end":{"line":230,"column":47}},"76":{"start":{"line":231,"column":6},"end":{"line":231,"column":26}},"77":{"start":{"line":233,"column":6},"end":{"line":233,"column":20}},"78":{"start":{"line":238,"column":0},"end":{"line":238,"column":35}}},"fnMap":{"0":{"name":"(anonymous_0)","decl":{"start":{"line":19,"column":19},"end":{"line":19,"column":20}},"loc":{"start":{"line":19,"column":56},"end":{"line":55,"column":3}},"line":19},"1":{"name":"(anonymous_1)","decl":{"start":{"line":31,"column":23},"end":{"line":31,"column":24}},"loc":{"start":{"line":31,"column":29},"end":{"line":33,"column":5}},"line":31},"2":{"name":"(anonymous_2)","decl":{"start":{"line":35,"column":24},"end":{"line":35,"column":25}},"loc":{"start":{"line":35,"column":33},"end":{"line":37,"column":5}},"line":35},"3":{"name":"(anonymous_3)","decl":{"start":{"line":63,"column":19},"end":{"line":63,"column":20}},"loc":{"start":{"line":63,"column":56},"end":{"line":107,"column":3}},"line":63},"4":{"name":"(anonymous_4)","decl":{"start":{"line":72,"column":34},"end":{"line":72,"column":35}},"loc":{"start":{"line":72,"column":42},"end":{"line":72,"column":63}},"line":72},"5":{"name":"(anonymous_5)","decl":{"start":{"line":116,"column":25},"end":{"line":116,"column":26}},"loc":{"start":{"line":116,"column":61},"end":{"line":151,"column":3}},"line":116},"6":{"name":"(anonymous_6)","decl":{"start":{"line":159,"column":22},"end":{"line":159,"column":23}},"loc":{"start":{"line":159,"column":46},"end":{"line":163,"column":3}},"line":159},"7":{"name":"convertTxtToCsv","decl":{"start":{"line":173,"column":15},"end":{"line":173,"column":30}},"loc":{"start":{"line":173,"column":68},"end":{"line":192,"column":1}},"line":173},"8":{"name":"(anonymous_8)","decl":{"start":{"line":174,"column":21},"end":{"line":174,"column":22}},"loc":{"start":{"line":174,"column":42},"end":{"line":191,"column":3}},"line":174},"9":{"name":"(anonymous_9)","decl":{"start":{"line":178,"column":6},"end":{"line":178,"column":7}},"loc":{"start":{"line":178,"column":43},"end":{"line":182,"column":7}},"line":178},"10":{"name":"generateCsvReport","decl":{"start":{"line":201,"column":15},"end":{"line":201,"column":32}},"loc":{"start":{"line":201,"column":63},"end":{"line":236,"column":1}},"line":201},"11":{"name":"(anonymous_11)","decl":{"start":{"line":202,"column":21},"end":{"line":202,"column":22}},"loc":{"start":{"line":202,"column":42},"end":{"line":235,"column":3}},"line":202},"12":{"name":"(anonymous_12)","decl":{"start":{"line":217,"column":41},"end":{"line":217,"column":42}},"loc":{"start":{"line":217,"column":50},"end":{"line":222,"column":13}},"line":217}},"branchMap":{"0":{"loc":{"start":{"line":45,"column":6},"end":{"line":48,"column":7}},"type":"if","locations":[{"start":{"line":45,"column":6},"end":{"line":48,"column":7}},{"start":{},"end":{}}],"line":45},"1":{"loc":{"start":{"line":66,"column":4},"end":{"line":68,"column":5}},"type":"if","locations":[{"start":{"line":66,"column":4},"end":{"line":68,"column":5}},{"start":{},"end":{}}],"line":66},"2":{"loc":{"start":{"line":121,"column":4},"end":{"line":123,"column":5}},"type":"if","locations":[{"start":{"line":121,"column":4},"end":{"line":123,"column":5}},{"start":{},"end":{}}],"line":121},"3":{"loc":{"start":{"line":127,"column":4},"end":{"line":150,"column":5}},"type":"switch","locations":[{"start":{"line":128,"column":6},"end":{"line":133,"column":23}},{"start":{"line":135,"column":6},"end":{"line":140,"column":25}},{"start":{"line":142,"column":6},"end":{"line":146,"column":23}},{"start":{"line":148,"column":6},"end":{"line":149,"column":74}}],"line":127},"4":{"loc":{"start":{"line":208,"column":6},"end":{"line":210,"column":7}},"type":"if","locations":[{"start":{"line":208,"column":6},"end":{"line":210,"column":7}},{"start":{},"end":{}}],"line":208},"5":{"loc":{"start":{"line":208,"column":10},"end":{"line":208,"column":53}},"type":"binary-expr","locations":[{"start":{"line":208,"column":10},"end":{"line":208,"column":22}},{"start":{"line":208,"column":26},"end":{"line":208,"column":53}}],"line":208},"6":{"loc":{"start":{"line":213,"column":6},"end":{"line":227,"column":7}},"type":"if","locations":[{"start":{"line":213,"column":6},"end":{"line":227,"column":7}},{"start":{},"end":{}}],"line":213},"7":{"loc":{"start":{"line":213,"column":10},"end":{"line":213,"column":47}},"type":"binary-expr","locations":[{"start":{"line":213,"column":10},"end":{"line":213,"column":19}},{"start":{"line":213,"column":23},"end":{"line":213,"column":47}}],"line":213},"8":{"loc":{"start":{"line":215,"column":10},"end":{"line":225,"column":11}},"type":"if","locations":[{"start":{"line":215,"column":10},"end":{"line":225,"column":11}},{"start":{},"end":{}}],"line":215},"9":{"loc":{"start":{"line":218,"column":14},"end":{"line":220,"column":15}},"type":"if","locations":[{"start":{"line":218,"column":14},"end":{"line":220,"column":15}},{"start":{},"end":{}}],"line":218},"10":{"loc":{"start":{"line":218,"column":18},"end":{"line":218,"column":66}},"type":"binary-expr","locations":[{"start":{"line":218,"column":18},"end":{"line":218,"column":43}},{"start":{"line":218,"column":47},"end":{"line":218,"column":66}}],"line":218}},"s":{"0":1,"1":1,"2":1,"3":1,"4":1,"5":1,"6":1,"7":0,"8":0,"9":0,"10":0,"11":0,"12":0,"13":0,"14":0,"15":0,"16":0,"17":0,"18":0,"19":0,"20":0,"21":0,"22":0,"23":0,"24":0,"25":0,"26":0,"27":0,"28":0,"29":0,"30":0,"31":0,"32":0,"33":0,"34":0,"35":0,"36":0,"37":0,"38":0,"39":0,"40":0,"41":0,"42":0,"43":0,"44":0,"45":0,"46":0,"47":0,"48":0,"49":0,"50":0,"51":0,"52":0,"53":0,"54":0,"55":0,"56":0,"57":0,"58":0,"59":0,"60":0,"61":0,"62":0,"63":0,"64":0,"65":0,"66":0,"67":0,"68":0,"69":0,"70":0,"71":0,"72":0,"73":0,"74":0,"75":0,"76":0,"77":0,"78":1},"f":{"0":0,"1":0,"2":0,"3":0,"4":0,"5":0,"6":0,"7":0,"8":0,"9":0,"10":0,"11":0,"12":0},"b":{"0":[0,0],"1":[0,0],"2":[0,0],"3":[0,0,0,0],"4":[0,0],"5":[0,0],"6":[0,0],"7":[0,0],"8":[0,0],"9":[0,0],"10":[0,0]},"_coverageSchema":"1a1c01bbd47fc00a2c39e90264f33305004495a9","hash":"7aa1e12dbbdd9e2ccce91d1fcb5c31817e1e5e4e"}
,"/home/ubuntu/Facturacion/facturacion-control/backend/src/utils/logger.js": {"path":"/home/ubuntu/Facturacion/facturacion-control/backend/src/utils/logger.js","statementMap":{"0":{"start":{"line":2,"column":16},"end":{"line":2,"column":34}},"1":{"start":{"line":3,"column":31},"end":{"line":3,"column":38}},"2":{"start":{"line":4,"column":0},"end":{"line":4,"column":27}},"3":{"start":{"line":7,"column":21},"end":{"line":12,"column":1}},"4":{"start":{"line":15,"column":15},"end":{"line":24,"column":2}},"5":{"start":{"line":27,"column":0},"end":{"line":40,"column":1}},"6":{"start":{"line":28,"column":2},"end":{"line":39,"column":6}},"7":{"start":{"line":32,"column":26},"end":{"line":32,"column":40}},"8":{"start":{"line":33,"column":22},"end":{"line":33,"column":32}},"9":{"start":{"line":34,"column":24},"end":{"line":34,"column":111}},"10":{"start":{"line":35,"column":21},"end":{"line":35,"column":80}},"11":{"start":{"line":36,"column":8},"end":{"line":36,"column":61}},"12":{"start":{"line":43,"column":0},"end":{"line":56,"column":2}},"13":{"start":{"line":44,"column":2},"end":{"line":55,"column":5}},"14":{"start":{"line":58,"column":0},"end":{"line":64,"column":2}},"15":{"start":{"line":59,"column":2},"end":{"line":63,"column":5}},"16":{"start":{"line":66,"column":0},"end":{"line":83,"column":2}},"17":{"start":{"line":67,"column":18},"end":{"line":72,"column":3}},"18":{"start":{"line":74,"column":2},"end":{"line":80,"column":3}},"19":{"start":{"line":75,"column":4},"end":{"line":75,"column":32}},"20":{"start":{"line":76,"column":4},"end":{"line":76,"column":34}},"21":{"start":{"line":77,"column":4},"end":{"line":77,"column":30}},"22":{"start":{"line":78,"column":4},"end":{"line":78,"column":32}},"23":{"start":{"line":79,"column":4},"end":{"line":79,"column":35}},"24":{"start":{"line":82,"column":2},"end":{"line":82,"column":24}},"25":{"start":{"line":85,"column":0},"end":{"line":92,"column":2}},"26":{"start":{"line":86,"column":2},"end":{"line":91,"column":5}},"27":{"start":{"line":94,"column":0},"end":{"line":94,"column":24}}},"fnMap":{"0":{"name":"(anonymous_0)","decl":{"start":{"line":31,"column":20},"end":{"line":31,"column":21}},"loc":{"start":{"line":31,"column":30},"end":{"line":37,"column":7}},"line":31},"1":{"name":"(anonymous_1)","decl":{"start":{"line":43,"column":20},"end":{"line":43,"column":21}},"loc":{"start":{"line":43,"column":40},"end":{"line":56,"column":1}},"line":43},"2":{"name":"(anonymous_2)","decl":{"start":{"line":58,"column":21},"end":{"line":58,"column":22}},"loc":{"start":{"line":58,"column":41},"end":{"line":64,"column":1}},"line":58},"3":{"name":"(anonymous_3)","decl":{"start":{"line":66,"column":18},"end":{"line":66,"column":19}},"loc":{"start":{"line":66,"column":62},"end":{"line":83,"column":1}},"line":66},"4":{"name":"(anonymous_4)","decl":{"start":{"line":85,"column":24},"end":{"line":85,"column":25}},"loc":{"start":{"line":85,"column":66},"end":{"line":92,"column":1}},"line":85}},"branchMap":{"0":{"loc":{"start":{"line":16,"column":9},"end":{"line":16,"column":65}},"type":"cond-expr","locations":[{"start":{"line":16,"column":49},"end":{"line":16,"column":55}},{"start":{"line":16,"column":58},"end":{"line":16,"column":65}}],"line":16},"1":{"loc":{"start":{"line":27,"column":0},"end":{"line":40,"column":1}},"type":"if","locations":[{"start":{"line":27,"column":0},"end":{"line":40,"column":1}},{"start":{},"end":{}}],"line":27},"2":{"loc":{"start":{"line":34,"column":24},"end":{"line":34,"column":111}},"type":"cond-expr","locations":[{"start":{"line":34,"column":59},"end":{"line":34,"column":96}},{"start":{"line":34,"column":99},"end":{"line":34,"column":111}}],"line":34},"3":{"loc":{"start":{"line":35,"column":21},"end":{"line":35,"column":80}},"type":"cond-expr","locations":[{"start":{"line":35,"column":37},"end":{"line":35,"column":75}},{"start":{"line":35,"column":78},"end":{"line":35,"column":80}}],"line":35},"4":{"loc":{"start":{"line":43,"column":26},"end":{"line":43,"column":35}},"type":"default-arg","locations":[{"start":{"line":43,"column":33},"end":{"line":43,"column":35}}],"line":43},"5":{"loc":{"start":{"line":58,"column":27},"end":{"line":58,"column":36}},"type":"default-arg","locations":[{"start":{"line":58,"column":34},"end":{"line":58,"column":36}}],"line":58},"6":{"loc":{"start":{"line":66,"column":26},"end":{"line":66,"column":36}},"type":"default-arg","locations":[{"start":{"line":66,"column":32},"end":{"line":66,"column":36}}],"line":66},"7":{"loc":{"start":{"line":66,"column":38},"end":{"line":66,"column":57}},"type":"default-arg","locations":[{"start":{"line":66,"column":55},"end":{"line":66,"column":57}}],"line":66},"8":{"loc":{"start":{"line":74,"column":2},"end":{"line":80,"column":3}},"type":"if","locations":[{"start":{"line":74,"column":2},"end":{"line":80,"column":3}},{"start":{},"end":{}}],"line":74},"9":{"loc":{"start":{"line":85,"column":48},"end":{"line":85,"column":61}},"type":"default-arg","locations":[{"start":{"line":85,"column":59},"end":{"line":85,"column":61}}],"line":85}},"s":{"0":1,"1":1,"2":1,"3":1,"4":1,"5":1,"6":1,"7":0,"8":0,"9":0,"10":0,"11":0,"12":1,"13":0,"14":1,"15":0,"16":1,"17":0,"18":0,"19":0,"20":0,"21":0,"22":0,"23":0,"24":0,"25":1,"26":0,"27":1},"f":{"0":0,"1":0,"2":0,"3":0,"4":0},"b":{"0":[0,1],"1":[1,0],"2":[0,0],"3":[0,0],"4":[0],"5":[0],"6":[0],"7":[0],"8":[0,0],"9":[0]},"_coverageSchema":"1a1c01bbd47fc00a2c39e90264f33305004495a9","hash":"0cadbf6ae3ca33fe5c916e7896f39fd4360dd2cf"}
}
