TN:
SF:src/app.js
FN:68,(anonymous_0)
FN:70,(anonymous_1)
FN:70,(anonymous_2)
FN:135,(anonymous_3)
FN:147,(anonymous_4)
FN:157,(anonymous_5)
FNF:6
FNH:0
FNDA:0,(anonymous_0)
FNDA:0,(anonymous_1)
FNDA:0,(anonymous_2)
FNDA:0,(anonymous_3)
FNDA:0,(anonymous_4)
FNDA:0,(anonymous_5)
DA:1,0
DA:2,0
DA:3,0
DA:4,0
DA:5,0
DA:7,0
DA:8,0
DA:11,0
DA:12,0
DA:13,0
DA:14,0
DA:15,0
DA:16,0
DA:17,0
DA:18,0
DA:19,0
DA:20,0
DA:21,0
DA:25,0
DA:26,0
DA:27,0
DA:28,0
DA:31,0
DA:32,0
DA:33,0
DA:34,0
DA:37,0
DA:57,0
DA:60,0
DA:63,0
DA:64,0
DA:67,0
DA:69,0
DA:70,0
DA:74,0
DA:75,0
DA:79,0
DA:83,0
DA:84,0
DA:87,0
DA:88,0
DA:90,0
DA:96,0
DA:113,0
DA:116,0
DA:117,0
DA:118,0
DA:119,0
DA:120,0
DA:121,0
DA:122,0
DA:123,0
DA:124,0
DA:125,0
DA:126,0
DA:129,0
DA:130,0
DA:131,0
DA:132,0
DA:135,0
DA:136,0
DA:144,0
DA:147,0
DA:148,0
DA:153,0
DA:156,0
DA:157,0
DA:158,0
DA:159,0
LF:69
LH:0
BRDA:69,0,0,0
BRDA:69,0,1,0
BRDA:70,1,0,0
BRDA:70,1,1,0
BRDA:74,2,0,0
BRDA:74,2,1,0
BRDA:74,3,0,0
BRDA:74,3,1,0
BRDA:83,4,0,0
BRDA:83,4,1,0
BRDA:83,5,0,0
BRDA:83,5,1,0
BRDA:87,6,0,0
BRDA:87,6,1,0
BRDA:156,7,0,0
BRDA:156,7,1,0
BRF:16
BRH:0
end_of_record
TN:
SF:src/controllers/auditController.js
FN:20,(anonymous_0)
FN:93,(anonymous_1)
FN:131,(anonymous_2)
FN:187,(anonymous_3)
FN:211,(anonymous_4)
FN:212,(anonymous_5)
FN:213,(anonymous_6)
FN:214,(anonymous_7)
FN:215,(anonymous_8)
FN:229,(anonymous_9)
FN:262,(anonymous_10)
FN:288,(anonymous_11)
FN:290,(anonymous_12)
FN:295,(anonymous_13)
FN:307,(anonymous_14)
FN:362,(anonymous_15)
FN:394,(anonymous_16)
FN:467,(anonymous_17)
FN:561,(anonymous_18)
FN:595,(anonymous_19)
FN:625,(anonymous_20)
FN:639,(anonymous_21)
FN:674,(anonymous_22)
FN:721,(anonymous_23)
FN:747,(anonymous_24)
FN:779,(anonymous_25)
FN:835,(anonymous_26)
FN:956,(anonymous_27)
FN:972,(anonymous_28)
FN:980,(anonymous_29)
FN:981,(anonymous_30)
FN:982,(anonymous_31)
FN:983,(anonymous_32)
FN:984,(anonymous_33)
FN:987,(anonymous_34)
FN:988,(anonymous_35)
FN:1025,(anonymous_36)
FN:1061,(anonymous_37)
FN:1108,processAudit
FN:1234,verifyService
FN:1249,(anonymous_40)
FN:1362,evaluateBillingRule
FN:1376,checkServiceDocumentation
FN:1388,checkServiceFrequency
FN:1402,applyServiceValidationRule
FN:1440,applyContractComplianceRule
FN:1497,(anonymous_46)
FN:1541,applyCodingAccuracyRule
FN:1593,applyTariffValidationRule
FN:1639,getReferencePrice
FN:1652,applyDocumentationRule
FN:1659,(anonymous_51)
FN:1660,(anonymous_52)
FN:1670,(anonymous_53)
FN:1682,(anonymous_54)
FN:1683,(anonymous_55)
FN:1695,(anonymous_56)
FN:1711,getRequiredDocumentation
FN:1721,getAvailableDocumentation
FN:1731,getRequiredDocumentationForService
FN:1742,getAvailableDocumentationForService
FN:1753,applyRegulatoryComplianceRule
FN:1768,applyGenericRule
FN:1783,checkRuleConditions
FNF:64
FNH:0
FNDA:0,(anonymous_0)
FNDA:0,(anonymous_1)
FNDA:0,(anonymous_2)
FNDA:0,(anonymous_3)
FNDA:0,(anonymous_4)
FNDA:0,(anonymous_5)
FNDA:0,(anonymous_6)
FNDA:0,(anonymous_7)
FNDA:0,(anonymous_8)
FNDA:0,(anonymous_9)
FNDA:0,(anonymous_10)
FNDA:0,(anonymous_11)
FNDA:0,(anonymous_12)
FNDA:0,(anonymous_13)
FNDA:0,(anonymous_14)
FNDA:0,(anonymous_15)
FNDA:0,(anonymous_16)
FNDA:0,(anonymous_17)
FNDA:0,(anonymous_18)
FNDA:0,(anonymous_19)
FNDA:0,(anonymous_20)
FNDA:0,(anonymous_21)
FNDA:0,(anonymous_22)
FNDA:0,(anonymous_23)
FNDA:0,(anonymous_24)
FNDA:0,(anonymous_25)
FNDA:0,(anonymous_26)
FNDA:0,(anonymous_27)
FNDA:0,(anonymous_28)
FNDA:0,(anonymous_29)
FNDA:0,(anonymous_30)
FNDA:0,(anonymous_31)
FNDA:0,(anonymous_32)
FNDA:0,(anonymous_33)
FNDA:0,(anonymous_34)
FNDA:0,(anonymous_35)
FNDA:0,(anonymous_36)
FNDA:0,(anonymous_37)
FNDA:0,processAudit
FNDA:0,verifyService
FNDA:0,(anonymous_40)
FNDA:0,evaluateBillingRule
FNDA:0,checkServiceDocumentation
FNDA:0,checkServiceFrequency
FNDA:0,applyServiceValidationRule
FNDA:0,applyContractComplianceRule
FNDA:0,(anonymous_46)
FNDA:0,applyCodingAccuracyRule
FNDA:0,applyTariffValidationRule
FNDA:0,getReferencePrice
FNDA:0,applyDocumentationRule
FNDA:0,(anonymous_51)
FNDA:0,(anonymous_52)
FNDA:0,(anonymous_53)
FNDA:0,(anonymous_54)
FNDA:0,(anonymous_55)
FNDA:0,(anonymous_56)
FNDA:0,getRequiredDocumentation
FNDA:0,getAvailableDocumentation
FNDA:0,getRequiredDocumentationForService
FNDA:0,getAvailableDocumentationForService
FNDA:0,applyRegulatoryComplianceRule
FNDA:0,applyGenericRule
FNDA:0,checkRuleConditions
DA:1,0
DA:2,0
DA:3,0
DA:4,0
DA:5,0
DA:6,0
DA:7,0
DA:8,0
DA:9,0
DA:14,0
DA:21,0
DA:28,0
DA:31,0
DA:32,0
DA:39,0
DA:43,0
DA:44,0
DA:47,0
DA:48,0
DA:52,0
DA:59,0
DA:60,0
DA:67,0
DA:69,0
DA:71,0
DA:77,0
DA:80,0
DA:81,0
DA:88,0
DA:93,0
DA:100,0
DA:103,0
DA:106,0
DA:112,0
DA:118,0
DA:132,0
DA:133,0
DA:136,0
DA:138,0
DA:139,0
DA:142,0
DA:143,0
DA:149,0
DA:156,0
DA:158,0
DA:168,0
DA:174,0
DA:188,0
DA:189,0
DA:192,0
DA:196,0
DA:197,0
DA:204,0
DA:210,0
DA:211,0
DA:212,0
DA:213,0
DA:214,0
DA:215,0
DA:219,0
DA:230,0
DA:234,0
DA:243,0
DA:249,0
DA:263,0
DA:270,0
DA:273,0
DA:275,0
DA:276,0
DA:279,0
DA:280,0
DA:284,0
DA:287,0
DA:288,0
DA:289,0
DA:290,0
DA:291,0
DA:294,0
DA:295,0
DA:299,0
DA:307,0
DA:308,0
DA:309,0
DA:313,0
DA:314,0
DA:315,0
DA:316,0
DA:319,0
DA:321,0
DA:322,0
DA:329,0
DA:343,0
DA:344,0
DA:346,0
DA:347,0
DA:352,0
DA:353,0
DA:355,0
DA:362,0
DA:370,0
DA:375,0
DA:381,0
DA:395,0
DA:396,0
DA:399,0
DA:401,0
DA:402,0
DA:405,0
DA:406,0
DA:409,0
DA:410,0
DA:414,0
DA:419,0
DA:426,0
DA:427,0
DA:430,0
DA:431,0
DA:440,0
DA:441,0
DA:444,0
DA:447,0
DA:448,0
DA:459,0
DA:463,0
DA:464,0
DA:466,0
DA:467,0
DA:469,0
DA:470,0
DA:484,0
DA:487,0
DA:488,0
DA:491,0
DA:492,0
DA:512,0
DA:519,0
DA:520,0
DA:522,0
DA:527,0
DA:528,0
DA:529,0
DA:530,0
DA:532,0
DA:535,0
DA:537,0
DA:542,0
DA:548,0
DA:562,0
DA:563,0
DA:566,0
DA:568,0
DA:569,0
DA:572,0
DA:573,0
DA:576,0
DA:577,0
DA:581,0
DA:586,0
DA:592,0
DA:594,0
DA:595,0
DA:596,0
DA:598,0
DA:599,0
DA:614,0
DA:619,0
DA:620,0
DA:623,0
DA:624,0
DA:625,0
DA:628,0
DA:629,0
DA:639,0
DA:643,0
DA:649,0
DA:650,0
DA:652,0
DA:653,0
DA:654,0
DA:657,0
DA:661,0
DA:662,0
DA:663,0
DA:674,0
DA:678,0
DA:687,0
DA:688,0
DA:689,0
DA:690,0
DA:692,0
DA:695,0
DA:697,0
DA:702,0
DA:708,0
DA:722,0
DA:723,0
DA:724,0
DA:727,0
DA:731,0
DA:732,0
DA:739,0
DA:745,0
DA:747,0
DA:751,0
DA:754,0
DA:760,0
DA:766,0
DA:780,0
DA:781,0
DA:782,0
DA:785,0
DA:786,0
DA:793,0
DA:795,0
DA:796,0
DA:803,0
DA:804,0
DA:805,0
DA:806,0
DA:808,0
DA:810,0
DA:816,0
DA:822,0
DA:836,0
DA:837,0
DA:838,0
DA:841,0
DA:842,0
DA:849,0
DA:853,0
DA:854,0
DA:861,0
DA:863,0
DA:866,0
DA:867,0
DA:868,0
DA:869,0
DA:870,0
DA:872,0
DA:879,0
DA:883,0
DA:884,0
DA:885,0
DA:886,0
DA:887,0
DA:889,0
DA:895,0
DA:899,0
DA:900,0
DA:901,0
DA:903,0
DA:909,0
DA:912,0
DA:919,0
DA:920,0
DA:921,0
DA:922,0
DA:923,0
DA:924,0
DA:926,0
DA:928,0
DA:937,0
DA:943,0
DA:957,0
DA:958,0
DA:961,0
DA:963,0
DA:964,0
DA:968,0
DA:971,0
DA:972,0
DA:976,0
DA:980,0
DA:981,0
DA:982,0
DA:983,0
DA:984,0
DA:987,0
DA:988,0
DA:992,0
DA:993,0
DA:994,0
DA:995,0
DA:997,0
DA:1001,0
DA:1006,0
DA:1012,0
DA:1026,0
DA:1028,0
DA:1030,0
DA:1031,0
DA:1037,0
DA:1042,0
DA:1048,0
DA:1062,0
DA:1063,0
DA:1066,0
DA:1067,0
DA:1074,0
DA:1080,0
DA:1086,0
DA:1092,0
DA:1109,0
DA:1111,0
DA:1113,0
DA:1114,0
DA:1119,0
DA:1123,0
DA:1124,0
DA:1133,0
DA:1134,0
DA:1136,0
DA:1138,0
DA:1140,0
DA:1141,0
DA:1144,0
DA:1145,0
DA:1148,0
DA:1149,0
DA:1152,0
DA:1153,0
DA:1156,0
DA:1157,0
DA:1160,0
DA:1161,0
DA:1165,0
DA:1169,0
DA:1170,0
DA:1171,0
DA:1185,0
DA:1188,0
DA:1189,0
DA:1196,0
DA:1197,0
DA:1201,0
DA:1203,0
DA:1205,0
DA:1212,0
DA:1220,0
DA:1235,0
DA:1236,0
DA:1243,0
DA:1246,0
DA:1247,0
DA:1248,0
DA:1249,0
DA:1250,0
DA:1251,0
DA:1252,0
DA:1254,0
DA:1255,0
DA:1256,0
DA:1257,0
DA:1260,0
DA:1261,0
DA:1262,0
DA:1265,0
DA:1266,0
DA:1267,0
DA:1270,0
DA:1271,0
DA:1272,0
DA:1274,0
DA:1278,0
DA:1279,0
DA:1280,0
DA:1281,0
DA:1282,0
DA:1283,0
DA:1284,0
DA:1285,0
DA:1286,0
DA:1288,0
DA:1292,0
DA:1297,0
DA:1299,0
DA:1300,0
DA:1301,0
DA:1302,0
DA:1303,0
DA:1304,0
DA:1307,0
DA:1311,0
DA:1312,0
DA:1313,0
DA:1314,0
DA:1315,0
DA:1317,0
DA:1321,0
DA:1322,0
DA:1323,0
DA:1324,0
DA:1325,0
DA:1326,0
DA:1329,0
DA:1333,0
DA:1336,0
DA:1338,0
DA:1347,0
DA:1364,0
DA:1378,0
DA:1390,0
DA:1403,0
DA:1405,0
DA:1406,0
DA:1410,0
DA:1414,0
DA:1416,0
DA:1417,0
DA:1431,0
DA:1441,0
DA:1444,0
DA:1445,0
DA:1454,0
DA:1458,0
DA:1459,0
DA:1460,0
DA:1463,0
DA:1464,0
DA:1474,0
DA:1478,0
DA:1479,0
DA:1495,0
DA:1496,0
DA:1497,0
DA:1499,0
DA:1500,0
DA:1512,0
DA:1513,0
DA:1532,0
DA:1542,0
DA:1544,0
DA:1545,0
DA:1549,0
DA:1551,0
DA:1553,0
DA:1554,0
DA:1565,0
DA:1566,0
DA:1584,0
DA:1594,0
DA:1596,0
DA:1597,0
DA:1601,0
DA:1603,0
DA:1605,0
DA:1606,0
DA:1607,0
DA:1610,0
DA:1611,0
DA:1630,0
DA:1643,0
DA:1653,0
DA:1656,0
DA:1657,0
DA:1659,0
DA:1660,0
DA:1663,0
DA:1664,0
DA:1670,0
DA:1677,0
DA:1678,0
DA:1679,0
DA:1680,0
DA:1682,0
DA:1683,0
DA:1686,0
DA:1687,0
DA:1695,0
DA:1703,0
DA:1713,0
DA:1723,0
DA:1733,0
DA:1744,0
DA:1754,0
DA:1759,0
DA:1769,0
DA:1774,0
DA:1785,0
DA:1788,0
LF:480
LH:0
BRDA:25,0,0,0
BRDA:26,1,0,0
BRDA:27,2,0,0
BRDA:31,3,0,0
BRDA:31,3,1,0
BRDA:31,4,0,0
BRDA:31,4,1,0
BRDA:43,5,0,0
BRDA:43,5,1,0
BRDA:47,6,0,0
BRDA:47,6,1,0
BRDA:59,7,0,0
BRDA:59,7,1,0
BRDA:69,8,0,0
BRDA:69,8,1,0
BRDA:80,9,0,0
BRDA:80,9,1,0
BRDA:96,10,0,0
BRDA:96,10,1,0
BRDA:133,11,0,0
BRDA:133,12,0,0
BRDA:138,13,0,0
BRDA:138,13,1,0
BRDA:138,14,0,0
BRDA:138,14,1,0
BRDA:142,15,0,0
BRDA:142,15,1,0
BRDA:196,16,0,0
BRDA:196,16,1,0
BRDA:230,17,0,0
BRDA:230,17,1,0
BRDA:269,18,0,0
BRDA:275,19,0,0
BRDA:275,19,1,0
BRDA:275,20,0,0
BRDA:275,20,1,0
BRDA:279,21,0,0
BRDA:279,21,1,0
BRDA:287,22,0,0
BRDA:287,22,1,0
BRDA:289,23,0,0
BRDA:289,23,1,0
BRDA:295,24,0,0
BRDA:295,24,1,0
BRDA:314,25,0,0
BRDA:314,25,1,0
BRDA:314,26,0,0
BRDA:314,26,1,0
BRDA:338,27,0,0
BRDA:338,27,1,0
BRDA:343,28,0,0
BRDA:343,28,1,0
BRDA:352,29,0,0
BRDA:352,29,1,0
BRDA:396,30,0,0
BRDA:396,31,0,0
BRDA:401,32,0,0
BRDA:401,32,1,0
BRDA:401,33,0,0
BRDA:401,33,1,0
BRDA:405,34,0,0
BRDA:405,34,1,0
BRDA:409,35,0,0
BRDA:409,35,1,0
BRDA:430,36,0,0
BRDA:430,36,1,0
BRDA:447,37,0,0
BRDA:447,37,1,0
BRDA:447,38,0,0
BRDA:447,38,1,0
BRDA:463,39,0,0
BRDA:463,39,1,0
BRDA:463,40,0,0
BRDA:463,40,1,0
BRDA:466,41,0,0
BRDA:466,41,1,0
BRDA:469,42,0,0
BRDA:469,42,1,0
BRDA:491,43,0,0
BRDA:491,43,1,0
BRDA:503,44,0,0
BRDA:503,44,1,0
BRDA:519,45,0,0
BRDA:519,45,1,0
BRDA:529,46,0,0
BRDA:529,46,1,0
BRDA:563,47,0,0
BRDA:563,48,0,0
BRDA:568,49,0,0
BRDA:568,49,1,0
BRDA:568,50,0,0
BRDA:568,50,1,0
BRDA:572,51,0,0
BRDA:572,51,1,0
BRDA:576,52,0,0
BRDA:576,52,1,0
BRDA:594,53,0,0
BRDA:594,53,1,0
BRDA:594,54,0,0
BRDA:594,54,1,0
BRDA:598,55,0,0
BRDA:598,55,1,0
BRDA:619,56,0,0
BRDA:619,56,1,0
BRDA:623,57,0,0
BRDA:623,57,1,0
BRDA:625,58,0,0
BRDA:625,58,1,0
BRDA:628,59,0,0
BRDA:628,59,1,0
BRDA:628,60,0,0
BRDA:628,60,1,0
BRDA:649,61,0,0
BRDA:649,61,1,0
BRDA:649,62,0,0
BRDA:649,62,1,0
BRDA:653,63,0,0
BRDA:653,63,1,0
BRDA:662,64,0,0
BRDA:662,64,1,0
BRDA:689,65,0,0
BRDA:689,65,1,0
BRDA:724,66,0,0
BRDA:731,67,0,0
BRDA:731,67,1,0
BRDA:785,68,0,0
BRDA:785,68,1,0
BRDA:795,69,0,0
BRDA:795,69,1,0
BRDA:841,70,0,0
BRDA:841,70,1,0
BRDA:841,71,0,0
BRDA:841,71,1,0
BRDA:853,72,0,0
BRDA:853,72,1,0
BRDA:863,73,0,0
BRDA:863,73,1,0
BRDA:863,73,2,0
BRDA:863,73,3,0
BRDA:866,74,0,0
BRDA:866,74,1,0
BRDA:883,75,0,0
BRDA:883,75,1,0
BRDA:899,76,0,0
BRDA:899,76,1,0
BRDA:963,77,0,0
BRDA:963,77,1,0
BRDA:963,78,0,0
BRDA:963,78,1,0
BRDA:993,79,0,0
BRDA:993,79,1,0
BRDA:994,80,0,0
BRDA:994,80,1,0
BRDA:1030,81,0,0
BRDA:1030,81,1,0
BRDA:1066,82,0,0
BRDA:1066,82,1,0
BRDA:1066,83,0,0
BRDA:1066,83,1,0
BRDA:1066,83,2,0
BRDA:1113,84,0,0
BRDA:1113,84,1,0
BRDA:1138,85,0,0
BRDA:1138,85,1,0
BRDA:1138,85,2,0
BRDA:1138,85,3,0
BRDA:1138,85,4,0
BRDA:1138,85,5,0
BRDA:1138,85,6,0
BRDA:1169,86,0,0
BRDA:1169,86,1,0
BRDA:1169,87,0,0
BRDA:1169,87,1,0
BRDA:1176,88,0,0
BRDA:1176,88,1,0
BRDA:1180,89,0,0
BRDA:1180,89,1,0
BRDA:1181,90,0,0
BRDA:1181,90,1,0
BRDA:1243,91,0,0
BRDA:1243,91,1,0
BRDA:1243,91,2,0
BRDA:1243,91,3,0
BRDA:1243,91,4,0
BRDA:1243,91,5,0
BRDA:1246,92,0,0
BRDA:1246,92,1,0
BRDA:1248,93,0,0
BRDA:1248,93,1,0
BRDA:1248,94,0,0
BRDA:1248,94,1,0
BRDA:1250,95,0,0
BRDA:1250,95,1,0
BRDA:1254,96,0,0
BRDA:1254,96,1,0
BRDA:1256,97,0,0
BRDA:1256,97,1,0
BRDA:1279,98,0,0
BRDA:1279,98,1,0
BRDA:1283,99,0,0
BRDA:1283,99,1,0
BRDA:1300,100,0,0
BRDA:1300,100,1,0
BRDA:1312,101,0,0
BRDA:1312,101,1,0
BRDA:1321,102,0,0
BRDA:1321,102,1,0
BRDA:1323,103,0,0
BRDA:1323,103,1,0
BRDA:1405,104,0,0
BRDA:1405,104,1,0
BRDA:1405,105,0,0
BRDA:1405,105,1,0
BRDA:1416,106,0,0
BRDA:1416,106,1,0
BRDA:1419,107,0,0
BRDA:1419,107,1,0
BRDA:1444,108,0,0
BRDA:1444,108,1,0
BRDA:1459,109,0,0
BRDA:1459,109,1,0
BRDA:1463,110,0,0
BRDA:1463,110,1,0
BRDA:1478,111,0,0
BRDA:1478,111,1,0
BRDA:1478,112,0,0
BRDA:1478,112,1,0
BRDA:1495,113,0,0
BRDA:1495,113,1,0
BRDA:1495,114,0,0
BRDA:1495,114,1,0
BRDA:1499,115,0,0
BRDA:1499,115,1,0
BRDA:1512,116,0,0
BRDA:1512,116,1,0
BRDA:1544,117,0,0
BRDA:1544,117,1,0
BRDA:1544,118,0,0
BRDA:1544,118,1,0
BRDA:1553,119,0,0
BRDA:1553,119,1,0
BRDA:1565,120,0,0
BRDA:1565,120,1,0
BRDA:1596,121,0,0
BRDA:1596,121,1,0
BRDA:1596,122,0,0
BRDA:1596,122,1,0
BRDA:1605,123,0,0
BRDA:1605,123,1,0
BRDA:1610,124,0,0
BRDA:1610,124,1,0
BRDA:1613,125,0,0
BRDA:1613,125,1,0
BRDA:1663,126,0,0
BRDA:1663,126,1,0
BRDA:1677,127,0,0
BRDA:1677,127,1,0
BRDA:1686,128,0,0
BRDA:1686,128,1,0
BRF:259
BRH:0
end_of_record
TN:
SF:src/controllers/auditRulesController.js
FN:15,(anonymous_0)
FN:75,(anonymous_1)
FN:115,(anonymous_2)
FN:192,(anonymous_3)
FN:239,(anonymous_4)
FN:292,(anonymous_5)
FN:330,(anonymous_6)
FN:383,(anonymous_7)
FN:533,generateRuleCode
FN:550,(anonymous_9)
FN:562,applyServiceValidationRule
FN:567,applyContractComplianceRule
FN:572,applyCodingAccuracyRule
FN:577,applyTariffValidationRule
FN:582,applyDocumentationRule
FN:587,applyRegulatoryComplianceRule
FN:592,applyGenericRule
FNF:17
FNH:0
FNDA:0,(anonymous_0)
FNDA:0,(anonymous_1)
FNDA:0,(anonymous_2)
FNDA:0,(anonymous_3)
FNDA:0,(anonymous_4)
FNDA:0,(anonymous_5)
FNDA:0,(anonymous_6)
FNDA:0,(anonymous_7)
FNDA:0,generateRuleCode
FNDA:0,(anonymous_9)
FNDA:0,applyServiceValidationRule
FNDA:0,applyContractComplianceRule
FNDA:0,applyCodingAccuracyRule
FNDA:0,applyTariffValidationRule
FNDA:0,applyDocumentationRule
FNDA:0,applyRegulatoryComplianceRule
FNDA:0,applyGenericRule
DA:2,0
DA:3,0
DA:4,0
DA:9,0
DA:16,0
DA:17,0
DA:20,0
DA:22,0
DA:23,0
DA:26,0
DA:27,0
DA:35,0
DA:44,0
DA:46,0
DA:56,0
DA:62,0
DA:76,0
DA:77,0
DA:79,0
DA:84,0
DA:85,0
DA:91,0
DA:96,0
DA:102,0
DA:116,0
DA:134,0
DA:137,0
DA:138,0
DA:145,0
DA:165,0
DA:167,0
DA:173,0
DA:179,0
DA:193,0
DA:194,0
DA:195,0
DA:198,0
DA:201,0
DA:207,0
DA:208,0
DA:214,0
DA:220,0
DA:226,0
DA:240,0
DA:241,0
DA:242,0
DA:244,0
DA:245,0
DA:251,0
DA:260,0
DA:261,0
DA:267,0
DA:273,0
DA:279,0
DA:293,0
DA:294,0
DA:296,0
DA:298,0
DA:299,0
DA:305,0
DA:311,0
DA:317,0
DA:331,0
DA:332,0
DA:333,0
DA:336,0
DA:338,0
DA:339,0
DA:343,0
DA:352,0
DA:354,0
DA:364,0
DA:370,0
DA:384,0
DA:385,0
DA:386,0
DA:389,0
DA:390,0
DA:397,0
DA:399,0
DA:400,0
DA:407,0
DA:409,0
DA:410,0
DA:412,0
DA:413,0
DA:416,0
DA:417,0
DA:422,0
DA:430,0
DA:431,0
DA:438,0
DA:439,0
DA:441,0
DA:443,0
DA:445,0
DA:447,0
DA:448,0
DA:451,0
DA:452,0
DA:455,0
DA:456,0
DA:459,0
DA:460,0
DA:463,0
DA:464,0
DA:467,0
DA:468,0
DA:472,0
DA:476,0
DA:477,0
DA:479,0
DA:492,0
DA:512,0
DA:518,0
DA:535,0
DA:545,0
DA:548,0
DA:550,0
DA:555,0
DA:557,0
DA:564,0
DA:569,0
DA:574,0
DA:579,0
DA:584,0
DA:589,0
DA:594,0
DA:597,0
LF:129
LH:0
BRDA:17,0,0,0
BRDA:17,1,0,0
BRDA:22,2,0,0
BRDA:22,2,1,0
BRDA:26,3,0,0
BRDA:26,3,1,0
BRDA:84,4,0,0
BRDA:84,4,1,0
BRDA:124,5,0,0
BRDA:125,6,0,0
BRDA:126,7,0,0
BRDA:127,8,0,0
BRDA:128,9,0,0
BRDA:132,10,0,0
BRDA:137,11,0,0
BRDA:137,11,1,0
BRDA:137,12,0,0
BRDA:137,12,1,0
BRDA:137,12,2,0
BRDA:151,13,0,0
BRDA:151,13,1,0
BRDA:162,14,0,0
BRDA:162,14,1,0
BRDA:198,15,0,0
BRDA:198,15,1,0
BRDA:207,16,0,0
BRDA:207,16,1,0
BRDA:244,17,0,0
BRDA:244,17,1,0
BRDA:255,18,0,0
BRDA:255,18,1,0
BRDA:260,19,0,0
BRDA:260,19,1,0
BRDA:269,20,0,0
BRDA:269,20,1,0
BRDA:298,21,0,0
BRDA:298,21,1,0
BRDA:333,22,0,0
BRDA:333,23,0,0
BRDA:338,24,0,0
BRDA:338,24,1,0
BRDA:386,25,0,0
BRDA:386,26,0,0
BRDA:389,27,0,0
BRDA:389,27,1,0
BRDA:389,28,0,0
BRDA:389,28,1,0
BRDA:389,28,2,0
BRDA:389,28,3,0
BRDA:399,29,0,0
BRDA:399,29,1,0
BRDA:409,30,0,0
BRDA:409,30,1,0
BRDA:409,31,0,0
BRDA:409,31,1,0
BRDA:412,32,0,0
BRDA:412,32,1,0
BRDA:412,33,0,0
BRDA:412,33,1,0
BRDA:416,34,0,0
BRDA:416,34,1,0
BRDA:416,35,0,0
BRDA:416,35,1,0
BRDA:430,36,0,0
BRDA:430,36,1,0
BRDA:445,37,0,0
BRDA:445,37,1,0
BRDA:445,37,2,0
BRDA:445,37,3,0
BRDA:445,37,4,0
BRDA:445,37,5,0
BRDA:445,37,6,0
BRDA:476,38,0,0
BRDA:476,38,1,0
BRDA:476,39,0,0
BRDA:476,39,1,0
BRDA:545,40,0,0
BRDA:545,40,1,0
BRF:78
BRH:0
end_of_record
TN:
SF:src/controllers/authController.js
FN:8,(anonymous_0)
FN:13,(anonymous_1)
FN:20,(anonymous_2)
FN:54,(anonymous_3)
FN:239,(anonymous_4)
FN:306,(anonymous_5)
FN:384,(anonymous_6)
FNF:7
FNH:0
FNDA:0,(anonymous_0)
FNDA:0,(anonymous_1)
FNDA:0,(anonymous_2)
FNDA:0,(anonymous_3)
FNDA:0,(anonymous_4)
FNDA:0,(anonymous_5)
FNDA:0,(anonymous_6)
DA:1,0
DA:2,0
DA:3,0
DA:4,0
DA:5,0
DA:6,0
DA:8,0
DA:9,0
DA:13,0
DA:14,0
DA:20,0
DA:21,0
DA:22,0
DA:24,0
DA:25,0
DA:26,0
DA:29,0
DA:30,0
DA:32,0
DA:39,0
DA:47,0
DA:54,0
DA:55,0
DA:56,0
DA:57,0
DA:60,0
DA:68,0
DA:69,0
DA:75,0
DA:82,0
DA:89,0
DA:99,0
DA:100,0
DA:107,0
DA:114,0
DA:115,0
DA:122,0
DA:129,0
DA:130,0
DA:138,0
DA:146,0
DA:148,0
DA:157,0
DA:159,0
DA:162,0
DA:163,0
DA:166,0
DA:168,0
DA:178,0
DA:186,0
DA:187,0
DA:188,0
DA:191,0
DA:192,0
DA:195,0
DA:197,0
DA:206,0
DA:222,0
DA:229,0
DA:239,0
DA:240,0
DA:241,0
DA:243,0
DA:244,0
DA:251,0
DA:256,0
DA:258,0
DA:259,0
DA:266,0
DA:267,0
DA:269,0
DA:271,0
DA:273,0
DA:279,0
DA:285,0
DA:286,0
DA:288,0
DA:289,0
DA:295,0
DA:296,0
DA:306,0
DA:307,0
DA:308,0
DA:310,0
DA:311,0
DA:318,0
DA:319,0
DA:320,0
DA:327,0
DA:328,0
DA:330,0
DA:336,0
DA:337,0
DA:344,0
DA:345,0
DA:346,0
DA:347,0
DA:350,0
DA:351,0
DA:353,0
DA:356,0
DA:357,0
DA:359,0
DA:362,0
DA:368,0
DA:373,0
DA:374,0
DA:384,0
DA:385,0
DA:386,0
DA:387,0
DA:389,0
DA:390,0
DA:397,0
DA:398,0
DA:399,0
DA:406,0
DA:407,0
DA:408,0
DA:415,0
DA:416,0
DA:417,0
DA:423,0
DA:430,0
DA:431,0
DA:432,0
DA:439,0
DA:440,0
DA:441,0
DA:442,0
DA:444,0
DA:447,0
DA:448,0
DA:450,0
DA:453,0
DA:459,0
DA:464,0
DA:465,0
DA:472,0
LF:139
LH:0
BRDA:25,0,0,0
BRDA:25,0,1,0
BRDA:36,1,0,0
BRDA:36,1,1,0
BRDA:57,2,0,0
BRDA:57,2,1,0
BRDA:62,3,0,0
BRDA:62,3,1,0
BRDA:68,4,0,0
BRDA:68,4,1,0
BRDA:68,5,0,0
BRDA:68,5,1,0
BRDA:72,6,0,0
BRDA:72,6,1,0
BRDA:91,7,0,0
BRDA:91,7,1,0
BRDA:99,8,0,0
BRDA:99,8,1,0
BRDA:103,9,0,0
BRDA:103,9,1,0
BRDA:114,10,0,0
BRDA:114,10,1,0
BRDA:129,11,0,0
BRDA:129,11,1,0
BRDA:153,12,0,0
BRDA:153,12,1,0
BRDA:157,13,0,0
BRDA:157,13,1,0
BRDA:159,14,0,0
BRDA:159,14,1,0
BRDA:162,15,0,0
BRDA:162,15,1,0
BRDA:186,16,0,0
BRDA:186,16,1,0
BRDA:243,17,0,0
BRDA:243,17,1,0
BRDA:256,18,0,0
BRDA:256,18,1,0
BRDA:310,19,0,0
BRDA:310,19,1,0
BRDA:310,20,0,0
BRDA:310,20,1,0
BRDA:319,21,0,0
BRDA:319,21,1,0
BRDA:336,22,0,0
BRDA:336,22,1,0
BRDA:389,23,0,0
BRDA:389,23,1,0
BRDA:389,24,0,0
BRDA:389,24,1,0
BRDA:398,25,0,0
BRDA:398,25,1,0
BRDA:407,26,0,0
BRDA:407,26,1,0
BRDA:407,27,0,0
BRDA:407,27,1,0
BRDA:416,28,0,0
BRDA:416,28,1,0
BRDA:431,29,0,0
BRDA:431,29,1,0
BRF:60
BRH:0
end_of_record
TN:
SF:src/controllers/companyController.js
FN:4,(anonymous_0)
FN:13,(anonymous_1)
FNF:2
FNH:0
FNDA:0,(anonymous_0)
FNDA:0,(anonymous_1)
DA:1,0
DA:2,0
DA:4,0
DA:5,0
DA:6,0
DA:7,0
DA:9,0
DA:13,0
DA:14,0
DA:15,0
DA:19,0
DA:21,0
DA:25,0
LF:13
LH:0
BRF:0
BRH:0
end_of_record
TN:
SF:src/controllers/contractController.js
FN:6,(anonymous_0)
FN:21,(anonymous_1)
FN:80,(anonymous_2)
FN:132,(anonymous_3)
FN:164,(anonymous_4)
FN:179,(anonymous_5)
FN:226,oo_cm
FNF:7
FNH:0
FNDA:0,(anonymous_0)
FNDA:0,(anonymous_1)
FNDA:0,(anonymous_2)
FNDA:0,(anonymous_3)
FNDA:0,(anonymous_4)
FNDA:0,(anonymous_5)
FNDA:0,oo_cm
DA:1,1
DA:2,1
DA:6,1
DA:7,0
DA:8,0
DA:10,0
DA:11,0
DA:12,0
DA:15,0
DA:20,0
DA:23,0
DA:25,0
DA:27,0
DA:29,0
DA:30,0
DA:32,0
DA:33,0
DA:35,0
DA:53,0
DA:54,0
DA:55,0
DA:56,0
DA:59,0
DA:67,0
DA:71,0
DA:74,0
DA:75,0
DA:80,1
DA:81,0
DA:82,0
DA:87,0
DA:89,0
DA:91,0
DA:92,0
DA:96,0
DA:97,0
DA:102,0
DA:103,0
DA:109,0
DA:110,0
DA:112,0
DA:113,0
DA:119,0
DA:121,0
DA:123,0
DA:126,0
DA:127,0
DA:132,1
DA:133,0
DA:134,0
DA:139,0
DA:141,0
DA:142,0
DA:144,0
DA:145,0
DA:147,0
DA:148,0
DA:164,0
DA:165,0
DA:166,0
DA:167,0
DA:170,0
DA:173,0
DA:174,0
DA:179,1
DA:180,0
DA:182,0
DA:184,0
DA:185,0
DA:187,0
DA:188,0
DA:191,0
DA:193,0
DA:201,0
DA:206,0
DA:209,0
DA:210,0
DA:214,1
DA:226,0
LF:79
LH:7
BRDA:8,0,0,0
BRDA:11,1,0,0
BRDA:11,1,1,0
BRDA:27,2,0,0
BRDA:27,2,1,0
BRDA:54,3,0,0
BRDA:54,3,1,0
BRDA:54,4,0,0
BRDA:54,4,1,0
BRDA:61,5,0,0
BRDA:61,5,1,0
BRDA:62,6,0,0
BRDA:62,6,1,0
BRDA:91,7,0,0
BRDA:91,7,1,0
BRDA:96,8,0,0
BRDA:96,8,1,0
BRDA:96,9,0,0
BRDA:96,9,1,0
BRDA:96,9,2,0
BRDA:102,10,0,0
BRDA:102,10,1,0
BRDA:102,11,0,0
BRDA:102,11,1,0
BRDA:112,12,0,0
BRDA:112,12,1,0
BRDA:147,13,0,0
BRDA:147,13,1,0
BRDA:158,14,0,0
BRDA:158,14,1,0
BRDA:165,15,0,0
BRDA:165,15,1,0
BRDA:165,16,0,0
BRDA:165,16,1,0
BRDA:166,17,0,0
BRDA:166,17,1,0
BRDA:166,18,0,0
BRDA:166,18,1,0
BRDA:182,19,0,0
BRDA:182,19,1,0
BRDA:184,20,0,0
BRDA:184,20,1,0
BRDA:184,21,0,0
BRDA:184,21,1,0
BRDA:187,22,0,0
BRDA:187,22,1,0
BRDA:193,23,0,0
BRDA:193,23,1,0
BRDA:193,24,0,0
BRDA:193,24,1,0
BRDA:226,25,0,0
BRDA:226,25,1,0
BRF:52
BRH:0
end_of_record
TN:
SF:src/controllers/cupsController.js
FN:6,(anonymous_0)
FN:35,(anonymous_1)
FN:60,(anonymous_2)
FN:85,(anonymous_3)
FN:108,(anonymous_4)
FN:127,(anonymous_5)
FN:152,(anonymous_6)
FN:163,(anonymous_7)
FN:175,(anonymous_8)
FN:236,(anonymous_9)
FN:247,(anonymous_10)
FN:268,(anonymous_11)
FN:310,(anonymous_12)
FNF:13
FNH:0
FNDA:0,(anonymous_0)
FNDA:0,(anonymous_1)
FNDA:0,(anonymous_2)
FNDA:0,(anonymous_3)
FNDA:0,(anonymous_4)
FNDA:0,(anonymous_5)
FNDA:0,(anonymous_6)
FNDA:0,(anonymous_7)
FNDA:0,(anonymous_8)
FNDA:0,(anonymous_9)
FNDA:0,(anonymous_10)
FNDA:0,(anonymous_11)
FNDA:0,(anonymous_12)
DA:2,0
DA:3,0
DA:6,0
DA:7,0
DA:8,0
DA:10,0
DA:13,0
DA:14,0
DA:18,0
DA:19,0
DA:25,0
DA:28,0
DA:30,0
DA:35,0
DA:36,0
DA:37,0
DA:39,0
DA:49,0
DA:50,0
DA:53,0
DA:55,0
DA:60,0
DA:61,0
DA:62,0
DA:65,0
DA:66,0
DA:67,0
DA:70,0
DA:78,0
DA:80,0
DA:85,0
DA:86,0
DA:87,0
DA:88,0
DA:90,0
DA:91,0
DA:92,0
DA:95,0
DA:96,0
DA:97,0
DA:99,0
DA:101,0
DA:103,0
DA:108,0
DA:109,0
DA:110,0
DA:111,0
DA:114,0
DA:115,0
DA:116,0
DA:120,0
DA:121,0
DA:122,0
DA:126,0
DA:127,0
DA:130,0
DA:132,0
DA:133,0
DA:136,0
DA:143,0
DA:145,0
DA:147,0
DA:152,0
DA:153,0
DA:154,0
DA:156,0
DA:157,0
DA:158,0
DA:162,0
DA:163,0
DA:166,0
DA:168,0
DA:170,0
DA:175,0
DA:176,0
DA:177,0
DA:179,0
DA:185,0
DA:186,0
DA:187,0
DA:189,0
DA:190,0
DA:194,0
DA:198,0
DA:200,0
DA:202,0
DA:203,0
DA:205,0
DA:206,0
DA:209,0
DA:216,0
DA:219,0
DA:226,0
DA:231,0
DA:236,0
DA:237,0
DA:238,0
DA:240,0
DA:241,0
DA:242,0
DA:246,0
DA:247,0
DA:250,0
DA:251,0
DA:256,0
DA:263,0
DA:268,0
DA:269,0
DA:270,0
DA:271,0
DA:274,0
DA:275,0
DA:276,0
DA:279,0
DA:285,0
DA:286,0
DA:287,0
DA:289,0
DA:290,0
DA:294,0
DA:298,0
DA:300,0
DA:301,0
DA:305,0
DA:309,0
DA:310,0
DA:313,0
DA:315,0
DA:316,0
DA:317,0
DA:320,0
DA:321,0
DA:324,0
DA:330,0
DA:331,0
DA:334,0
DA:341,0
DA:346,0
DA:350,0
LF:139
LH:0
BRDA:13,0,0,0
BRDA:13,0,1,0
BRDA:18,1,0,0
BRDA:18,1,1,0
BRDA:49,2,0,0
BRDA:49,2,1,0
BRDA:66,3,0,0
BRDA:66,3,1,0
BRDA:74,4,0,0
BRDA:74,4,1,0
BRDA:91,5,0,0
BRDA:91,5,1,0
BRDA:95,6,0,0
BRDA:95,6,1,0
BRDA:96,7,0,0
BRDA:96,7,1,0
BRDA:97,8,0,0
BRDA:97,8,1,0
BRDA:115,9,0,0
BRDA:115,9,1,0
BRDA:121,10,0,0
BRDA:121,10,1,0
BRDA:127,11,0,0
BRDA:127,11,1,0
BRDA:130,12,0,0
BRDA:130,12,1,0
BRDA:133,13,0,0
BRDA:133,13,1,0
BRDA:139,14,0,0
BRDA:139,14,1,0
BRDA:157,15,0,0
BRDA:157,15,1,0
BRDA:163,16,0,0
BRDA:163,16,1,0
BRDA:189,17,0,0
BRDA:189,17,1,0
BRDA:189,18,0,0
BRDA:189,18,1,0
BRDA:200,19,0,0
BRDA:200,19,1,0
BRDA:203,20,0,0
BRDA:203,20,1,0
BRDA:212,21,0,0
BRDA:212,21,1,0
BRDA:220,22,0,0
BRDA:220,22,1,0
BRDA:241,23,0,0
BRDA:241,23,1,0
BRDA:247,24,0,0
BRDA:247,24,1,0
BRDA:250,25,0,0
BRDA:250,25,1,0
BRDA:260,26,0,0
BRDA:260,26,1,0
BRDA:275,27,0,0
BRDA:275,27,1,0
BRDA:289,28,0,0
BRDA:289,28,1,0
BRDA:289,29,0,0
BRDA:289,29,1,0
BRDA:300,30,0,0
BRDA:300,30,1,0
BRDA:310,31,0,0
BRDA:310,31,1,0
BRDA:313,32,0,0
BRDA:313,32,1,0
BRDA:316,33,0,0
BRDA:316,33,1,0
BRDA:327,34,0,0
BRDA:327,34,1,0
BRDA:335,35,0,0
BRDA:335,35,1,0
BRF:72
BRH:0
end_of_record
TN:
SF:src/controllers/dashboardController.js
FN:11,(anonymous_0)
FN:61,(anonymous_1)
FN:74,(anonymous_2)
FN:79,(anonymous_3)
FN:86,(anonymous_4)
FN:94,(anonymous_5)
FN:120,(anonymous_6)
FN:140,(anonymous_7)
FN:161,(anonymous_8)
FN:173,(anonymous_9)
FN:187,(anonymous_10)
FN:242,(anonymous_11)
FN:270,(anonymous_12)
FN:281,(anonymous_13)
FN:292,(anonymous_14)
FN:304,(anonymous_15)
FN:321,(anonymous_16)
FN:426,(anonymous_17)
FN:433,(anonymous_18)
FN:446,(anonymous_19)
FN:449,(anonymous_20)
FN:480,(anonymous_21)
FN:615,(anonymous_22)
FN:648,(anonymous_23)
FN:653,(anonymous_24)
FN:658,(anonymous_25)
FN:663,(anonymous_26)
FN:672,(anonymous_27)
FN:677,(anonymous_28)
FN:684,(anonymous_29)
FN:716,(anonymous_30)
FN:756,(anonymous_31)
FN:767,(anonymous_32)
FNF:33
FNH:0
FNDA:0,(anonymous_0)
FNDA:0,(anonymous_1)
FNDA:0,(anonymous_2)
FNDA:0,(anonymous_3)
FNDA:0,(anonymous_4)
FNDA:0,(anonymous_5)
FNDA:0,(anonymous_6)
FNDA:0,(anonymous_7)
FNDA:0,(anonymous_8)
FNDA:0,(anonymous_9)
FNDA:0,(anonymous_10)
FNDA:0,(anonymous_11)
FNDA:0,(anonymous_12)
FNDA:0,(anonymous_13)
FNDA:0,(anonymous_14)
FNDA:0,(anonymous_15)
FNDA:0,(anonymous_16)
FNDA:0,(anonymous_17)
FNDA:0,(anonymous_18)
FNDA:0,(anonymous_19)
FNDA:0,(anonymous_20)
FNDA:0,(anonymous_21)
FNDA:0,(anonymous_22)
FNDA:0,(anonymous_23)
FNDA:0,(anonymous_24)
FNDA:0,(anonymous_25)
FNDA:0,(anonymous_26)
FNDA:0,(anonymous_27)
FNDA:0,(anonymous_28)
FNDA:0,(anonymous_29)
FNDA:0,(anonymous_30)
FNDA:0,(anonymous_31)
FNDA:0,(anonymous_32)
DA:2,0
DA:3,0
DA:4,0
DA:5,0
DA:6,0
DA:7,0
DA:8,0
DA:11,0
DA:12,0
DA:13,0
DA:15,0
DA:21,0
DA:22,0
DA:24,0
DA:26,0
DA:27,0
DA:29,0
DA:30,0
DA:32,0
DA:33,0
DA:35,0
DA:36,0
DA:38,0
DA:39,0
DA:41,0
DA:42,0
DA:44,0
DA:59,0
DA:62,0
DA:63,0
DA:65,0
DA:75,0
DA:80,0
DA:87,0
DA:95,0
DA:121,0
DA:141,0
DA:162,0
DA:174,0
DA:188,0
DA:210,0
DA:228,0
DA:230,0
DA:234,0
DA:242,0
DA:243,0
DA:244,0
DA:246,0
DA:270,0
DA:281,0
DA:292,0
DA:303,0
DA:304,0
DA:307,0
DA:309,0
DA:313,0
DA:321,0
DA:322,0
DA:331,0
DA:334,0
DA:335,0
DA:336,0
DA:343,0
DA:344,0
DA:346,0
DA:348,0
DA:349,0
DA:350,0
DA:352,0
DA:353,0
DA:355,0
DA:356,0
DA:358,0
DA:359,0
DA:361,0
DA:362,0
DA:364,0
DA:365,0
DA:368,0
DA:374,0
DA:375,0
DA:377,0
DA:378,0
DA:381,0
DA:382,0
DA:385,0
DA:386,0
DA:389,0
DA:390,0
DA:418,0
DA:426,0
DA:433,0
DA:448,0
DA:450,0
DA:465,0
DA:466,0
DA:469,0
DA:480,0
DA:615,0
DA:633,0
DA:648,0
DA:653,0
DA:658,0
DA:663,0
DA:672,0
DA:677,0
DA:684,0
DA:704,0
DA:707,0
DA:708,0
DA:716,0
DA:717,0
DA:718,0
DA:721,0
DA:722,0
DA:723,0
DA:725,0
DA:730,0
DA:731,0
DA:734,0
DA:735,0
DA:739,0
DA:756,0
DA:757,0
DA:758,0
DA:761,0
DA:762,0
DA:765,0
DA:766,0
DA:767,0
DA:769,0
DA:779,0
DA:780,0
DA:787,0
LF:134
LH:0
BRDA:13,0,0,0
BRDA:24,1,0,0
BRDA:24,1,1,0
BRDA:24,1,2,0
BRDA:24,1,3,0
BRDA:24,1,4,0
BRDA:38,2,0,0
BRDA:38,2,1,0
BRDA:41,3,0,0
BRDA:41,3,1,0
BRDA:244,4,0,0
BRDA:273,5,0,0
BRDA:273,5,1,0
BRDA:284,6,0,0
BRDA:284,6,1,0
BRDA:285,7,0,0
BRDA:285,7,1,0
BRDA:287,8,0,0
BRDA:287,8,1,0
BRDA:324,9,0,0
BRDA:325,10,0,0
BRDA:326,11,0,0
BRDA:327,12,0,0
BRDA:328,13,0,0
BRDA:335,14,0,0
BRDA:335,14,1,0
BRDA:335,15,0,0
BRDA:335,15,1,0
BRDA:346,16,0,0
BRDA:346,16,1,0
BRDA:346,16,2,0
BRDA:346,16,3,0
BRDA:346,16,4,0
BRDA:346,16,5,0
BRDA:377,17,0,0
BRDA:377,17,1,0
BRDA:381,18,0,0
BRDA:381,18,1,0
BRDA:385,19,0,0
BRDA:385,19,1,0
BRDA:389,20,0,0
BRDA:389,20,1,0
BRDA:426,21,0,0
BRDA:426,21,1,0
BRDA:433,22,0,0
BRDA:433,22,1,0
BRDA:440,23,0,0
BRDA:440,23,1,0
BRDA:465,24,0,0
BRDA:465,24,1,0
BRDA:466,25,0,0
BRDA:466,25,1,0
BRDA:474,26,0,0
BRDA:474,26,1,0
BRDA:475,27,0,0
BRDA:475,27,1,0
BRDA:495,28,0,0
BRDA:495,28,1,0
BRDA:517,29,0,0
BRDA:517,29,1,0
BRDA:582,30,0,0
BRDA:582,30,1,0
BRDA:582,31,0,0
BRDA:582,31,1,0
BRDA:615,32,0,0
BRDA:615,32,1,0
BRDA:649,33,0,0
BRDA:649,33,1,0
BRDA:654,34,0,0
BRDA:654,34,1,0
BRDA:659,35,0,0
BRDA:659,35,1,0
BRDA:673,36,0,0
BRDA:673,36,1,0
BRDA:730,37,0,0
BRDA:730,37,1,0
BRDA:734,38,0,0
BRDA:734,38,1,0
BRDA:758,39,0,0
BRDA:758,39,1,0
BRDA:766,40,0,0
BRDA:766,40,1,0
BRF:82
BRH:0
end_of_record
TN:
SF:src/controllers/financialController.js
FN:17,(anonymous_0)
FN:48,(anonymous_1)
FN:49,(anonymous_2)
FN:53,(anonymous_3)
FN:57,(anonymous_4)
FN:79,(anonymous_5)
FN:122,(anonymous_6)
FN:148,(anonymous_7)
FN:203,(anonymous_8)
FN:229,(anonymous_9)
FN:252,(anonymous_10)
FN:306,(anonymous_11)
FN:332,(anonymous_12)
FN:409,(anonymous_13)
FN:422,(anonymous_14)
FN:423,(anonymous_15)
FN:427,(anonymous_16)
FN:428,(anonymous_17)
FN:429,(anonymous_18)
FN:430,(anonymous_19)
FN:460,(anonymous_20)
FN:473,(anonymous_21)
FN:493,(anonymous_22)
FN:494,(anonymous_23)
FN:501,(anonymous_24)
FN:505,(anonymous_25)
FN:506,(anonymous_26)
FN:601,(anonymous_27)
FN:632,(anonymous_28)
FN:647,(anonymous_29)
FN:664,(anonymous_30)
FN:665,(anonymous_31)
FN:668,(anonymous_32)
FN:680,(anonymous_33)
FN:706,(anonymous_34)
FN:756,(anonymous_35)
FN:760,(anonymous_36)
FN:793,(anonymous_37)
FN:824,(anonymous_38)
FN:834,(anonymous_39)
FN:840,(anonymous_40)
FN:847,(anonymous_41)
FN:848,(anonymous_42)
FN:849,(anonymous_43)
FN:851,(anonymous_44)
FN:874,(anonymous_45)
FN:887,(anonymous_46)
FN:891,(anonymous_47)
FN:904,(anonymous_48)
FN:908,(anonymous_49)
FN:920,(anonymous_50)
FN:924,(anonymous_51)
FN:936,(anonymous_52)
FN:941,(anonymous_53)
FN:951,(anonymous_54)
FN:961,(anonymous_55)
FN:1012,(anonymous_56)
FN:1020,(anonymous_57)
FN:1058,(anonymous_58)
FN:1070,(anonymous_59)
FN:1073,(anonymous_60)
FN:1087,(anonymous_61)
FN:1090,(anonymous_62)
FN:1130,(anonymous_63)
FN:1137,(anonymous_64)
FN:1177,(anonymous_65)
FN:1206,(anonymous_66)
FN:1207,(anonymous_67)
FN:1240,(anonymous_68)
FN:1246,(anonymous_69)
FNF:70
FNH:0
FNDA:0,(anonymous_0)
FNDA:0,(anonymous_1)
FNDA:0,(anonymous_2)
FNDA:0,(anonymous_3)
FNDA:0,(anonymous_4)
FNDA:0,(anonymous_5)
FNDA:0,(anonymous_6)
FNDA:0,(anonymous_7)
FNDA:0,(anonymous_8)
FNDA:0,(anonymous_9)
FNDA:0,(anonymous_10)
FNDA:0,(anonymous_11)
FNDA:0,(anonymous_12)
FNDA:0,(anonymous_13)
FNDA:0,(anonymous_14)
FNDA:0,(anonymous_15)
FNDA:0,(anonymous_16)
FNDA:0,(anonymous_17)
FNDA:0,(anonymous_18)
FNDA:0,(anonymous_19)
FNDA:0,(anonymous_20)
FNDA:0,(anonymous_21)
FNDA:0,(anonymous_22)
FNDA:0,(anonymous_23)
FNDA:0,(anonymous_24)
FNDA:0,(anonymous_25)
FNDA:0,(anonymous_26)
FNDA:0,(anonymous_27)
FNDA:0,(anonymous_28)
FNDA:0,(anonymous_29)
FNDA:0,(anonymous_30)
FNDA:0,(anonymous_31)
FNDA:0,(anonymous_32)
FNDA:0,(anonymous_33)
FNDA:0,(anonymous_34)
FNDA:0,(anonymous_35)
FNDA:0,(anonymous_36)
FNDA:0,(anonymous_37)
FNDA:0,(anonymous_38)
FNDA:0,(anonymous_39)
FNDA:0,(anonymous_40)
FNDA:0,(anonymous_41)
FNDA:0,(anonymous_42)
FNDA:0,(anonymous_43)
FNDA:0,(anonymous_44)
FNDA:0,(anonymous_45)
FNDA:0,(anonymous_46)
FNDA:0,(anonymous_47)
FNDA:0,(anonymous_48)
FNDA:0,(anonymous_49)
FNDA:0,(anonymous_50)
FNDA:0,(anonymous_51)
FNDA:0,(anonymous_52)
FNDA:0,(anonymous_53)
FNDA:0,(anonymous_54)
FNDA:0,(anonymous_55)
FNDA:0,(anonymous_56)
FNDA:0,(anonymous_57)
FNDA:0,(anonymous_58)
FNDA:0,(anonymous_59)
FNDA:0,(anonymous_60)
FNDA:0,(anonymous_61)
FNDA:0,(anonymous_62)
FNDA:0,(anonymous_63)
FNDA:0,(anonymous_64)
FNDA:0,(anonymous_65)
FNDA:0,(anonymous_66)
FNDA:0,(anonymous_67)
FNDA:0,(anonymous_68)
FNDA:0,(anonymous_69)
DA:2,0
DA:3,0
DA:4,0
DA:5,0
DA:6,0
DA:11,0
DA:18,0
DA:19,0
DA:22,0
DA:24,0
DA:25,0
DA:28,0
DA:29,0
DA:32,0
DA:33,0
DA:37,0
DA:40,0
DA:41,0
DA:42,0
DA:43,0
DA:45,0
DA:48,0
DA:49,0
DA:50,0
DA:53,0
DA:54,0
DA:57,0
DA:58,0
DA:61,0
DA:62,0
DA:64,0
DA:65,0
DA:66,0
DA:67,0
DA:69,0
DA:70,0
DA:72,0
DA:73,0
DA:75,0
DA:78,0
DA:79,0
DA:82,0
DA:85,0
DA:103,0
DA:109,0
DA:123,0
DA:124,0
DA:127,0
DA:129,0
DA:130,0
DA:133,0
DA:134,0
DA:137,0
DA:138,0
DA:142,0
DA:145,0
DA:148,0
DA:149,0
DA:150,0
DA:152,0
DA:154,0
DA:155,0
DA:157,0
DA:159,0
DA:164,0
DA:166,0
DA:167,0
DA:169,0
DA:170,0
DA:176,0
DA:177,0
DA:181,0
DA:182,0
DA:193,0
DA:194,0
DA:195,0
DA:197,0
DA:198,0
DA:203,0
DA:205,0
DA:210,0
DA:216,0
DA:230,0
DA:231,0
DA:234,0
DA:236,0
DA:237,0
DA:240,0
DA:241,0
DA:244,0
DA:245,0
DA:249,0
DA:252,0
DA:253,0
DA:254,0
DA:256,0
DA:258,0
DA:259,0
DA:261,0
DA:263,0
DA:268,0
DA:270,0
DA:271,0
DA:273,0
DA:274,0
DA:280,0
DA:281,0
DA:285,0
DA:286,0
DA:287,0
DA:296,0
DA:297,0
DA:298,0
DA:300,0
DA:301,0
DA:306,0
DA:308,0
DA:313,0
DA:319,0
DA:333,0
DA:342,0
DA:345,0
DA:347,0
DA:348,0
DA:351,0
DA:352,0
DA:355,0
DA:356,0
DA:360,0
DA:362,0
DA:363,0
DA:366,0
DA:367,0
DA:368,0
DA:370,0
DA:371,0
DA:377,0
DA:380,0
DA:381,0
DA:382,0
DA:383,0
DA:384,0
DA:385,0
DA:388,0
DA:391,0
DA:392,0
DA:393,0
DA:395,0
DA:396,0
DA:402,0
DA:405,0
DA:409,0
DA:412,0
DA:415,0
DA:416,0
DA:417,0
DA:420,0
DA:422,0
DA:423,0
DA:426,0
DA:427,0
DA:428,0
DA:429,0
DA:430,0
DA:432,0
DA:433,0
DA:436,0
DA:437,0
DA:438,0
DA:441,0
DA:442,0
DA:443,0
DA:446,0
DA:447,0
DA:449,0
DA:457,0
DA:459,0
DA:460,0
DA:462,0
DA:463,0
DA:464,0
DA:467,0
DA:468,0
DA:469,0
DA:473,0
DA:475,0
DA:482,0
DA:483,0
DA:485,0
DA:493,0
DA:494,0
DA:495,0
DA:496,0
DA:499,0
DA:501,0
DA:505,0
DA:506,0
DA:509,0
DA:510,0
DA:511,0
DA:514,0
DA:515,0
DA:516,0
DA:520,0
DA:523,0
DA:524,0
DA:526,0
DA:537,0
DA:539,0
DA:540,0
DA:541,0
DA:543,0
DA:544,0
DA:548,0
DA:550,0
DA:551,0
DA:552,0
DA:555,0
DA:556,0
DA:557,0
DA:561,0
DA:563,0
DA:573,0
DA:575,0
DA:582,0
DA:588,0
DA:602,0
DA:603,0
DA:606,0
DA:609,0
DA:614,0
DA:615,0
DA:619,0
DA:622,0
DA:632,0
DA:642,0
DA:643,0
DA:644,0
DA:647,0
DA:648,0
DA:649,0
DA:650,0
DA:651,0
DA:652,0
DA:664,0
DA:665,0
DA:668,0
DA:669,0
DA:672,0
DA:681,0
DA:682,0
DA:687,0
DA:693,0
DA:707,0
DA:708,0
DA:711,0
DA:713,0
DA:714,0
DA:717,0
DA:718,0
DA:721,0
DA:722,0
DA:726,0
DA:731,0
DA:733,0
DA:735,0
DA:737,0
DA:738,0
DA:739,0
DA:740,0
DA:742,0
DA:743,0
DA:751,0
DA:752,0
DA:755,0
DA:756,0
DA:757,0
DA:760,0
DA:761,0
DA:768,0
DA:770,0
DA:772,0
DA:774,0
DA:775,0
DA:776,0
DA:778,0
DA:779,0
DA:788,0
DA:789,0
DA:792,0
DA:793,0
DA:794,0
DA:799,0
DA:801,0
DA:803,0
DA:805,0
DA:806,0
DA:807,0
DA:809,0
DA:810,0
DA:819,0
DA:820,0
DA:823,0
DA:824,0
DA:825,0
DA:830,0
DA:834,0
DA:835,0
DA:836,0
DA:840,0
DA:842,0
DA:847,0
DA:848,0
DA:849,0
DA:851,0
DA:855,0
DA:861,0
DA:875,0
DA:876,0
DA:877,0
DA:880,0
DA:882,0
DA:885,0
DA:890,0
DA:891,0
DA:898,0
DA:902,0
DA:907,0
DA:908,0
DA:914,0
DA:918,0
DA:923,0
DA:924,0
DA:930,0
DA:934,0
DA:939,0
DA:940,0
DA:941,0
DA:949,0
DA:950,0
DA:951,0
DA:959,0
DA:960,0
DA:961,0
DA:970,0
DA:973,0
DA:980,0
DA:987,0
DA:993,0
DA:999,0
DA:1013,0
DA:1014,0
DA:1015,0
DA:1018,0
DA:1023,0
DA:1024,0
DA:1033,0
DA:1039,0
DA:1045,0
DA:1059,0
DA:1060,0
DA:1061,0
DA:1064,0
DA:1067,0
DA:1068,0
DA:1072,0
DA:1073,0
DA:1084,0
DA:1085,0
DA:1089,0
DA:1090,0
DA:1100,0
DA:1104,0
DA:1111,0
DA:1117,0
DA:1131,0
DA:1132,0
DA:1135,0
DA:1140,0
DA:1142,0
DA:1143,0
DA:1144,0
DA:1145,0
DA:1153,0
DA:1158,0
DA:1164,0
DA:1178,0
DA:1179,0
DA:1182,0
DA:1184,0
DA:1185,0
DA:1188,0
DA:1189,0
DA:1192,0
DA:1193,0
DA:1197,0
DA:1198,0
DA:1199,0
DA:1200,0
DA:1201,0
DA:1203,0
DA:1206,0
DA:1207,0
DA:1210,0
DA:1211,0
DA:1212,0
DA:1213,0
DA:1215,0
DA:1216,0
DA:1225,0
DA:1226,0
DA:1230,0
DA:1231,0
DA:1233,0
DA:1234,0
DA:1239,0
DA:1240,0
DA:1241,0
DA:1242,0
DA:1246,0
DA:1248,0
DA:1260,0
DA:1266,0
DA:1275,0
LF:424
LH:0
BRDA:24,0,0,0
BRDA:24,0,1,0
BRDA:24,1,0,0
BRDA:24,1,1,0
BRDA:28,2,0,0
BRDA:28,2,1,0
BRDA:32,3,0,0
BRDA:32,3,1,0
BRDA:41,4,0,0
BRDA:41,4,1,0
BRDA:50,5,0,0
BRDA:50,5,1,0
BRDA:53,6,0,0
BRDA:53,6,1,0
BRDA:54,7,0,0
BRDA:54,7,1,0
BRDA:58,8,0,0
BRDA:58,8,1,0
BRDA:62,9,0,0
BRDA:62,9,1,0
BRDA:82,10,0,0
BRDA:82,10,1,0
BRDA:124,11,0,0
BRDA:129,12,0,0
BRDA:129,12,1,0
BRDA:129,13,0,0
BRDA:129,13,1,0
BRDA:133,14,0,0
BRDA:133,14,1,0
BRDA:137,15,0,0
BRDA:137,15,1,0
BRDA:150,16,0,0
BRDA:150,16,1,0
BRDA:150,16,2,0
BRDA:150,16,3,0
BRDA:169,17,0,0
BRDA:169,17,1,0
BRDA:197,18,0,0
BRDA:197,18,1,0
BRDA:231,19,0,0
BRDA:236,20,0,0
BRDA:236,20,1,0
BRDA:236,21,0,0
BRDA:236,21,1,0
BRDA:240,22,0,0
BRDA:240,22,1,0
BRDA:244,23,0,0
BRDA:244,23,1,0
BRDA:254,24,0,0
BRDA:254,24,1,0
BRDA:254,24,2,0
BRDA:254,24,3,0
BRDA:273,25,0,0
BRDA:273,25,1,0
BRDA:300,26,0,0
BRDA:300,26,1,0
BRDA:339,27,0,0
BRDA:340,28,0,0
BRDA:341,29,0,0
BRDA:347,30,0,0
BRDA:347,30,1,0
BRDA:347,31,0,0
BRDA:347,31,1,0
BRDA:351,32,0,0
BRDA:351,32,1,0
BRDA:355,33,0,0
BRDA:355,33,1,0
BRDA:362,34,0,0
BRDA:362,34,1,0
BRDA:370,35,0,0
BRDA:370,35,1,0
BRDA:381,36,0,0
BRDA:381,36,1,0
BRDA:383,37,0,0
BRDA:383,37,1,0
BRDA:395,38,0,0
BRDA:395,38,1,0
BRDA:415,39,0,0
BRDA:415,39,1,0
BRDA:420,40,0,0
BRDA:420,40,1,0
BRDA:420,41,0,0
BRDA:420,41,1,0
BRDA:457,42,0,0
BRDA:457,42,1,0
BRDA:457,43,0,0
BRDA:457,43,1,0
BRDA:485,44,0,0
BRDA:485,44,1,0
BRDA:485,45,0,0
BRDA:485,45,1,0
BRDA:499,46,0,0
BRDA:499,46,1,0
BRDA:539,47,0,0
BRDA:539,47,1,0
BRDA:543,48,0,0
BRDA:543,48,1,0
BRDA:603,49,0,0
BRDA:614,50,0,0
BRDA:614,50,1,0
BRDA:647,51,0,0
BRDA:647,51,1,0
BRDA:648,52,0,0
BRDA:648,52,1,0
BRDA:669,53,0,0
BRDA:669,53,1,0
BRDA:679,54,0,0
BRDA:679,54,1,0
BRDA:708,55,0,0
BRDA:713,56,0,0
BRDA:713,56,1,0
BRDA:713,57,0,0
BRDA:713,57,1,0
BRDA:717,58,0,0
BRDA:717,58,1,0
BRDA:721,59,0,0
BRDA:721,59,1,0
BRDA:733,60,0,0
BRDA:733,60,1,0
BRDA:738,61,0,0
BRDA:738,61,1,0
BRDA:738,62,0,0
BRDA:738,62,1,0
BRDA:740,63,0,0
BRDA:740,63,1,0
BRDA:742,64,0,0
BRDA:742,64,1,0
BRDA:751,65,0,0
BRDA:751,65,1,0
BRDA:755,66,0,0
BRDA:755,66,1,0
BRDA:757,67,0,0
BRDA:757,67,1,0
BRDA:760,68,0,0
BRDA:760,68,1,0
BRDA:770,69,0,0
BRDA:770,69,1,0
BRDA:775,70,0,0
BRDA:775,70,1,0
BRDA:776,71,0,0
BRDA:776,71,1,0
BRDA:778,72,0,0
BRDA:778,72,1,0
BRDA:788,73,0,0
BRDA:788,73,1,0
BRDA:792,74,0,0
BRDA:792,74,1,0
BRDA:793,75,0,0
BRDA:793,75,1,0
BRDA:801,76,0,0
BRDA:801,76,1,0
BRDA:806,77,0,0
BRDA:806,77,1,0
BRDA:807,78,0,0
BRDA:807,78,1,0
BRDA:809,79,0,0
BRDA:809,79,1,0
BRDA:819,80,0,0
BRDA:819,80,1,0
BRDA:823,81,0,0
BRDA:823,81,1,0
BRDA:824,82,0,0
BRDA:824,82,1,0
BRDA:836,83,0,0
BRDA:836,83,1,0
BRDA:850,84,0,0
BRDA:850,84,1,0
BRDA:877,85,0,0
BRDA:882,86,0,0
BRDA:882,86,1,0
BRDA:882,86,2,0
BRDA:882,86,3,0
BRDA:882,86,4,0
BRDA:939,87,0,0
BRDA:939,87,1,0
BRDA:949,88,0,0
BRDA:949,88,1,0
BRDA:959,89,0,0
BRDA:959,89,1,0
BRDA:1023,90,0,0
BRDA:1023,90,1,0
BRDA:1023,91,0,0
BRDA:1023,91,1,0
BRDA:1029,92,0,0
BRDA:1029,92,1,0
BRDA:1061,93,0,0
BRDA:1067,94,0,0
BRDA:1067,94,1,0
BRDA:1072,95,0,0
BRDA:1072,95,1,0
BRDA:1084,96,0,0
BRDA:1084,96,1,0
BRDA:1089,97,0,0
BRDA:1089,97,1,0
BRDA:1100,98,0,0
BRDA:1100,98,1,0
BRDA:1142,99,0,0
BRDA:1142,99,1,0
BRDA:1142,100,0,0
BRDA:1142,100,1,0
BRDA:1144,101,0,0
BRDA:1144,101,1,0
BRDA:1144,102,0,0
BRDA:1144,102,1,0
BRDA:1147,103,0,0
BRDA:1147,103,1,0
BRDA:1184,104,0,0
BRDA:1184,104,1,0
BRDA:1184,105,0,0
BRDA:1184,105,1,0
BRDA:1188,106,0,0
BRDA:1188,106,1,0
BRDA:1192,107,0,0
BRDA:1192,107,1,0
BRDA:1199,108,0,0
BRDA:1199,108,1,0
BRDA:1212,109,0,0
BRDA:1212,109,1,0
BRDA:1213,110,0,0
BRDA:1213,110,1,0
BRDA:1215,111,0,0
BRDA:1215,111,1,0
BRDA:1231,112,0,0
BRDA:1231,112,1,0
BRDA:1233,113,0,0
BRDA:1233,113,1,0
BRDA:1241,114,0,0
BRDA:1241,114,1,0
BRDA:1242,115,0,0
BRDA:1242,115,1,0
BRDA:1253,116,0,0
BRDA:1253,116,1,0
BRF:232
BRH:0
end_of_record
TN:
SF:src/controllers/importController.js
FN:7,(anonymous_0)
FN:95,(anonymous_1)
FN:108,(anonymous_2)
FN:126,(anonymous_3)
FN:137,(anonymous_4)
FN:141,(anonymous_5)
FN:145,(anonymous_6)
FN:159,(anonymous_7)
FN:190,(anonymous_8)
FNF:9
FNH:0
FNDA:0,(anonymous_0)
FNDA:0,(anonymous_1)
FNDA:0,(anonymous_2)
FNDA:0,(anonymous_3)
FNDA:0,(anonymous_4)
FNDA:0,(anonymous_5)
FNDA:0,(anonymous_6)
FNDA:0,(anonymous_7)
FNDA:0,(anonymous_8)
DA:2,0
DA:3,0
DA:4,0
DA:7,0
DA:8,0
DA:9,0
DA:10,0
DA:11,0
DA:13,0
DA:14,0
DA:28,0
DA:42,0
DA:44,0
DA:62,0
DA:95,0
DA:96,0
DA:100,0
DA:101,0
DA:108,0
DA:109,0
DA:110,0
DA:114,0
DA:115,0
DA:116,0
DA:117,0
DA:120,0
DA:121,0
DA:126,0
DA:127,0
DA:128,0
DA:129,0
DA:136,0
DA:137,0
DA:141,0
DA:144,0
DA:145,0
DA:146,0
DA:147,0
DA:152,0
DA:157,0
DA:158,0
DA:159,0
DA:166,0
DA:167,0
DA:168,0
DA:170,0
DA:171,0
DA:174,0
DA:180,0
DA:181,0
DA:190,0
DA:191,0
DA:192,0
DA:193,0
DA:195,0
DA:202,0
DA:203,0
DA:205,0
DA:206,0
DA:207,0
DA:209,0
DA:210,0
DA:212,0
DA:215,0
DA:216,0
DA:222,0
DA:223,0
DA:224,0
DA:225,0
DA:228,0
DA:232,0
DA:234,0
DA:236,0
DA:248,0
DA:254,0
DA:255,0
DA:259,0
DA:272,0
DA:279,0
DA:280,0
DA:286,0
DA:287,0
DA:294,0
DA:295,0
DA:303,0
DA:304,0
DA:305,0
DA:307,0
DA:308,0
DA:310,0
DA:311,0
DA:313,0
DA:314,0
DA:317,0
DA:323,0
DA:324,0
DA:332,0
LF:97
LH:0
BRDA:13,0,0,0
BRDA:13,0,1,0
BRDA:42,1,0,0
BRDA:42,1,1,0
BRDA:109,2,0,0
BRDA:109,2,1,0
BRDA:146,3,0,0
BRDA:146,3,1,0
BRDA:157,4,0,0
BRDA:157,4,1,0
BRDA:167,5,0,0
BRDA:167,5,1,0
BRDA:170,6,0,0
BRDA:170,6,1,0
BRDA:206,7,0,0
BRDA:206,7,1,0
BRDA:207,8,0,0
BRDA:207,8,1,0
BRDA:215,9,0,0
BRDA:215,9,1,0
BRDA:224,10,0,0
BRDA:224,10,1,0
BRDA:234,11,0,0
BRDA:234,11,1,0
BRDA:234,12,0,0
BRDA:234,12,1,0
BRDA:239,13,0,0
BRDA:239,13,1,0
BRDA:240,14,0,0
BRDA:240,14,1,0
BRDA:241,15,0,0
BRDA:241,15,1,0
BRDA:242,16,0,0
BRDA:242,16,1,0
BRDA:243,17,0,0
BRDA:243,17,1,0
BRDA:244,18,0,0
BRDA:244,18,1,0
BRDA:254,19,0,0
BRDA:254,19,1,0
BRDA:264,20,0,0
BRDA:264,20,1,0
BRDA:279,21,0,0
BRDA:279,21,1,0
BRDA:304,22,0,0
BRDA:304,22,1,0
BRDA:307,23,0,0
BRDA:307,23,1,0
BRDA:310,24,0,0
BRDA:310,24,1,0
BRDA:313,25,0,0
BRDA:313,25,1,0
BRF:52
BRH:0
end_of_record
TN:
SF:src/controllers/patientController.js
FN:4,(anonymous_0)
FN:14,(anonymous_1)
FN:68,(anonymous_2)
FN:109,(anonymous_3)
FN:141,(anonymous_4)
FN:167,oo_cm
FNF:6
FNH:1
FNDA:2,(anonymous_0)
FNDA:0,(anonymous_1)
FNDA:0,(anonymous_2)
FNDA:0,(anonymous_3)
FNDA:0,(anonymous_4)
FNDA:0,oo_cm
DA:1,1
DA:2,1
DA:4,1
DA:5,2
DA:6,2
DA:7,1
DA:9,1
DA:14,1
DA:15,0
DA:16,0
DA:17,0
DA:20,0
DA:21,0
DA:28,0
DA:33,0
DA:34,0
DA:42,0
DA:48,0
DA:57,0
DA:59,0
DA:60,0
DA:68,1
DA:69,0
DA:71,0
DA:75,0
DA:76,0
DA:81,0
DA:97,0
DA:98,0
DA:99,0
DA:101,0
DA:102,0
DA:109,1
DA:110,0
DA:111,0
DA:120,0
DA:126,0
DA:127,0
DA:130,0
DA:132,0
DA:133,0
DA:141,1
DA:142,0
DA:144,0
DA:145,0
DA:148,0
DA:149,0
DA:152,0
DA:155,1
DA:167,0
LF:50
LH:12
BRDA:20,0,0,0
BRDA:20,0,1,0
BRDA:20,1,0,0
BRDA:20,1,1,0
BRDA:33,2,0,0
BRDA:33,2,1,0
BRDA:75,3,0,0
BRDA:75,3,1,0
BRDA:85,4,0,0
BRDA:85,4,1,0
BRDA:87,5,0,0
BRDA:87,5,1,0
BRDA:94,6,0,0
BRDA:94,6,1,0
BRDA:126,7,0,0
BRDA:126,7,1,0
BRDA:144,8,0,0
BRDA:144,8,1,0
BRDA:144,9,0,0
BRDA:144,9,1,0
BRDA:148,10,0,0
BRDA:148,10,1,0
BRDA:148,11,0,0
BRDA:148,11,1,0
BRDA:167,12,0,0
BRDA:167,12,1,0
BRF:26
BRH:0
end_of_record
TN:
SF:src/controllers/preBillController.js
FN:5,(anonymous_0)
FN:29,(anonymous_1)
FN:43,(anonymous_2)
FN:76,(anonymous_3)
FN:110,(anonymous_4)
FN:150,(anonymous_5)
FN:185,(anonymous_6)
FN:186,(anonymous_7)
FN:224,(anonymous_8)
FNF:9
FNH:0
FNDA:0,(anonymous_0)
FNDA:0,(anonymous_1)
FNDA:0,(anonymous_2)
FNDA:0,(anonymous_3)
FNDA:0,(anonymous_4)
FNDA:0,(anonymous_5)
FNDA:0,(anonymous_6)
FNDA:0,(anonymous_7)
FNDA:0,(anonymous_8)
DA:1,0
DA:2,0
DA:3,0
DA:5,0
DA:6,0
DA:7,0
DA:10,0
DA:12,0
DA:29,0
DA:36,0
DA:37,0
DA:39,0
DA:43,0
DA:44,0
DA:45,0
DA:48,0
DA:50,0
DA:51,0
DA:57,0
DA:58,0
DA:59,0
DA:62,0
DA:68,0
DA:70,0
DA:71,0
DA:76,0
DA:77,0
DA:78,0
DA:79,0
DA:81,0
DA:86,0
DA:87,0
DA:88,0
DA:91,0
DA:94,0
DA:95,0
DA:98,0
DA:109,0
DA:110,0
DA:111,0
DA:114,0
DA:118,0
DA:129,0
DA:133,0
DA:135,0
DA:138,0
DA:140,0
DA:141,0
DA:142,0
DA:145,0
DA:146,0
DA:150,0
DA:151,0
DA:153,0
DA:158,0
DA:159,0
DA:162,0
DA:185,0
DA:186,0
DA:187,0
DA:212,0
DA:213,0
DA:220,0
DA:223,0
DA:224,0
DA:228,0
DA:232,0
DA:236,0
DA:239,0
DA:240,0
DA:246,0
LF:71
LH:0
BRDA:27,0,0,0
BRDA:27,0,1,0
BRDA:50,1,0,0
BRDA:50,1,1,0
BRDA:50,2,0,0
BRDA:50,2,1,0
BRDA:57,3,0,0
BRDA:57,3,1,0
BRDA:58,4,0,0
BRDA:58,4,1,0
BRDA:59,5,0,0
BRDA:59,5,1,0
BRDA:86,6,0,0
BRDA:86,6,1,0
BRDA:109,7,0,0
BRDA:109,7,1,0
BRDA:109,8,0,0
BRDA:109,8,1,0
BRDA:111,9,0,0
BRDA:111,9,1,0
BRDA:111,9,2,0
BRDA:114,10,0,0
BRDA:114,10,1,0
BRDA:114,10,2,0
BRDA:121,11,0,0
BRDA:121,11,1,0
BRDA:122,12,0,0
BRDA:122,12,1,0
BRDA:123,13,0,0
BRDA:123,13,1,0
BRDA:123,13,2,0
BRDA:124,14,0,0
BRDA:124,14,1,0
BRDA:124,14,2,0
BRDA:125,15,0,0
BRDA:125,15,1,0
BRDA:199,16,0,0
BRDA:199,16,1,0
BRF:38
BRH:0
end_of_record
TN:
SF:src/controllers/reportController.js
FN:8,(anonymous_0)
FN:83,(anonymous_1)
FN:90,(anonymous_2)
FN:97,(anonymous_3)
FN:100,(anonymous_4)
FN:149,(anonymous_5)
FN:150,(anonymous_6)
FN:155,(anonymous_7)
FN:190,(anonymous_8)
FN:197,(anonymous_9)
FN:212,(anonymous_10)
FN:215,(anonymous_11)
FN:232,(anonymous_12)
FN:234,(anonymous_13)
FN:257,(anonymous_14)
FN:275,(anonymous_15)
FN:286,(anonymous_16)
FN:297,(anonymous_17)
FN:308,(anonymous_18)
FN:320,(anonymous_19)
FN:334,(anonymous_20)
FNF:21
FNH:0
FNDA:0,(anonymous_0)
FNDA:0,(anonymous_1)
FNDA:0,(anonymous_2)
FNDA:0,(anonymous_3)
FNDA:0,(anonymous_4)
FNDA:0,(anonymous_5)
FNDA:0,(anonymous_6)
FNDA:0,(anonymous_7)
FNDA:0,(anonymous_8)
FNDA:0,(anonymous_9)
FNDA:0,(anonymous_10)
FNDA:0,(anonymous_11)
FNDA:0,(anonymous_12)
FNDA:0,(anonymous_13)
FNDA:0,(anonymous_14)
FNDA:0,(anonymous_15)
FNDA:0,(anonymous_16)
FNDA:0,(anonymous_17)
FNDA:0,(anonymous_18)
FNDA:0,(anonymous_19)
FNDA:0,(anonymous_20)
DA:3,0
DA:4,0
DA:5,0
DA:6,0
DA:8,0
DA:9,0
DA:10,0
DA:11,0
DA:13,0
DA:16,0
DA:17,0
DA:19,0
DA:20,0
DA:23,0
DA:24,0
DA:31,0
DA:33,0
DA:38,0
DA:43,0
DA:44,0
DA:50,0
DA:57,0
DA:58,0
DA:59,0
DA:62,0
DA:63,0
DA:64,0
DA:67,0
DA:70,0
DA:77,0
DA:80,0
DA:82,0
DA:83,0
DA:84,0
DA:86,0
DA:89,0
DA:90,0
DA:91,0
DA:93,0
DA:97,0
DA:98,0
DA:100,0
DA:101,0
DA:103,0
DA:104,0
DA:106,0
DA:107,0
DA:109,0
DA:111,0
DA:113,0
DA:114,0
DA:116,0
DA:117,0
DA:119,0
DA:120,0
DA:122,0
DA:123,0
DA:125,0
DA:126,0
DA:128,0
DA:129,0
DA:131,0
DA:132,0
DA:134,0
DA:135,0
DA:137,0
DA:138,0
DA:140,0
DA:143,0
DA:147,0
DA:149,0
DA:151,0
DA:152,0
DA:153,0
DA:156,0
DA:157,0
DA:158,0
DA:162,0
DA:167,0
DA:181,0
DA:182,0
DA:190,0
DA:191,0
DA:192,0
DA:193,0
DA:194,0
DA:197,0
DA:204,0
DA:205,0
DA:212,0
DA:214,0
DA:215,0
DA:216,0
DA:217,0
DA:219,0
DA:220,0
DA:223,0
DA:228,0
DA:232,0
DA:233,0
DA:234,0
DA:235,0
DA:236,0
DA:237,0
DA:240,0
DA:244,0
DA:246,0
DA:247,0
DA:248,0
DA:251,0
DA:252,0
DA:257,0
DA:258,0
DA:272,0
DA:275,0
DA:276,0
DA:277,0
DA:280,0
DA:282,0
DA:286,0
DA:287,0
DA:288,0
DA:291,0
DA:293,0
DA:297,0
DA:298,0
DA:299,0
DA:302,0
DA:304,0
DA:308,0
DA:309,0
DA:310,0
DA:314,0
DA:316,0
DA:320,0
DA:321,0
DA:322,0
DA:323,0
DA:325,0
DA:328,0
DA:330,0
DA:334,0
DA:335,0
DA:336,0
DA:342,0
DA:344,0
DA:347,0
LF:147
LH:0
BRDA:16,0,0,0
BRDA:16,0,1,0
BRDA:16,1,0,0
BRDA:16,1,1,0
BRDA:23,2,0,0
BRDA:23,2,1,0
BRDA:23,3,0,0
BRDA:23,3,1,0
BRDA:57,4,0,0
BRDA:57,4,1,0
BRDA:57,5,0,0
BRDA:57,5,1,0
BRDA:62,6,0,0
BRDA:62,6,1,0
BRDA:62,7,0,0
BRDA:62,7,1,0
BRDA:82,8,0,0
BRDA:82,8,1,0
BRDA:82,9,0,0
BRDA:82,9,1,0
BRDA:84,10,0,0
BRDA:84,10,1,0
BRDA:89,11,0,0
BRDA:89,11,1,0
BRDA:89,12,0,0
BRDA:89,12,1,0
BRDA:91,13,0,0
BRDA:91,13,1,0
BRDA:101,14,0,0
BRDA:101,14,1,0
BRDA:101,14,2,0
BRDA:101,14,3,0
BRDA:101,14,4,0
BRDA:101,14,5,0
BRDA:101,14,6,0
BRDA:101,14,7,0
BRDA:101,14,8,0
BRDA:101,14,9,0
BRDA:101,14,10,0
BRDA:101,14,11,0
BRDA:101,14,12,0
BRDA:103,15,0,0
BRDA:103,15,1,0
BRDA:103,15,2,0
BRDA:106,16,0,0
BRDA:106,16,1,0
BRDA:109,17,0,0
BRDA:109,17,1,0
BRDA:113,18,0,0
BRDA:113,18,1,0
BRDA:116,19,0,0
BRDA:116,19,1,0
BRDA:119,20,0,0
BRDA:119,20,1,0
BRDA:122,21,0,0
BRDA:122,21,1,0
BRDA:125,22,0,0
BRDA:125,22,1,0
BRDA:128,23,0,0
BRDA:128,23,1,0
BRDA:131,24,0,0
BRDA:131,24,1,0
BRDA:134,25,0,0
BRDA:134,25,1,0
BRDA:137,26,0,0
BRDA:137,26,1,0
BRDA:140,27,0,0
BRDA:140,27,1,0
BRDA:149,28,0,0
BRDA:149,28,1,0
BRDA:151,29,0,0
BRDA:151,29,1,0
BRDA:152,30,0,0
BRDA:152,30,1,0
BRDA:156,31,0,0
BRDA:156,31,1,0
BRDA:157,32,0,0
BRDA:157,32,1,0
BRDA:157,33,0,0
BRDA:157,33,1,0
BRDA:185,34,0,0
BRDA:185,34,1,0
BRDA:198,35,0,0
BRDA:198,35,1,0
BRDA:199,36,0,0
BRDA:199,36,1,0
BRDA:216,37,0,0
BRDA:216,37,1,0
BRDA:216,38,0,0
BRDA:216,38,1,0
BRDA:219,39,0,0
BRDA:219,39,1,0
BRDA:219,40,0,0
BRDA:219,40,1,0
BRDA:235,41,0,0
BRDA:235,41,1,0
BRDA:236,42,0,0
BRDA:236,42,1,0
BRDA:272,43,0,0
BRDA:272,43,1,0
BRF:100
BRH:0
end_of_record
TN:
SF:src/controllers/ripsController.js
FN:28,(anonymous_0)
FN:110,(anonymous_1)
FN:127,(anonymous_2)
FN:150,(anonymous_3)
FN:237,(anonymous_4)
FN:254,(anonymous_5)
FN:277,(anonymous_6)
FN:306,(anonymous_7)
FN:335,(anonymous_8)
FN:385,(anonymous_9)
FN:469,(anonymous_10)
FN:506,(anonymous_11)
FNF:12
FNH:0
FNDA:0,(anonymous_0)
FNDA:0,(anonymous_1)
FNDA:0,(anonymous_2)
FNDA:0,(anonymous_3)
FNDA:0,(anonymous_4)
FNDA:0,(anonymous_5)
FNDA:0,(anonymous_6)
FNDA:0,(anonymous_7)
FNDA:0,(anonymous_8)
FNDA:0,(anonymous_9)
FNDA:0,(anonymous_10)
FNDA:0,(anonymous_11)
DA:2,0
DA:3,0
DA:4,0
DA:5,0
DA:8,0
DA:9,0
DA:10,0
DA:11,0
DA:12,0
DA:15,0
DA:16,0
DA:17,0
DA:22,0
DA:29,0
DA:35,0
DA:38,0
DA:39,0
DA:46,0
DA:51,0
DA:52,0
DA:59,0
DA:61,0
DA:62,0
DA:69,0
DA:70,0
DA:73,0
DA:74,0
DA:78,0
DA:81,0
DA:84,0
DA:85,0
DA:87,0
DA:88,0
DA:89,0
DA:90,0
DA:91,0
DA:93,0
DA:103,0
DA:110,0
DA:120,0
DA:123,0
DA:127,0
DA:136,0
DA:137,0
DA:151,0
DA:157,0
DA:160,0
DA:161,0
DA:168,0
DA:173,0
DA:174,0
DA:181,0
DA:183,0
DA:184,0
DA:191,0
DA:192,0
DA:195,0
DA:196,0
DA:200,0
DA:203,0
DA:206,0
DA:207,0
DA:209,0
DA:210,0
DA:211,0
DA:212,0
DA:213,0
DA:215,0
DA:225,0
DA:226,0
DA:227,0
DA:230,0
DA:237,0
DA:247,0
DA:250,0
DA:254,0
DA:263,0
DA:264,0
DA:278,0
DA:279,0
DA:282,0
DA:284,0
DA:292,0
DA:293,0
DA:307,0
DA:308,0
DA:311,0
DA:313,0
DA:321,0
DA:322,0
DA:336,0
DA:337,0
DA:340,0
DA:342,0
DA:343,0
DA:346,0
DA:347,0
DA:354,0
DA:360,0
DA:362,0
DA:371,0
DA:372,0
DA:386,0
DA:387,0
DA:388,0
DA:391,0
DA:393,0
DA:394,0
DA:401,0
DA:404,0
DA:405,0
DA:414,0
DA:416,0
DA:418,0
DA:419,0
DA:425,0
DA:426,0
DA:431,0
DA:432,0
DA:434,0
DA:436,0
DA:437,0
DA:443,0
DA:445,0
DA:446,0
DA:452,0
DA:455,0
DA:456,0
DA:470,0
DA:471,0
DA:475,0
DA:476,0
DA:477,0
DA:478,0
DA:480,0
DA:486,0
DA:492,0
DA:493,0
DA:507,0
DA:508,0
DA:509,0
DA:512,0
DA:514,0
DA:515,0
DA:522,0
DA:524,0
DA:531,0
DA:532,0
DA:541,0
LF:149
LH:0
BRDA:34,0,0,0
BRDA:38,1,0,0
BRDA:38,1,1,0
BRDA:38,2,0,0
BRDA:38,2,1,0
BRDA:38,2,2,0
BRDA:51,3,0,0
BRDA:51,3,1,0
BRDA:61,4,0,0
BRDA:61,4,1,0
BRDA:73,5,0,0
BRDA:73,5,1,0
BRDA:88,6,0,0
BRDA:88,6,1,0
BRDA:88,7,0,0
BRDA:88,7,1,0
BRDA:116,8,0,0
BRDA:116,8,1,0
BRDA:156,9,0,0
BRDA:160,10,0,0
BRDA:160,10,1,0
BRDA:160,11,0,0
BRDA:160,11,1,0
BRDA:160,11,2,0
BRDA:173,12,0,0
BRDA:173,12,1,0
BRDA:183,13,0,0
BRDA:183,13,1,0
BRDA:195,14,0,0
BRDA:195,14,1,0
BRDA:210,15,0,0
BRDA:210,15,1,0
BRDA:210,16,0,0
BRDA:210,16,1,0
BRDA:243,17,0,0
BRDA:243,17,1,0
BRDA:287,18,0,0
BRDA:287,18,1,0
BRDA:288,19,0,0
BRDA:288,19,1,0
BRDA:316,20,0,0
BRDA:316,20,1,0
BRDA:317,21,0,0
BRDA:317,21,1,0
BRDA:337,22,0,0
BRDA:337,23,0,0
BRDA:342,24,0,0
BRDA:342,24,1,0
BRDA:346,25,0,0
BRDA:346,25,1,0
BRDA:388,26,0,0
BRDA:393,27,0,0
BRDA:393,27,1,0
BRDA:404,28,0,0
BRDA:404,28,1,0
BRDA:414,29,0,0
BRDA:414,29,1,0
BRDA:414,30,0,0
BRDA:414,30,1,0
BRDA:418,31,0,0
BRDA:418,31,1,0
BRDA:432,32,0,0
BRDA:432,32,1,0
BRDA:475,33,0,0
BRDA:475,33,1,0
BRDA:477,34,0,0
BRDA:477,34,1,0
BRDA:509,35,0,0
BRDA:514,36,0,0
BRDA:514,36,1,0
BRF:70
BRH:0
end_of_record
TN:
SF:src/controllers/rolePermissionController.js
FN:8,(anonymous_0)
FN:31,(anonymous_1)
FN:65,(anonymous_2)
FN:112,(anonymous_3)
FN:118,(anonymous_4)
FN:119,(anonymous_5)
FN:134,(anonymous_6)
FN:152,(anonymous_7)
FN:177,(anonymous_8)
FNF:9
FNH:0
FNDA:0,(anonymous_0)
FNDA:0,(anonymous_1)
FNDA:0,(anonymous_2)
FNDA:0,(anonymous_3)
FNDA:0,(anonymous_4)
FNDA:0,(anonymous_5)
FNDA:0,(anonymous_6)
FNDA:0,(anonymous_7)
FNDA:0,(anonymous_8)
DA:2,0
DA:3,0
DA:8,0
DA:9,0
DA:10,0
DA:15,0
DA:20,0
DA:21,0
DA:31,0
DA:32,0
DA:33,0
DA:35,0
DA:42,0
DA:43,0
DA:49,0
DA:54,0
DA:55,0
DA:65,0
DA:66,0
DA:67,0
DA:68,0
DA:69,0
DA:71,0
DA:81,0
DA:82,0
DA:88,0
DA:95,0
DA:101,0
DA:102,0
DA:112,0
DA:113,0
DA:115,0
DA:116,0
DA:118,0
DA:119,0
DA:120,0
DA:121,0
DA:133,0
DA:134,0
DA:136,0
DA:141,0
DA:142,0
DA:152,0
DA:153,0
DA:154,0
DA:156,0
DA:161,0
DA:166,0
DA:167,0
DA:177,0
DA:178,0
DA:179,0
DA:181,0
DA:186,0
DA:187,0
DA:193,0
DA:195,0
DA:204,0
DA:205,0
DA:212,0
LF:60
LH:0
BRDA:42,0,0,0
BRDA:42,0,1,0
BRDA:81,1,0,0
BRDA:81,1,1,0
BRDA:120,2,0,0
BRDA:120,2,1,0
BRDA:186,3,0,0
BRDA:186,3,1,0
BRF:8
BRH:0
end_of_record
TN:
SF:src/controllers/serviceController.js
FN:10,(anonymous_0)
FN:57,(anonymous_1)
FN:91,(anonymous_2)
FN:110,(anonymous_3)
FN:141,(anonymous_4)
FN:148,(anonymous_5)
FN:149,(anonymous_6)
FN:160,(anonymous_7)
FN:166,(anonymous_8)
FN:173,(anonymous_9)
FN:180,(anonymous_10)
FN:202,(anonymous_11)
FN:203,(anonymous_12)
FN:222,(anonymous_13)
FN:245,(anonymous_14)
FN:307,oo_cm
FNF:16
FNH:3
FNDA:3,(anonymous_0)
FNDA:4,(anonymous_1)
FNDA:0,(anonymous_2)
FNDA:0,(anonymous_3)
FNDA:0,(anonymous_4)
FNDA:0,(anonymous_5)
FNDA:0,(anonymous_6)
FNDA:0,(anonymous_7)
FNDA:0,(anonymous_8)
FNDA:0,(anonymous_9)
FNDA:0,(anonymous_10)
FNDA:0,(anonymous_11)
FNDA:0,(anonymous_12)
FNDA:0,(anonymous_13)
FNDA:0,(anonymous_14)
FNDA:1,oo_cm
DA:1,1
DA:2,1
DA:3,1
DA:4,1
DA:5,1
DA:6,1
DA:8,1
DA:10,1
DA:11,3
DA:22,3
DA:25,3
DA:32,2
DA:33,1
DA:38,1
DA:51,1
DA:53,1
DA:57,1
DA:58,4
DA:65,4
DA:67,4
DA:69,4
DA:70,1
DA:76,4
DA:77,4
DA:78,4
DA:80,4
DA:85,3
DA:87,1
DA:91,1
DA:92,0
DA:93,0
DA:94,0
DA:96,0
DA:97,0
DA:100,0
DA:101,0
DA:103,0
DA:105,0
DA:110,1
DA:111,0
DA:112,0
DA:113,0
DA:114,0
DA:116,0
DA:117,0
DA:125,0
DA:127,0
DA:128,0
DA:135,0
DA:141,0
DA:142,0
DA:147,0
DA:148,0
DA:149,0
DA:150,0
DA:151,0
DA:160,0
DA:161,0
DA:166,0
DA:167,0
DA:168,0
DA:172,0
DA:173,0
DA:175,0
DA:176,0
DA:180,0
DA:181,0
DA:182,0
DA:184,0
DA:197,0
DA:202,0
DA:203,0
DA:206,0
DA:207,0
DA:213,0
DA:214,0
DA:222,1
DA:223,0
DA:224,0
DA:225,0
DA:227,0
DA:229,0
DA:230,0
DA:233,0
DA:234,0
DA:235,0
DA:237,0
DA:239,0
DA:241,0
DA:245,1
DA:246,0
DA:257,0
DA:261,0
DA:275,0
DA:277,0
DA:284,0
DA:285,0
DA:293,1
DA:307,1
LF:99
LH:34
BRDA:32,0,0,1
BRDA:32,0,1,1
BRDA:69,1,0,1
BRDA:69,1,1,3
BRDA:69,2,0,4
BRDA:69,2,1,1
BRDA:76,3,0,1
BRDA:76,3,1,3
BRDA:77,4,0,1
BRDA:77,4,1,3
BRDA:78,5,0,1
BRDA:78,5,1,3
BRDA:96,6,0,0
BRDA:96,6,1,0
BRDA:116,7,0,0
BRDA:116,7,1,0
BRDA:127,8,0,0
BRDA:127,8,1,0
BRDA:150,9,0,0
BRDA:150,9,1,0
BRDA:175,10,0,0
BRDA:175,10,1,0
BRDA:188,11,0,0
BRDA:188,11,1,0
BRDA:191,12,0,0
BRDA:191,12,1,0
BRDA:192,13,0,0
BRDA:192,13,1,0
BRDA:206,14,0,0
BRDA:206,14,1,0
BRDA:208,15,0,0
BRDA:208,15,1,0
BRDA:229,16,0,0
BRDA:229,16,1,0
BRDA:307,17,0,1
BRDA:307,17,1,1
BRF:36
BRH:14
end_of_record
TN:
SF:src/controllers/userController.js
FN:8,(anonymous_0)
FN:51,(anonymous_1)
FN:90,(anonymous_2)
FN:125,(anonymous_3)
FN:212,(anonymous_4)
FN:226,(anonymous_5)
FN:279,(anonymous_6)
FN:293,(anonymous_7)
FN:351,(anonymous_8)
FN:403,(anonymous_9)
FN:443,(anonymous_10)
FN:449,(anonymous_11)
FNF:12
FNH:5
FNDA:6,(anonymous_0)
FNDA:5,(anonymous_1)
FNDA:0,(anonymous_2)
FNDA:3,(anonymous_3)
FNDA:2,(anonymous_4)
FNDA:2,(anonymous_5)
FNDA:0,(anonymous_6)
FNDA:0,(anonymous_7)
FNDA:0,(anonymous_8)
FNDA:0,(anonymous_9)
FNDA:0,(anonymous_10)
FNDA:0,(anonymous_11)
DA:1,1
DA:2,1
DA:3,1
DA:8,1
DA:9,6
DA:18,6
DA:21,6
DA:23,6
DA:24,6
DA:25,6
DA:26,1
DA:35,6
DA:36,6
DA:39,6
DA:51,5
DA:57,0
DA:65,0
DA:75,6
DA:80,6
DA:90,1
DA:91,0
DA:92,0
DA:97,0
DA:98,0
DA:101,0
DA:107,0
DA:109,0
DA:115,0
DA:125,1
DA:126,3
DA:136,3
DA:139,3
DA:140,0
DA:146,3
DA:150,3
DA:151,0
DA:159,3
DA:160,3
DA:163,3
DA:175,3
DA:176,0
DA:179,3
DA:180,3
DA:183,1
DA:187,0
DA:189,0
DA:197,0
DA:202,3
DA:209,3
DA:210,1
DA:212,2
DA:216,2
DA:226,1
DA:227,2
DA:228,2
DA:229,2
DA:232,2
DA:233,2
DA:236,2
DA:238,2
DA:247,2
DA:248,1
DA:251,1
DA:257,0
DA:264,0
DA:269,1
DA:276,1
DA:277,0
DA:279,0
DA:283,1
DA:293,1
DA:294,0
DA:295,0
DA:296,0
DA:298,0
DA:299,0
DA:304,0
DA:305,0
DA:306,0
DA:310,0
DA:311,0
DA:312,0
DA:313,0
DA:314,0
DA:319,0
DA:320,0
DA:322,0
DA:323,0
DA:324,0
DA:326,0
DA:333,0
DA:335,0
DA:341,0
DA:351,1
DA:352,0
DA:353,0
DA:354,0
DA:356,0
DA:357,0
DA:361,0
DA:362,0
DA:367,0
DA:368,0
DA:369,0
DA:371,0
DA:378,0
DA:387,0
DA:393,0
DA:403,1
DA:404,0
DA:405,0
DA:443,0
DA:449,0
DA:455,0
DA:461,0
DA:466,0
DA:473,1
LF:117
LH:54
BRDA:11,0,0,5
BRDA:12,1,0,5
BRDA:16,2,0,6
BRDA:17,3,0,6
BRDA:23,4,0,1
BRDA:23,4,1,5
BRDA:24,5,0,1
BRDA:24,5,1,5
BRDA:25,6,0,1
BRDA:25,6,1,5
BRDA:36,7,0,0
BRDA:36,7,1,6
BRDA:97,8,0,0
BRDA:97,8,1,0
BRDA:139,9,0,0
BRDA:139,9,1,3
BRDA:139,10,0,3
BRDA:139,10,1,3
BRDA:139,10,2,3
BRDA:139,10,3,3
BRDA:150,11,0,0
BRDA:150,11,1,3
BRDA:152,12,0,0
BRDA:152,12,1,0
BRDA:168,13,0,3
BRDA:168,13,1,2
BRDA:169,14,0,3
BRDA:169,14,1,3
BRDA:170,15,0,3
BRDA:170,15,1,3
BRDA:175,16,0,0
BRDA:175,16,1,3
BRDA:175,17,0,3
BRDA:175,17,1,0
BRDA:209,18,0,1
BRDA:209,18,1,2
BRDA:247,19,0,1
BRDA:247,19,1,1
BRDA:276,20,0,0
BRDA:276,20,1,1
BRDA:298,21,0,0
BRDA:298,21,1,0
BRDA:298,22,0,0
BRDA:298,22,1,0
BRDA:305,23,0,0
BRDA:305,23,1,0
BRDA:311,24,0,0
BRDA:311,24,1,0
BRDA:313,25,0,0
BRDA:313,25,1,0
BRDA:356,26,0,0
BRDA:356,26,1,0
BRDA:361,27,0,0
BRDA:361,27,1,0
BRDA:361,28,0,0
BRDA:361,28,1,0
BRDA:372,29,0,0
BRDA:372,29,1,0
BRDA:379,30,0,0
BRDA:379,30,1,0
BRF:60
BRH:30
end_of_record
TN:
SF:src/middleware/auth.js
FN:8,(anonymous_0)
FN:109,(anonymous_1)
FN:110,(anonymous_2)
FN:141,(anonymous_3)
FN:142,(anonymous_4)
FN:181,(anonymous_5)
FN:182,(anonymous_6)
FN:195,(anonymous_7)
FN:224,(anonymous_8)
FN:231,(anonymous_9)
FN:238,(anonymous_10)
FNF:11
FNH:0
FNDA:0,(anonymous_0)
FNDA:0,(anonymous_1)
FNDA:0,(anonymous_2)
FNDA:0,(anonymous_3)
FNDA:0,(anonymous_4)
FNDA:0,(anonymous_5)
FNDA:0,(anonymous_6)
FNDA:0,(anonymous_7)
FNDA:0,(anonymous_8)
FNDA:0,(anonymous_9)
FNDA:0,(anonymous_10)
DA:1,0
DA:2,0
DA:3,0
DA:8,0
DA:9,0
DA:12,0
DA:13,0
DA:16,0
DA:17,0
DA:23,0
DA:29,0
DA:30,0
DA:32,0
DA:33,0
DA:39,0
DA:45,0
DA:46,0
DA:52,0
DA:58,0
DA:59,0
DA:65,0
DA:72,0
DA:73,0
DA:75,0
DA:76,0
DA:78,0
DA:85,0
DA:86,0
DA:92,0
DA:93,0
DA:99,0
DA:109,0
DA:110,0
DA:111,0
DA:112,0
DA:118,0
DA:119,0
DA:128,0
DA:134,0
DA:141,0
DA:142,0
DA:143,0
DA:144,0
DA:151,0
DA:152,0
DA:155,0
DA:156,0
DA:167,0
DA:174,0
DA:181,0
DA:182,0
DA:183,0
DA:184,0
DA:191,0
DA:192,0
DA:195,0
DA:196,0
DA:199,0
DA:200,0
DA:210,0
DA:217,0
DA:224,0
DA:225,0
DA:231,0
DA:232,0
DA:238,0
DA:239,0
DA:240,0
DA:247,0
DA:249,0
DA:252,0
DA:258,0
LF:72
LH:0
BRDA:12,0,0,0
BRDA:12,0,1,0
BRDA:12,1,0,0
BRDA:12,1,1,0
BRDA:16,2,0,0
BRDA:16,2,1,0
BRDA:32,3,0,0
BRDA:32,3,1,0
BRDA:45,4,0,0
BRDA:45,4,1,0
BRDA:58,5,0,0
BRDA:58,5,1,0
BRDA:85,6,0,0
BRDA:85,6,1,0
BRDA:92,7,0,0
BRDA:92,7,1,0
BRDA:111,8,0,0
BRDA:111,8,1,0
BRDA:118,9,0,0
BRDA:118,9,1,0
BRDA:143,10,0,0
BRDA:143,10,1,0
BRDA:151,11,0,0
BRDA:151,11,1,0
BRDA:155,12,0,0
BRDA:155,12,1,0
BRDA:183,13,0,0
BRDA:183,13,1,0
BRDA:191,14,0,0
BRDA:191,14,1,0
BRDA:199,15,0,0
BRDA:199,15,1,0
BRDA:239,16,0,0
BRDA:239,16,1,0
BRDA:247,17,0,0
BRDA:247,17,1,0
BRDA:247,18,0,0
BRDA:247,18,1,0
BRF:38
BRH:0
end_of_record
TN:
SF:src/middleware/errorHandler.js
FN:1,(anonymous_0)
FNF:1
FNH:0
FNDA:0,(anonymous_0)
DA:1,0
DA:2,0
DA:4,0
DA:11,0
DA:14,0
LF:5
LH:0
BRDA:6,0,0,0
BRDA:6,0,1,0
BRDA:7,1,0,0
BRDA:7,1,1,0
BRDA:8,2,0,0
BRDA:8,2,1,0
BRF:6
BRH:0
end_of_record
TN:
SF:src/middleware/loggingMiddleware.js
FN:5,(anonymous_0)
FN:15,(anonymous_1)
FN:43,(anonymous_2)
FNF:3
FNH:0
FNDA:0,(anonymous_0)
FNDA:0,(anonymous_1)
FNDA:0,(anonymous_2)
DA:2,0
DA:5,0
DA:7,0
DA:10,0
DA:13,0
DA:15,0
DA:17,0
DA:20,0
DA:27,0
DA:28,0
DA:29,0
DA:36,0
DA:39,0
DA:43,0
DA:44,0
DA:47,0
DA:54,0
LF:17
LH:0
BRDA:27,0,0,0
BRDA:27,0,1,0
BRDA:28,1,0,0
BRDA:28,1,1,0
BRDA:47,2,0,0
BRDA:47,2,1,0
BRDA:48,3,0,0
BRDA:48,3,1,0
BRDA:49,4,0,0
BRDA:49,4,1,0
BRDA:50,5,0,0
BRDA:50,5,1,0
BRF:12
BRH:0
end_of_record
TN:
SF:src/middleware/rateLimiter.js
FN:10,(anonymous_0)
FN:18,(anonymous_1)
FN:19,(anonymous_2)
FN:36,(anonymous_3)
FN:97,(anonymous_4)
FN:103,(anonymous_5)
FN:107,(anonymous_6)
FNF:7
FNH:0
FNDA:0,(anonymous_0)
FNDA:0,(anonymous_1)
FNDA:0,(anonymous_2)
FNDA:0,(anonymous_3)
FNDA:0,(anonymous_4)
FNDA:0,(anonymous_5)
FNDA:0,(anonymous_6)
DA:2,0
DA:11,0
DA:12,0
DA:19,0
DA:20,0
DA:21,0
DA:22,0
DA:23,0
DA:37,0
DA:38,0
DA:40,0
DA:42,0
DA:47,0
DA:55,0
DA:57,0
DA:62,0
DA:70,0
DA:71,0
DA:79,0
DA:80,0
DA:82,0
DA:90,0
DA:97,0
DA:103,0
DA:105,0
DA:107,0
DA:108,0
DA:109,0
DA:110,0
DA:113,0
DA:119,0
DA:120,0
DA:127,0
DA:134,0
DA:136,0
DA:138,0
DA:148,0
DA:156,0
DA:164,0
DA:172,0
DA:179,0
LF:41
LH:0
BRDA:22,0,0,0
BRDA:22,0,1,0
BRDA:40,1,0,0
BRDA:40,1,1,0
BRDA:55,2,0,0
BRDA:55,2,1,0
BRDA:70,3,0,0
BRDA:70,3,1,0
BRDA:97,4,0,0
BRDA:99,5,0,0
BRDA:99,6,0,0
BRDA:99,6,1,0
BRDA:100,7,0,0
BRDA:100,8,0,0
BRDA:100,8,1,0
BRDA:101,9,0,0
BRDA:102,10,0,0
BRDA:103,11,0,0
BRDA:103,12,0,0
BRDA:103,12,1,0
BRDA:104,13,0,0
BRDA:119,14,0,0
BRDA:119,14,1,0
BRDA:149,15,0,0
BRDA:149,15,1,0
BRDA:149,16,0,0
BRDA:149,16,1,0
BRDA:150,17,0,0
BRDA:150,17,1,0
BRDA:150,18,0,0
BRDA:150,18,1,0
BRDA:151,19,0,0
BRDA:151,19,1,0
BRF:33
BRH:0
end_of_record
TN:
SF:src/middleware/serviceValidation.js
FN:4,(anonymous_0)
FN:122,oo_cm
FNF:2
FNH:0
FNDA:0,(anonymous_0)
FNDA:0,oo_cm
DA:1,1
DA:2,1
DA:4,1
DA:5,0
DA:6,0
DA:9,0
DA:10,0
DA:12,0
DA:13,0
DA:16,0
DA:26,0
DA:27,0
DA:41,0
DA:42,0
DA:44,0
DA:45,0
DA:52,0
DA:53,0
DA:54,0
DA:61,0
DA:62,0
DA:63,0
DA:65,0
DA:66,0
DA:82,0
DA:84,0
DA:93,0
DA:94,0
DA:104,0
DA:107,0
DA:108,0
DA:115,1
DA:122,0
LF:33
LH:4
BRDA:26,0,0,0
BRDA:26,0,1,0
BRDA:41,1,0,0
BRDA:41,1,1,0
BRDA:44,2,0,0
BRDA:44,2,1,0
BRDA:53,3,0,0
BRDA:53,3,1,0
BRDA:53,4,0,0
BRDA:53,4,1,0
BRDA:61,5,0,0
BRDA:61,5,1,0
BRDA:61,6,0,0
BRDA:61,6,1,0
BRDA:63,7,0,0
BRDA:63,7,1,0
BRDA:65,8,0,0
BRDA:65,8,1,0
BRDA:93,9,0,0
BRDA:93,9,1,0
BRDA:122,10,0,0
BRDA:122,10,1,0
BRF:22
BRH:0
end_of_record
TN:
SF:src/middleware/validation.js
FN:13,(anonymous_0)
FN:30,(anonymous_1)
FN:40,(anonymous_2)
FN:65,(anonymous_3)
FN:80,(anonymous_4)
FN:92,(anonymous_5)
FN:117,(anonymous_6)
FN:144,(anonymous_7)
FN:186,(anonymous_8)
FN:225,(anonymous_9)
FN:262,(anonymous_10)
FNF:11
FNH:0
FNDA:0,(anonymous_0)
FNDA:0,(anonymous_1)
FNDA:0,(anonymous_2)
FNDA:0,(anonymous_3)
FNDA:0,(anonymous_4)
FNDA:0,(anonymous_5)
FNDA:0,(anonymous_6)
FNDA:0,(anonymous_7)
FNDA:0,(anonymous_8)
FNDA:0,(anonymous_9)
FNDA:0,(anonymous_10)
DA:2,0
DA:13,0
DA:14,0
DA:17,0
DA:30,0
DA:31,0
DA:32,0
DA:40,0
DA:41,0
DA:42,0
DA:45,0
DA:46,0
DA:49,0
DA:50,0
DA:51,0
DA:57,0
DA:65,0
DA:66,0
DA:69,0
DA:72,0
DA:80,0
DA:81,0
DA:84,0
DA:92,0
DA:93,0
DA:94,0
DA:97,0
DA:98,0
DA:101,0
DA:102,0
DA:103,0
DA:105,0
DA:106,0
DA:108,0
DA:111,0
DA:117,0
DA:118,0
DA:119,0
DA:120,0
DA:123,0
DA:124,0
DA:127,0
DA:128,0
DA:131,0
DA:133,0
DA:134,0
DA:144,0
DA:145,0
DA:146,0
DA:149,0
DA:150,0
DA:154,0
DA:155,0
DA:159,0
DA:160,0
DA:161,0
DA:162,0
DA:167,0
DA:168,0
DA:171,0
DA:172,0
DA:173,0
DA:180,0
DA:186,0
DA:187,0
DA:188,0
DA:191,0
DA:192,0
DA:193,0
DA:197,0
DA:198,0
DA:202,0
DA:203,0
DA:206,0
DA:207,0
DA:210,0
DA:211,0
DA:212,0
DA:219,0
DA:225,0
DA:226,0
DA:227,0
DA:230,0
DA:231,0
DA:235,0
DA:236,0
DA:240,0
DA:241,0
DA:242,0
DA:243,0
DA:247,0
DA:248,0
DA:249,0
DA:256,0
DA:262,0
DA:263,0
DA:265,0
DA:266,0
DA:267,0
DA:268,0
DA:273,0
DA:276,0
DA:277,0
DA:278,0
DA:279,0
DA:284,0
DA:287,0
DA:290,0
LF:108
LH:0
BRDA:14,0,0,0
BRDA:14,0,1,0
BRDA:32,1,0,0
BRDA:32,1,1,0
BRDA:41,2,0,0
BRDA:41,2,1,0
BRDA:41,3,0,0
BRDA:41,3,1,0
BRDA:45,4,0,0
BRDA:45,4,1,0
BRDA:50,5,0,0
BRDA:50,5,1,0
BRDA:66,6,0,0
BRDA:66,6,1,0
BRDA:66,7,0,0
BRDA:66,7,1,0
BRDA:81,8,0,0
BRDA:81,8,1,0
BRDA:81,9,0,0
BRDA:81,9,1,0
BRDA:93,10,0,0
BRDA:93,10,1,0
BRDA:97,11,0,0
BRDA:97,11,1,0
BRDA:101,12,0,0
BRDA:101,12,1,0
BRDA:101,13,0,0
BRDA:101,13,1,0
BRDA:119,14,0,0
BRDA:119,14,1,0
BRDA:123,15,0,0
BRDA:123,15,1,0
BRDA:127,16,0,0
BRDA:127,16,1,0
BRDA:149,17,0,0
BRDA:149,17,1,0
BRDA:149,18,0,0
BRDA:149,18,1,0
BRDA:149,18,2,0
BRDA:149,18,3,0
BRDA:154,19,0,0
BRDA:154,19,1,0
BRDA:154,20,0,0
BRDA:154,20,1,0
BRDA:159,21,0,0
BRDA:159,21,1,0
BRDA:161,22,0,0
BRDA:161,22,1,0
BRDA:167,23,0,0
BRDA:167,23,1,0
BRDA:167,24,0,0
BRDA:167,24,1,0
BRDA:167,24,2,0
BRDA:167,24,3,0
BRDA:171,25,0,0
BRDA:171,25,1,0
BRDA:192,26,0,0
BRDA:192,26,1,0
BRDA:192,27,0,0
BRDA:192,27,1,0
BRDA:197,28,0,0
BRDA:197,28,1,0
BRDA:197,29,0,0
BRDA:197,29,1,0
BRDA:202,30,0,0
BRDA:202,30,1,0
BRDA:202,31,0,0
BRDA:202,31,1,0
BRDA:202,31,2,0
BRDA:202,31,3,0
BRDA:206,32,0,0
BRDA:206,32,1,0
BRDA:206,33,0,0
BRDA:206,33,1,0
BRDA:206,33,2,0
BRDA:206,33,3,0
BRDA:210,34,0,0
BRDA:210,34,1,0
BRDA:230,35,0,0
BRDA:230,35,1,0
BRDA:230,36,0,0
BRDA:230,36,1,0
BRDA:235,37,0,0
BRDA:235,37,1,0
BRDA:235,38,0,0
BRDA:235,38,1,0
BRDA:235,38,2,0
BRDA:235,38,3,0
BRDA:240,39,0,0
BRDA:240,39,1,0
BRDA:242,40,0,0
BRDA:242,40,1,0
BRDA:242,41,0,0
BRDA:242,41,1,0
BRDA:242,41,2,0
BRDA:247,42,0,0
BRDA:247,42,1,0
BRDA:265,43,0,0
BRDA:265,43,1,0
BRDA:267,44,0,0
BRDA:267,44,1,0
BRDA:267,45,0,0
BRDA:267,45,1,0
BRDA:267,45,2,0
BRDA:276,46,0,0
BRDA:276,46,1,0
BRDA:278,47,0,0
BRDA:278,47,1,0
BRDA:278,48,0,0
BRDA:278,48,1,0
BRDA:278,48,2,0
BRF:111
BRH:0
end_of_record
TN:
SF:src/models/AuditFinding.js
FNF:0
FNH:0
DA:2,0
DA:3,0
DA:8,0
DA:107,0
DA:108,0
DA:109,0
DA:110,0
DA:111,0
DA:112,0
DA:115,0
DA:117,0
LF:11
LH:0
BRF:0
BRH:0
end_of_record
TN:
SF:src/models/AuditResult.js
FNF:0
FNH:0
DA:2,0
DA:3,0
DA:8,0
DA:101,0
DA:102,0
DA:103,0
DA:104,0
DA:107,0
DA:109,0
LF:9
LH:0
BRF:0
BRH:0
end_of_record
TN:
SF:src/models/AuditRule.js
FNF:0
FNH:0
DA:2,0
DA:3,0
DA:8,0
DA:91,0
DA:92,0
DA:93,0
DA:94,0
DA:95,0
DA:96,0
DA:97,0
DA:100,0
DA:102,0
LF:12
LH:0
BRF:0
BRH:0
end_of_record
TN:
SF:src/models/Company.js
FNF:0
FNH:0
DA:1,0
DA:3,0
DA:19,0
LF:3
LH:0
BRF:0
BRH:0
end_of_record
TN:
SF:src/models/Contract.js
FN:88,(anonymous_0)
FN:95,(anonymous_1)
FN:102,(anonymous_2)
FN:111,(anonymous_3)
FN:117,(anonymous_4)
FNF:5
FNH:0
FNDA:0,(anonymous_0)
FNDA:0,(anonymous_1)
FNDA:0,(anonymous_2)
FNDA:0,(anonymous_3)
FNDA:0,(anonymous_4)
DA:1,2
DA:3,2
DA:88,2
DA:89,0
DA:90,0
DA:92,0
DA:95,2
DA:96,0
DA:97,0
DA:99,0
DA:102,2
DA:103,0
DA:105,0
DA:106,0
DA:107,0
DA:108,0
DA:111,2
DA:112,0
DA:113,0
DA:117,2
DA:118,0
DA:120,0
DA:135,0
DA:136,0
DA:138,0
DA:141,2
LF:26
LH:8
BRDA:89,0,0,0
BRDA:89,0,1,0
BRDA:89,1,0,0
BRDA:89,1,1,0
BRDA:89,1,2,0
BRDA:96,2,0,0
BRDA:96,2,1,0
BRDA:96,3,0,0
BRDA:96,3,1,0
BRDA:103,4,0,0
BRDA:103,4,1,0
BRDA:106,5,0,0
BRDA:106,5,1,0
BRDA:107,6,0,0
BRDA:107,6,1,0
BRDA:113,7,0,0
BRDA:113,7,1,0
BRDA:135,8,0,0
BRDA:135,8,1,0
BRF:19
BRH:0
end_of_record
TN:
SF:src/models/Entity.js
FNF:0
FNH:0
DA:2,0
DA:3,0
DA:8,0
DA:182,0
DA:184,0
LF:5
LH:0
BRF:0
BRH:0
end_of_record
TN:
SF:src/models/ExportTemplate.js
FNF:0
FNH:0
DA:2,0
DA:4,0
DA:58,0
LF:3
LH:0
BRF:0
BRH:0
end_of_record
TN:
SF:src/models/Invoice.js
FN:58,(anonymous_0)
FNF:1
FNH:0
FNDA:0,(anonymous_0)
DA:2,0
DA:4,0
DA:58,0
DA:59,0
DA:62,0
DA:64,0
LF:6
LH:0
BRF:0
BRH:0
end_of_record
TN:
SF:src/models/Patient.js
FN:76,(anonymous_0)
FNF:1
FNH:0
FNDA:0,(anonymous_0)
DA:1,3
DA:3,3
DA:76,3
DA:77,0
DA:78,0
DA:79,0
DA:80,0
DA:83,3
LF:8
LH:4
BRF:0
BRH:0
end_of_record
TN:
SF:src/models/Payment.js
FNF:0
FNH:0
DA:2,0
DA:4,0
DA:38,0
DA:40,0
LF:4
LH:0
BRF:0
BRH:0
end_of_record
TN:
SF:src/models/PreBill.js
FNF:0
FNH:0
DA:1,1
DA:3,1
DA:49,1
DA:50,1
DA:51,1
DA:52,1
DA:54,1
LF:7
LH:7
BRF:0
BRH:0
end_of_record
TN:
SF:src/models/RipsGeneration.js
FNF:0
FNH:0
DA:2,0
DA:3,0
DA:8,0
DA:168,0
DA:169,0
DA:170,0
DA:171,0
DA:174,0
DA:176,0
LF:9
LH:0
BRF:0
BRH:0
end_of_record
TN:
SF:src/models/RolePermissions.js
FN:69,(anonymous_0)
FN:70,(anonymous_1)
FN:74,(anonymous_2)
FNF:3
FNH:0
FNDA:0,(anonymous_0)
FNDA:0,(anonymous_1)
FNDA:0,(anonymous_2)
DA:2,0
DA:4,0
DA:36,0
DA:69,0
DA:70,0
DA:74,0
DA:75,0
DA:144,0
DA:145,0
DA:153,0
LF:10
LH:0
BRF:0
BRH:0
end_of_record
TN:
SF:src/models/Service.js
FNF:0
FNH:0
DA:2,2
DA:4,2
DA:49,2
DA:50,2
DA:51,2
DA:53,2
LF:6
LH:6
BRF:0
BRH:0
end_of_record
TN:
SF:src/models/ServiceRate.js
FNF:0
FNH:0
DA:1,0
LF:1
LH:0
BRF:0
BRH:0
end_of_record
TN:
SF:src/models/ServiceRecord.js
FNF:0
FNH:0
DA:2,2
DA:4,2
DA:54,2
DA:61,2
LF:4
LH:4
BRF:0
BRH:0
end_of_record
TN:
SF:src/models/User.js
FN:63,(anonymous_0)
FN:142,(anonymous_1)
FN:150,(anonymous_2)
FN:209,(anonymous_3)
FN:211,(anonymous_4)
FN:216,(anonymous_5)
FN:221,(anonymous_6)
FN:238,(anonymous_7)
FN:251,(anonymous_8)
FNF:9
FNH:9
FNDA:10,(anonymous_0)
FNDA:6,(anonymous_1)
FNDA:60,(anonymous_2)
FNDA:3,(anonymous_3)
FNDA:15,(anonymous_4)
FNDA:3,(anonymous_5)
FNDA:5,(anonymous_6)
FNDA:4,(anonymous_7)
FNDA:1,(anonymous_8)
DA:2,2
DA:5,2
DA:21,2
DA:30,2
DA:42,2
DA:65,10
DA:66,10
DA:142,2
DA:144,6
DA:145,1
DA:149,5
DA:150,60
DA:205,5
DA:209,2
DA:210,3
DA:211,15
DA:212,3
DA:216,2
DA:217,3
DA:221,2
DA:222,5
DA:225,5
DA:228,5
DA:231,5
DA:234,5
DA:238,2
DA:239,4
DA:240,1
DA:243,3
DA:244,3
DA:246,3
DA:251,2
DA:252,1
DA:253,1
DA:257,2
DA:258,2
DA:259,2
DA:260,2
DA:263,2
LF:39
LH:39
BRDA:144,0,0,1
BRDA:144,0,1,5
BRDA:205,1,0,5
BRDA:205,1,1,0
BRDA:212,2,0,3
BRDA:212,2,1,1
BRDA:217,3,0,3
BRDA:217,3,1,2
BRDA:239,4,0,1
BRDA:239,4,1,3
BRDA:239,5,0,4
BRDA:239,5,1,3
BRDA:246,6,0,3
BRDA:246,6,1,2
BRF:14
BRH:13
end_of_record
TN:
SF:src/models/VerificationMatrix.js
FNF:0
FNH:0
DA:2,0
DA:3,0
DA:8,0
DA:79,0
DA:80,0
DA:83,0
DA:85,0
LF:7
LH:0
BRF:0
BRH:0
end_of_record
TN:
SF:src/models/index.js
FNF:0
FNH:0
DA:2,0
DA:3,0
DA:4,0
DA:5,0
DA:7,0
LF:5
LH:0
BRF:0
BRH:0
end_of_record
TN:
SF:src/routes/auditRoutes.js
FNF:0
FNH:0
DA:2,0
DA:3,0
DA:5,0
DA:6,0
DA:13,0
DA:16,0
DA:19,0
DA:22,0
DA:25,0
DA:28,0
DA:31,0
DA:34,0
DA:37,0
DA:40,0
DA:43,0
DA:44,0
DA:45,0
DA:46,0
DA:47,0
DA:48,0
DA:49,0
DA:50,0
DA:53,0
DA:56,0
DA:58,0
LF:25
LH:0
BRF:0
BRH:0
end_of_record
TN:
SF:src/routes/authRoutes.js
FNF:0
FNH:0
DA:1,0
DA:2,0
DA:9,0
DA:10,0
DA:11,0
DA:12,0
DA:15,0
DA:16,0
DA:17,0
DA:20,0
DA:21,0
DA:23,0
LF:12
LH:0
BRF:0
BRH:0
end_of_record
TN:
SF:src/routes/companyRoutes.js
FN:8,(anonymous_0)
FN:17,(anonymous_1)
FN:49,(anonymous_2)
FN:58,(anonymous_3)
FN:67,(anonymous_4)
FNF:5
FNH:0
FNDA:0,(anonymous_0)
FNDA:0,(anonymous_1)
FNDA:0,(anonymous_2)
FNDA:0,(anonymous_3)
FNDA:0,(anonymous_4)
DA:1,0
DA:2,0
DA:3,0
DA:4,0
DA:5,0
DA:6,0
DA:8,0
DA:9,0
DA:10,0
DA:11,0
DA:13,0
DA:17,0
DA:18,0
DA:19,0
DA:20,0
DA:23,0
DA:24,0
DA:25,0
DA:28,0
DA:32,0
DA:33,0
DA:36,0
DA:41,0
DA:42,0
DA:44,0
DA:45,0
DA:49,0
DA:50,0
DA:51,0
DA:52,0
DA:54,0
DA:58,0
DA:59,0
DA:60,0
DA:61,0
DA:63,0
DA:67,0
DA:68,0
DA:69,0
DA:70,0
DA:72,0
DA:76,0
LF:42
LH:0
BRDA:23,0,0,0
BRDA:23,0,1,0
BRDA:32,1,0,0
BRDA:32,1,1,0
BRF:4
BRH:0
end_of_record
TN:
SF:src/routes/contractRoutes.js
FN:31,(anonymous_0)
FN:43,(anonymous_1)
FN:52,(anonymous_2)
FNF:3
FNH:0
FNDA:0,(anonymous_0)
FNDA:0,(anonymous_1)
FNDA:0,(anonymous_2)
DA:1,0
DA:2,0
DA:3,0
DA:8,0
DA:9,0
DA:12,0
DA:14,0
DA:19,0
DA:24,0
DA:29,0
DA:32,0
DA:33,0
DA:34,0
DA:36,0
DA:41,0
DA:44,0
DA:45,0
DA:46,0
DA:48,0
DA:52,0
DA:53,0
DA:54,0
DA:55,0
DA:57,0
DA:61,0
LF:25
LH:0
BRF:0
BRH:0
end_of_record
TN:
SF:src/routes/cupsRoutes.js
FNF:0
FNH:0
DA:2,0
DA:3,0
DA:15,0
DA:18,0
DA:19,0
DA:20,0
DA:21,0
DA:22,0
DA:25,0
DA:26,0
DA:27,0
DA:28,0
DA:30,0
LF:13
LH:0
BRF:0
BRH:0
end_of_record
TN:
SF:src/routes/dashboardRoutes.js
FNF:0
FNH:0
DA:2,0
DA:3,0
DA:4,0
DA:10,0
DA:13,0
DA:15,0
DA:20,0
DA:26,0
DA:31,0
DA:36,0
LF:10
LH:0
BRF:0
BRH:0
end_of_record
TN:
SF:src/routes/financialRoutes.js
FNF:0
FNH:0
DA:2,0
DA:3,0
DA:4,0
DA:11,0
DA:14,0
DA:17,0
DA:20,0
DA:23,0
DA:26,0
DA:29,0
DA:32,0
DA:35,0
DA:38,0
DA:41,0
DA:43,0
LF:15
LH:0
BRF:0
BRH:0
end_of_record
TN:
SF:src/routes/importRoutes.js
FNF:0
FNH:0
DA:2,0
DA:3,0
DA:8,0
DA:10,0
DA:11,0
DA:12,0
DA:14,0
LF:7
LH:0
BRF:0
BRH:0
end_of_record
TN:
SF:src/routes/patientRoutes.js
FNF:0
FNH:0
DA:1,0
DA:2,0
DA:8,0
DA:9,0
DA:10,0
DA:11,0
DA:14,0
DA:17,0
DA:22,0
DA:27,0
DA:32,0
DA:37,0
DA:42,0
LF:13
LH:0
BRF:0
BRH:0
end_of_record
TN:
SF:src/routes/preBillRoutes.js
FN:15,(anonymous_0)
FN:25,(anonymous_1)
FN:26,(anonymous_2)
FN:29,(anonymous_3)
FN:68,(anonymous_4)
FN:83,(anonymous_5)
FN:102,(anonymous_6)
FN:120,(anonymous_7)
FN:158,(anonymous_8)
FN:190,(anonymous_9)
FN:216,(anonymous_10)
FNF:11
FNH:0
FNDA:0,(anonymous_0)
FNDA:0,(anonymous_1)
FNDA:0,(anonymous_2)
FNDA:0,(anonymous_3)
FNDA:0,(anonymous_4)
FNDA:0,(anonymous_5)
FNDA:0,(anonymous_6)
FNDA:0,(anonymous_7)
FNDA:0,(anonymous_8)
FNDA:0,(anonymous_9)
FNDA:0,(anonymous_10)
DA:1,0
DA:2,0
DA:3,0
DA:4,0
DA:10,0
DA:13,0
DA:15,0
DA:16,0
DA:17,0
DA:20,0
DA:21,0
DA:23,0
DA:25,0
DA:26,0
DA:28,0
DA:29,0
DA:32,0
DA:33,0
DA:35,0
DA:36,0
DA:41,0
DA:46,0
DA:48,0
DA:49,0
DA:52,0
DA:57,0
DA:62,0
DA:68,0
DA:69,0
DA:70,0
DA:71,0
DA:73,0
DA:74,0
DA:76,0
DA:83,0
DA:94,0
DA:96,0
DA:97,0
DA:102,0
DA:103,0
DA:104,0
DA:109,0
DA:110,0
DA:113,0
DA:115,0
DA:120,0
DA:121,0
DA:122,0
DA:124,0
DA:126,0
DA:127,0
DA:128,0
DA:131,0
DA:133,0
DA:134,0
DA:135,0
DA:143,0
DA:144,0
DA:145,0
DA:147,0
DA:153,0
DA:154,0
DA:158,0
DA:159,0
DA:160,0
DA:165,0
DA:166,0
DA:170,0
DA:171,0
DA:174,0
DA:175,0
DA:176,0
DA:179,0
DA:190,0
DA:191,0
DA:205,0
DA:208,0
DA:209,0
DA:211,0
DA:212,0
DA:216,0
DA:217,0
DA:220,0
LF:83
LH:0
BRDA:20,0,0,0
BRDA:20,0,1,0
BRDA:23,1,0,0
BRDA:23,1,1,0
BRDA:23,2,0,0
BRDA:23,2,1,0
BRDA:32,3,0,0
BRDA:32,3,1,0
BRDA:33,4,0,0
BRDA:33,4,1,0
BRDA:73,5,0,0
BRDA:73,5,1,0
BRDA:74,6,0,0
BRDA:74,6,1,0
BRDA:85,7,0,0
BRDA:85,7,1,0
BRDA:86,8,0,0
BRDA:86,8,1,0
BRDA:87,9,0,0
BRDA:87,9,1,0
BRDA:90,10,0,0
BRDA:90,10,1,0
BRDA:109,11,0,0
BRDA:109,11,1,0
BRDA:126,12,0,0
BRDA:126,12,1,0
BRDA:133,13,0,0
BRDA:133,13,1,0
BRDA:165,14,0,0
BRDA:165,14,1,0
BRDA:192,15,0,0
BRDA:192,15,1,0
BRDA:193,16,0,0
BRDA:193,16,1,0
BRDA:195,17,0,0
BRDA:195,17,1,0
BRDA:198,18,0,0
BRDA:198,18,1,0
BRDA:199,19,0,0
BRDA:199,19,1,0
BRF:40
BRH:0
end_of_record
TN:
SF:src/routes/reportRoutes.js
FNF:0
FNH:0
DA:2,0
DA:3,0
DA:15,0
DA:18,0
DA:19,0
DA:22,0
DA:23,0
DA:24,0
DA:26,0
LF:9
LH:0
BRF:0
BRH:0
end_of_record
TN:
SF:src/routes/ripsRoutes.js
FNF:0
FNH:0
DA:2,0
DA:3,0
DA:4,0
DA:12,0
DA:15,0
DA:18,0
DA:21,0
DA:24,0
DA:27,0
DA:30,0
DA:33,0
DA:35,0
LF:12
LH:0
BRF:0
BRH:0
end_of_record
TN:
SF:src/routes/rolePermissionRoutes.js
FNF:0
FNH:0
DA:2,0
DA:3,0
DA:11,0
DA:12,0
DA:13,0
DA:16,0
DA:19,0
DA:20,0
DA:21,0
DA:22,0
DA:25,0
DA:27,0
LF:12
LH:0
BRF:0
BRH:0
end_of_record
TN:
SF:src/routes/serviceRoutes.js
FNF:0
FNH:0
DA:1,0
DA:2,0
DA:3,0
DA:4,0
DA:5,0
DA:6,0
DA:14,0
DA:17,0
DA:20,0
DA:27,0
DA:32,0
DA:37,0
DA:42,0
DA:47,0
LF:14
LH:0
BRF:0
BRH:0
end_of_record
TN:
SF:src/routes/userRoutes.js
FNF:0
FNH:0
DA:1,0
DA:9,0
DA:18,0
DA:20,0
DA:23,0
DA:30,0
DA:37,0
DA:47,0
DA:57,0
DA:67,0
DA:77,0
DA:87,0
DA:92,0
LF:13
LH:0
BRF:0
BRH:0
end_of_record
TN:
SF:src/services/emailService.js
FN:10,(anonymous_0)
FN:20,(anonymous_1)
FN:57,(anonymous_2)
FN:86,(anonymous_3)
FN:140,(anonymous_4)
FN:162,(anonymous_5)
FN:206,(anonymous_6)
FN:223,(anonymous_7)
FNF:8
FNH:0
FNDA:0,(anonymous_0)
FNDA:0,(anonymous_1)
FNDA:0,(anonymous_2)
FNDA:0,(anonymous_3)
FNDA:0,(anonymous_4)
FNDA:0,(anonymous_5)
FNDA:0,(anonymous_6)
FNDA:0,(anonymous_7)
DA:2,0
DA:11,0
DA:21,0
DA:22,0
DA:24,0
DA:31,0
DA:33,0
DA:34,0
DA:35,0
DA:36,0
DA:37,0
DA:38,0
DA:41,0
DA:45,0
DA:47,0
DA:48,0
DA:58,0
DA:59,0
DA:66,0
DA:67,0
DA:68,0
DA:69,0
DA:70,0
DA:71,0
DA:73,0
DA:76,0
DA:78,0
DA:79,0
DA:87,0
DA:141,0
DA:163,0
DA:207,0
DA:225,0
DA:226,0
DA:229,0
DA:233,0
LF:36
LH:0
BRDA:22,0,0,0
BRDA:22,0,1,0
BRDA:31,1,0,0
BRDA:31,1,1,0
BRDA:66,2,0,0
BRDA:66,2,1,0
BRF:6
BRH:0
end_of_record
TN:
SF:src/services/fileExportService.js
FN:19,(anonymous_0)
FN:31,(anonymous_1)
FN:35,(anonymous_2)
FN:63,(anonymous_3)
FN:72,(anonymous_4)
FN:116,(anonymous_5)
FN:159,(anonymous_6)
FN:173,convertTxtToCsv
FN:174,(anonymous_8)
FN:178,(anonymous_9)
FN:201,generateCsvReport
FN:202,(anonymous_11)
FN:217,(anonymous_12)
FN:245,oo_cm
FNF:14
FNH:0
FNDA:0,(anonymous_0)
FNDA:0,(anonymous_1)
FNDA:0,(anonymous_2)
FNDA:0,(anonymous_3)
FNDA:0,(anonymous_4)
FNDA:0,(anonymous_5)
FNDA:0,(anonymous_6)
FNDA:0,convertTxtToCsv
FNDA:0,(anonymous_8)
FNDA:0,(anonymous_9)
FNDA:0,generateCsvReport
FNDA:0,(anonymous_11)
FNDA:0,(anonymous_12)
FNDA:0,oo_cm
DA:2,1
DA:3,1
DA:4,1
DA:5,1
DA:6,1
DA:7,1
DA:12,1
DA:21,0
DA:22,0
DA:25,0
DA:26,0
DA:31,0
DA:32,0
DA:35,0
DA:36,0
DA:40,0
DA:43,0
DA:44,0
DA:45,0
DA:46,0
DA:47,0
DA:52,0
DA:54,0
DA:65,0
DA:66,0
DA:67,0
DA:71,0
DA:72,0
DA:75,0
DA:76,0
DA:77,0
DA:78,0
DA:81,0
DA:84,0
DA:87,0
DA:91,0
DA:92,0
DA:94,0
DA:95,0
DA:99,0
DA:102,0
DA:104,0
DA:106,0
DA:118,0
DA:121,0
DA:122,0
DA:125,0
DA:127,0
DA:131,0
DA:133,0
DA:138,0
DA:140,0
DA:144,0
DA:145,0
DA:146,0
DA:149,0
DA:162,0
DA:174,0
DA:176,0
DA:181,0
DA:185,0
DA:202,0
DA:203,0
DA:205,0
DA:208,0
DA:209,0
DA:213,0
DA:214,0
DA:215,0
DA:217,0
DA:218,0
DA:219,0
DA:221,0
DA:224,0
DA:230,0
DA:231,0
DA:233,0
DA:238,1
DA:245,0
LF:79
LH:8
BRDA:45,0,0,0
BRDA:45,0,1,0
BRDA:66,1,0,0
BRDA:66,1,1,0
BRDA:121,2,0,0
BRDA:121,2,1,0
BRDA:127,3,0,0
BRDA:127,3,1,0
BRDA:127,3,2,0
BRDA:127,3,3,0
BRDA:208,4,0,0
BRDA:208,4,1,0
BRDA:208,5,0,0
BRDA:208,5,1,0
BRDA:213,6,0,0
BRDA:213,6,1,0
BRDA:213,7,0,0
BRDA:213,7,1,0
BRDA:215,8,0,0
BRDA:215,8,1,0
BRDA:218,9,0,0
BRDA:218,9,1,0
BRDA:218,10,0,0
BRDA:218,10,1,0
BRDA:245,11,0,0
BRDA:245,11,1,0
BRF:26
BRH:0
end_of_record
TN:
SF:src/services/rips/rips2275Service.js
FN:12,(anonymous_0)
FN:80,(anonymous_1)
FN:102,(anonymous_2)
FN:146,(anonymous_3)
FN:259,(anonymous_4)
FN:268,(anonymous_5)
FN:270,(anonymous_6)
FN:284,(anonymous_7)
FN:340,(anonymous_8)
FN:541,(anonymous_9)
FN:557,(anonymous_10)
FN:648,(anonymous_11)
FN:657,(anonymous_12)
FN:677,(anonymous_13)
FN:702,(anonymous_14)
FN:742,mapConsultationService2275
FN:774,mapMedicationService2275
FN:802,mapProcedureService2275
FN:833,mapEmergencyService2275
FN:870,mapHospitalizationService2275
FN:905,mapNewbornService2275
FN:933,mapDescriptionService2275
FN:955,mapRecordToXml
FN:978,formatFieldValue
FNF:24
FNH:0
FNDA:0,(anonymous_0)
FNDA:0,(anonymous_1)
FNDA:0,(anonymous_2)
FNDA:0,(anonymous_3)
FNDA:0,(anonymous_4)
FNDA:0,(anonymous_5)
FNDA:0,(anonymous_6)
FNDA:0,(anonymous_7)
FNDA:0,(anonymous_8)
FNDA:0,(anonymous_9)
FNDA:0,(anonymous_10)
FNDA:0,(anonymous_11)
FNDA:0,(anonymous_12)
FNDA:0,(anonymous_13)
FNDA:0,(anonymous_14)
FNDA:0,mapConsultationService2275
FNDA:0,mapMedicationService2275
FNDA:0,mapProcedureService2275
FNDA:0,mapEmergencyService2275
FNDA:0,mapHospitalizationService2275
FNDA:0,mapNewbornService2275
FNDA:0,mapDescriptionService2275
FNDA:0,mapRecordToXml
FNDA:0,formatFieldValue
DA:1,0
DA:2,0
DA:7,0
DA:13,0
DA:81,0
DA:93,0
DA:104,0
DA:117,0
DA:123,0
DA:125,0
DA:143,0
DA:144,0
DA:146,0
DA:147,0
DA:151,0
DA:152,0
DA:178,0
DA:179,0
DA:181,0
DA:183,0
DA:184,0
DA:187,0
DA:188,0
DA:191,0
DA:192,0
DA:195,0
DA:196,0
DA:199,0
DA:200,0
DA:203,0
DA:204,0
DA:208,0
DA:215,0
DA:216,0
DA:228,0
DA:229,0
DA:230,0
DA:250,0
DA:260,0
DA:261,0
DA:265,0
DA:268,0
DA:270,0
DA:271,0
DA:272,0
DA:276,0
DA:286,0
DA:298,0
DA:299,0
DA:302,0
DA:303,0
DA:306,0
DA:307,0
DA:310,0
DA:311,0
DA:314,0
DA:315,0
DA:318,0
DA:319,0
DA:322,0
DA:323,0
DA:327,0
DA:332,0
DA:342,0
DA:533,0
DA:542,0
DA:543,0
DA:546,0
DA:547,0
DA:550,0
DA:551,0
DA:555,0
DA:557,0
DA:560,0
DA:561,0
DA:562,0
DA:563,0
DA:564,0
DA:570,0
DA:571,0
DA:572,0
DA:573,0
DA:574,0
DA:586,0
DA:587,0
DA:589,0
DA:590,0
DA:591,0
DA:592,0
DA:595,0
DA:596,0
DA:600,0
DA:601,0
DA:602,0
DA:603,0
DA:611,0
DA:612,0
DA:614,0
DA:615,0
DA:616,0
DA:617,0
DA:621,0
DA:622,0
DA:626,0
DA:627,0
DA:628,0
DA:629,0
DA:636,0
DA:651,0
DA:656,0
DA:657,0
DA:676,0
DA:677,0
DA:701,0
DA:702,0
DA:730,0
DA:743,0
DA:775,0
DA:803,0
DA:834,0
DA:871,0
DA:906,0
DA:934,0
DA:957,0
DA:962,0
DA:963,0
DA:964,0
DA:968,0
DA:979,0
DA:980,0
DA:983,0
DA:986,0
DA:990,0
DA:991,0
DA:993,0
DA:994,0
DA:996,0
DA:1002,0
DA:1006,0
LF:139
LH:0
BRDA:93,0,0,0
BRDA:93,0,1,0
BRDA:118,1,0,0
BRDA:118,1,1,0
BRDA:119,2,0,0
BRDA:119,2,1,0
BRDA:132,3,0,0
BRDA:132,3,1,0
BRDA:133,4,0,0
BRDA:133,4,1,0
BRDA:134,5,0,0
BRDA:134,5,1,0
BRDA:139,6,0,0
BRDA:139,6,1,0
BRDA:143,7,0,0
BRDA:143,7,1,0
BRDA:143,8,0,0
BRDA:143,8,1,0
BRDA:147,9,0,0
BRDA:147,9,1,0
BRDA:151,10,0,0
BRDA:151,10,1,0
BRDA:156,11,0,0
BRDA:156,11,1,0
BRDA:157,12,0,0
BRDA:157,12,1,0
BRDA:158,13,0,0
BRDA:158,13,1,0
BRDA:159,14,0,0
BRDA:159,14,1,0
BRDA:160,15,0,0
BRDA:160,15,1,0
BRDA:162,16,0,0
BRDA:162,16,1,0
BRDA:163,17,0,0
BRDA:163,17,1,0
BRDA:164,18,0,0
BRDA:164,18,1,0
BRDA:165,19,0,0
BRDA:165,19,1,0
BRDA:166,20,0,0
BRDA:166,20,1,0
BRDA:167,21,0,0
BRDA:167,21,1,0
BRDA:168,22,0,0
BRDA:168,22,1,0
BRDA:169,23,0,0
BRDA:169,23,1,0
BRDA:170,24,0,0
BRDA:170,24,1,0
BRDA:171,25,0,0
BRDA:171,25,1,0
BRDA:178,26,0,0
BRDA:178,26,1,0
BRDA:178,27,0,0
BRDA:178,27,1,0
BRDA:181,28,0,0
BRDA:181,28,1,0
BRDA:181,28,2,0
BRDA:181,28,3,0
BRDA:181,28,4,0
BRDA:181,28,5,0
BRDA:181,28,6,0
BRDA:215,29,0,0
BRDA:215,29,1,0
BRDA:229,30,0,0
BRDA:229,30,1,0
BRDA:260,31,0,0
BRDA:260,31,1,0
BRDA:260,32,0,0
BRDA:260,32,1,0
BRDA:271,33,0,0
BRDA:271,33,1,0
BRDA:298,34,0,0
BRDA:298,34,1,0
BRDA:298,35,0,0
BRDA:298,35,1,0
BRDA:302,36,0,0
BRDA:302,36,1,0
BRDA:302,37,0,0
BRDA:302,37,1,0
BRDA:306,38,0,0
BRDA:306,38,1,0
BRDA:306,39,0,0
BRDA:306,39,1,0
BRDA:310,40,0,0
BRDA:310,40,1,0
BRDA:310,41,0,0
BRDA:310,41,1,0
BRDA:314,42,0,0
BRDA:314,42,1,0
BRDA:314,43,0,0
BRDA:314,43,1,0
BRDA:318,44,0,0
BRDA:318,44,1,0
BRDA:318,45,0,0
BRDA:318,45,1,0
BRDA:322,46,0,0
BRDA:322,46,1,0
BRDA:322,47,0,0
BRDA:322,47,1,0
BRDA:533,48,0,0
BRDA:533,48,1,0
BRDA:546,49,0,0
BRDA:546,49,1,0
BRDA:546,50,0,0
BRDA:546,50,1,0
BRDA:550,51,0,0
BRDA:550,51,1,0
BRDA:550,52,0,0
BRDA:550,52,1,0
BRDA:555,53,0,0
BRDA:555,53,1,0
BRDA:555,54,0,0
BRDA:555,54,1,0
BRDA:555,54,2,0
BRDA:555,54,3,0
BRDA:560,55,0,0
BRDA:560,55,1,0
BRDA:560,56,0,0
BRDA:560,56,1,0
BRDA:563,57,0,0
BRDA:563,57,1,0
BRDA:570,58,0,0
BRDA:570,58,1,0
BRDA:570,59,0,0
BRDA:570,59,1,0
BRDA:573,60,0,0
BRDA:573,60,1,0
BRDA:586,61,0,0
BRDA:586,61,1,0
BRDA:586,62,0,0
BRDA:586,62,1,0
BRDA:589,63,0,0
BRDA:589,63,1,0
BRDA:591,64,0,0
BRDA:591,64,1,0
BRDA:595,65,0,0
BRDA:595,65,1,0
BRDA:600,66,0,0
BRDA:600,66,1,0
BRDA:602,67,0,0
BRDA:602,67,1,0
BRDA:611,68,0,0
BRDA:611,68,1,0
BRDA:611,69,0,0
BRDA:611,69,1,0
BRDA:614,70,0,0
BRDA:614,70,1,0
BRDA:616,71,0,0
BRDA:616,71,1,0
BRDA:621,72,0,0
BRDA:621,72,1,0
BRDA:626,73,0,0
BRDA:626,73,1,0
BRDA:628,74,0,0
BRDA:628,74,1,0
BRDA:656,75,0,0
BRDA:656,75,1,0
BRDA:656,76,0,0
BRDA:656,76,1,0
BRDA:669,77,0,0
BRDA:669,77,1,0
BRDA:676,78,0,0
BRDA:676,78,1,0
BRDA:676,79,0,0
BRDA:676,79,1,0
BRDA:681,80,0,0
BRDA:681,80,1,0
BRDA:682,81,0,0
BRDA:682,81,1,0
BRDA:683,82,0,0
BRDA:683,82,1,0
BRDA:684,83,0,0
BRDA:684,83,1,0
BRDA:685,84,0,0
BRDA:685,84,1,0
BRDA:688,85,0,0
BRDA:688,85,1,0
BRDA:689,86,0,0
BRDA:689,86,1,0
BRDA:690,87,0,0
BRDA:690,87,1,0
BRDA:691,88,0,0
BRDA:691,88,1,0
BRDA:692,89,0,0
BRDA:692,89,1,0
BRDA:701,90,0,0
BRDA:701,90,1,0
BRDA:701,91,0,0
BRDA:701,91,1,0
BRDA:709,92,0,0
BRDA:709,92,1,0
BRDA:710,93,0,0
BRDA:710,93,1,0
BRDA:713,94,0,0
BRDA:713,94,1,0
BRDA:714,95,0,0
BRDA:714,95,1,0
BRDA:715,96,0,0
BRDA:715,96,1,0
BRDA:716,97,0,0
BRDA:716,97,1,0
BRDA:717,98,0,0
BRDA:717,98,1,0
BRDA:718,99,0,0
BRDA:718,99,1,0
BRDA:719,100,0,0
BRDA:719,100,1,0
BRDA:721,101,0,0
BRDA:721,101,1,0
BRDA:722,102,0,0
BRDA:722,102,1,0
BRDA:723,103,0,0
BRDA:723,103,1,0
BRDA:723,104,0,0
BRDA:723,104,1,0
BRDA:745,105,0,0
BRDA:745,105,1,0
BRDA:746,106,0,0
BRDA:746,106,1,0
BRDA:750,107,0,0
BRDA:750,107,1,0
BRDA:751,108,0,0
BRDA:751,108,1,0
BRDA:753,109,0,0
BRDA:753,109,1,0
BRDA:754,110,0,0
BRDA:754,110,1,0
BRDA:755,111,0,0
BRDA:755,111,1,0
BRDA:756,112,0,0
BRDA:756,112,1,0
BRDA:757,113,0,0
BRDA:757,113,1,0
BRDA:758,114,0,0
BRDA:758,114,1,0
BRDA:759,115,0,0
BRDA:759,115,1,0
BRDA:760,116,0,0
BRDA:760,116,1,0
BRDA:761,117,0,0
BRDA:761,117,1,0
BRDA:762,118,0,0
BRDA:762,118,1,0
BRDA:763,119,0,0
BRDA:763,119,1,0
BRDA:764,120,0,0
BRDA:764,120,1,0
BRDA:764,121,0,0
BRDA:764,121,1,0
BRDA:777,122,0,0
BRDA:777,122,1,0
BRDA:778,123,0,0
BRDA:778,123,1,0
BRDA:781,124,0,0
BRDA:781,124,1,0
BRDA:784,125,0,0
BRDA:784,125,1,0
BRDA:785,126,0,0
BRDA:785,126,1,0
BRDA:786,127,0,0
BRDA:786,127,1,0
BRDA:787,128,0,0
BRDA:787,128,1,0
BRDA:788,129,0,0
BRDA:788,129,1,0
BRDA:789,130,0,0
BRDA:789,130,1,0
BRDA:790,131,0,0
BRDA:790,131,1,0
BRDA:791,132,0,0
BRDA:791,132,1,0
BRDA:792,133,0,0
BRDA:792,133,1,0
BRDA:805,134,0,0
BRDA:805,134,1,0
BRDA:806,135,0,0
BRDA:806,135,1,0
BRDA:810,136,0,0
BRDA:810,136,1,0
BRDA:811,137,0,0
BRDA:811,137,1,0
BRDA:813,138,0,0
BRDA:813,138,1,0
BRDA:814,139,0,0
BRDA:814,139,1,0
BRDA:815,140,0,0
BRDA:815,140,1,0
BRDA:816,141,0,0
BRDA:816,141,1,0
BRDA:817,142,0,0
BRDA:817,142,1,0
BRDA:818,143,0,0
BRDA:818,143,1,0
BRDA:819,144,0,0
BRDA:819,144,1,0
BRDA:820,145,0,0
BRDA:820,145,1,0
BRDA:821,146,0,0
BRDA:821,146,1,0
BRDA:822,147,0,0
BRDA:822,147,1,0
BRDA:823,148,0,0
BRDA:823,148,1,0
BRDA:823,149,0,0
BRDA:823,149,1,0
BRDA:836,150,0,0
BRDA:836,150,1,0
BRDA:837,151,0,0
BRDA:837,151,1,0
BRDA:841,152,0,0
BRDA:841,152,1,0
BRDA:842,153,0,0
BRDA:842,153,1,0
BRDA:843,154,0,0
BRDA:843,154,1,0
BRDA:844,155,0,0
BRDA:844,155,1,0
BRDA:845,156,0,0
BRDA:845,156,1,0
BRDA:846,157,0,0
BRDA:846,157,1,0
BRDA:847,158,0,0
BRDA:847,158,1,0
BRDA:849,159,0,0
BRDA:849,159,1,0
BRDA:850,160,0,0
BRDA:850,160,1,0
BRDA:851,161,0,0
BRDA:851,161,1,0
BRDA:852,162,0,0
BRDA:852,162,1,0
BRDA:853,163,0,0
BRDA:853,163,1,0
BRDA:854,164,0,0
BRDA:854,164,1,0
BRDA:855,165,0,0
BRDA:855,165,1,0
BRDA:856,166,0,0
BRDA:856,166,1,0
BRDA:857,167,0,0
BRDA:857,167,1,0
BRDA:858,168,0,0
BRDA:858,168,1,0
BRDA:859,169,0,0
BRDA:859,169,1,0
BRDA:860,170,0,0
BRDA:860,170,1,0
BRDA:873,171,0,0
BRDA:873,171,1,0
BRDA:874,172,0,0
BRDA:874,172,1,0
BRDA:877,173,0,0
BRDA:877,173,1,0
BRDA:879,174,0,0
BRDA:879,174,1,0
BRDA:880,175,0,0
BRDA:880,175,1,0
BRDA:881,176,0,0
BRDA:881,176,1,0
BRDA:882,177,0,0
BRDA:882,177,1,0
BRDA:883,178,0,0
BRDA:883,178,1,0
BRDA:884,179,0,0
BRDA:884,179,1,0
BRDA:886,180,0,0
BRDA:886,180,1,0
BRDA:887,181,0,0
BRDA:887,181,1,0
BRDA:888,182,0,0
BRDA:888,182,1,0
BRDA:889,183,0,0
BRDA:889,183,1,0
BRDA:890,184,0,0
BRDA:890,184,1,0
BRDA:891,185,0,0
BRDA:891,185,1,0
BRDA:892,186,0,0
BRDA:892,186,1,0
BRDA:893,187,0,0
BRDA:893,187,1,0
BRDA:894,188,0,0
BRDA:894,188,1,0
BRDA:895,189,0,0
BRDA:895,189,1,0
BRDA:908,190,0,0
BRDA:908,190,1,0
BRDA:909,191,0,0
BRDA:909,191,1,0
BRDA:913,192,0,0
BRDA:913,192,1,0
BRDA:914,193,0,0
BRDA:914,193,1,0
BRDA:915,194,0,0
BRDA:915,194,1,0
BRDA:916,195,0,0
BRDA:916,195,1,0
BRDA:917,196,0,0
BRDA:917,196,1,0
BRDA:918,197,0,0
BRDA:918,197,1,0
BRDA:919,198,0,0
BRDA:919,198,1,0
BRDA:920,199,0,0
BRDA:920,199,1,0
BRDA:921,200,0,0
BRDA:921,200,1,0
BRDA:922,201,0,0
BRDA:922,201,1,0
BRDA:923,202,0,0
BRDA:923,202,1,0
BRDA:936,203,0,0
BRDA:936,203,1,0
BRDA:937,204,0,0
BRDA:937,204,1,0
BRDA:941,205,0,0
BRDA:941,205,1,0
BRDA:943,206,0,0
BRDA:943,206,1,0
BRDA:944,207,0,0
BRDA:944,207,1,0
BRDA:945,208,0,0
BRDA:945,208,1,0
BRDA:946,209,0,0
BRDA:946,209,1,0
BRDA:963,210,0,0
BRDA:963,210,1,0
BRDA:979,211,0,0
BRDA:979,211,1,0
BRDA:979,212,0,0
BRDA:979,212,1,0
BRDA:983,213,0,0
BRDA:983,213,1,0
BRDA:983,213,2,0
BRDA:983,213,3,0
BRDA:990,214,0,0
BRDA:990,214,1,0
BRDA:990,215,0,0
BRDA:990,215,1,0
BRF:441
BRH:0
end_of_record
TN:
SF:src/services/rips/rips3374Service.js
FN:12,(anonymous_0)
FN:86,(anonymous_1)
FN:109,(anonymous_2)
FN:149,(anonymous_3)
FN:255,(anonymous_4)
FN:264,(anonymous_5)
FN:266,(anonymous_6)
FN:280,(anonymous_7)
FN:382,(anonymous_8)
FN:408,mapConsultationService
FN:435,mapProcedureService
FN:460,mapMedicationService
FN:484,mapEmergencyService
FN:516,mapHospitalizationService
FN:529,mapNewbornService
FN:542,mapOtherService
FN:564,formatFieldValue
FNF:17
FNH:0
FNDA:0,(anonymous_0)
FNDA:0,(anonymous_1)
FNDA:0,(anonymous_2)
FNDA:0,(anonymous_3)
FNDA:0,(anonymous_4)
FNDA:0,(anonymous_5)
FNDA:0,(anonymous_6)
FNDA:0,(anonymous_7)
FNDA:0,(anonymous_8)
FNDA:0,mapConsultationService
FNDA:0,mapProcedureService
FNDA:0,mapMedicationService
FNDA:0,mapEmergencyService
FNDA:0,mapHospitalizationService
FNDA:0,mapNewbornService
FNDA:0,mapOtherService
FNDA:0,formatFieldValue
DA:2,0
DA:7,0
DA:13,0
DA:87,0
DA:100,0
DA:111,0
DA:125,0
DA:131,0
DA:133,0
DA:146,0
DA:147,0
DA:149,0
DA:150,0
DA:154,0
DA:155,0
DA:176,0
DA:177,0
DA:179,0
DA:181,0
DA:182,0
DA:185,0
DA:186,0
DA:189,0
DA:190,0
DA:193,0
DA:194,0
DA:197,0
DA:198,0
DA:201,0
DA:202,0
DA:206,0
DA:215,0
DA:216,0
DA:229,0
DA:230,0
DA:231,0
DA:246,0
DA:256,0
DA:257,0
DA:261,0
DA:264,0
DA:266,0
DA:267,0
DA:268,0
DA:272,0
DA:282,0
DA:374,0
DA:383,0
DA:384,0
DA:392,0
DA:409,0
DA:436,0
DA:461,0
DA:485,0
DA:518,0
DA:531,0
DA:543,0
DA:565,0
DA:566,0
DA:569,0
DA:572,0
DA:576,0
DA:577,0
DA:579,0
DA:580,0
DA:582,0
DA:588,0
DA:592,0
LF:68
LH:0
BRDA:100,0,0,0
BRDA:100,0,1,0
BRDA:126,1,0,0
BRDA:126,1,1,0
BRDA:146,2,0,0
BRDA:146,2,1,0
BRDA:146,3,0,0
BRDA:146,3,1,0
BRDA:150,4,0,0
BRDA:150,4,1,0
BRDA:154,5,0,0
BRDA:154,5,1,0
BRDA:159,6,0,0
BRDA:159,6,1,0
BRDA:160,7,0,0
BRDA:160,7,1,0
BRDA:161,8,0,0
BRDA:161,8,1,0
BRDA:162,9,0,0
BRDA:162,9,1,0
BRDA:163,10,0,0
BRDA:163,10,1,0
BRDA:164,11,0,0
BRDA:164,11,1,0
BRDA:165,12,0,0
BRDA:165,12,1,0
BRDA:166,13,0,0
BRDA:166,13,1,0
BRDA:167,14,0,0
BRDA:167,14,1,0
BRDA:168,15,0,0
BRDA:168,15,1,0
BRDA:169,16,0,0
BRDA:169,16,1,0
BRDA:176,17,0,0
BRDA:176,17,1,0
BRDA:176,18,0,0
BRDA:176,18,1,0
BRDA:179,19,0,0
BRDA:179,19,1,0
BRDA:179,19,2,0
BRDA:179,19,3,0
BRDA:179,19,4,0
BRDA:179,19,5,0
BRDA:179,19,6,0
BRDA:215,20,0,0
BRDA:215,20,1,0
BRDA:230,21,0,0
BRDA:230,21,1,0
BRDA:256,22,0,0
BRDA:256,22,1,0
BRDA:256,23,0,0
BRDA:256,23,1,0
BRDA:267,24,0,0
BRDA:267,24,1,0
BRDA:374,25,0,0
BRDA:374,25,1,0
BRDA:411,26,0,0
BRDA:411,26,1,0
BRDA:416,27,0,0
BRDA:416,27,1,0
BRDA:417,28,0,0
BRDA:417,28,1,0
BRDA:418,29,0,0
BRDA:418,29,1,0
BRDA:419,30,0,0
BRDA:419,30,1,0
BRDA:420,31,0,0
BRDA:420,31,1,0
BRDA:421,32,0,0
BRDA:421,32,1,0
BRDA:422,33,0,0
BRDA:422,33,1,0
BRDA:423,34,0,0
BRDA:423,34,1,0
BRDA:424,35,0,0
BRDA:424,35,1,0
BRDA:425,36,0,0
BRDA:425,36,1,0
BRDA:425,37,0,0
BRDA:425,37,1,0
BRDA:438,38,0,0
BRDA:438,38,1,0
BRDA:443,39,0,0
BRDA:443,39,1,0
BRDA:444,40,0,0
BRDA:444,40,1,0
BRDA:445,41,0,0
BRDA:445,41,1,0
BRDA:446,42,0,0
BRDA:446,42,1,0
BRDA:447,43,0,0
BRDA:447,43,1,0
BRDA:448,44,0,0
BRDA:448,44,1,0
BRDA:449,45,0,0
BRDA:449,45,1,0
BRDA:450,46,0,0
BRDA:450,46,1,0
BRDA:463,47,0,0
BRDA:463,47,1,0
BRDA:467,48,0,0
BRDA:467,48,1,0
BRDA:468,49,0,0
BRDA:468,49,1,0
BRDA:469,50,0,0
BRDA:469,50,1,0
BRDA:470,51,0,0
BRDA:470,51,1,0
BRDA:471,52,0,0
BRDA:471,52,1,0
BRDA:472,53,0,0
BRDA:472,53,1,0
BRDA:473,54,0,0
BRDA:473,54,1,0
BRDA:474,55,0,0
BRDA:474,55,1,0
BRDA:488,56,0,0
BRDA:488,56,1,0
BRDA:493,57,0,0
BRDA:493,57,1,0
BRDA:494,58,0,0
BRDA:494,58,1,0
BRDA:495,59,0,0
BRDA:495,59,1,0
BRDA:496,60,0,0
BRDA:496,60,1,0
BRDA:497,61,0,0
BRDA:497,61,1,0
BRDA:500,62,0,0
BRDA:500,62,1,0
BRDA:501,63,0,0
BRDA:501,63,1,0
BRDA:502,64,0,0
BRDA:502,64,1,0
BRDA:503,65,0,0
BRDA:503,65,1,0
BRDA:504,66,0,0
BRDA:504,66,1,0
BRDA:505,67,0,0
BRDA:505,67,1,0
BRDA:506,68,0,0
BRDA:506,68,1,0
BRDA:545,69,0,0
BRDA:545,69,1,0
BRDA:550,70,0,0
BRDA:550,70,1,0
BRDA:551,71,0,0
BRDA:551,71,1,0
BRDA:552,72,0,0
BRDA:552,72,1,0
BRDA:553,73,0,0
BRDA:553,73,1,0
BRDA:565,74,0,0
BRDA:565,74,1,0
BRDA:565,75,0,0
BRDA:565,75,1,0
BRDA:569,76,0,0
BRDA:569,76,1,0
BRDA:569,76,2,0
BRDA:569,76,3,0
BRDA:576,77,0,0
BRDA:576,77,1,0
BRDA:576,78,0,0
BRDA:576,78,1,0
BRF:165
BRH:0
end_of_record
TN:
SF:src/utils/logger.js
FN:31,(anonymous_0)
FN:43,(anonymous_1)
FN:58,(anonymous_2)
FN:66,(anonymous_3)
FN:85,(anonymous_4)
FNF:5
FNH:0
FNDA:0,(anonymous_0)
FNDA:0,(anonymous_1)
FNDA:0,(anonymous_2)
FNDA:0,(anonymous_3)
FNDA:0,(anonymous_4)
DA:2,1
DA:3,1
DA:4,1
DA:7,1
DA:15,1
DA:27,1
DA:28,1
DA:32,0
DA:33,0
DA:34,0
DA:35,0
DA:36,0
DA:43,1
DA:44,0
DA:58,1
DA:59,0
DA:66,1
DA:67,0
DA:74,0
DA:75,0
DA:76,0
DA:77,0
DA:78,0
DA:79,0
DA:82,0
DA:85,1
DA:86,0
DA:94,1
LF:28
LH:12
BRDA:16,0,0,0
BRDA:16,0,1,1
BRDA:27,1,0,1
BRDA:27,1,1,0
BRDA:34,2,0,0
BRDA:34,2,1,0
BRDA:35,3,0,0
BRDA:35,3,1,0
BRDA:43,4,0,0
BRDA:58,5,0,0
BRDA:66,6,0,0
BRDA:66,7,0,0
BRDA:74,8,0,0
BRDA:74,8,1,0
BRDA:85,9,0,0
BRF:15
BRH:2
end_of_record
TN:
SF:src/utils/performanceMonitor.js
FN:12,measurePerformance
FN:36,withPerformanceLogging
FN:37,(anonymous_2)
FN:39,(anonymous_3)
FN:41,(anonymous_4)
FNF:5
FNH:0
FNDA:0,measurePerformance
FNDA:0,withPerformanceLogging
FNDA:0,(anonymous_2)
FNDA:0,(anonymous_3)
FNDA:0,(anonymous_4)
DA:2,0
DA:13,0
DA:15,0
DA:16,0
DA:18,0
DA:19,0
DA:21,0
DA:23,0
DA:25,0
DA:31,0
DA:37,0
DA:38,0
DA:39,0
DA:41,0
DA:46,0
LF:15
LH:0
BRDA:12,0,0,0
BRDA:41,1,0,0
BRDA:41,1,1,0
BRF:3
BRH:0
end_of_record
